TpTrace Verbose: 0 : 10468, 1, 2021/04/25, 09:10:03.444, 1007454977581, vstest.console.dll, Version: 16.8.3
TpTrace Information: 0 : 10468, 1, 2021/04/25, 09:10:03.496, 1007455350076, vstest.console.dll, FilePatternParser: The given file C:\Users\julian.henao\Desktop\RegistroVotantes\RegistroVotantes\RegistroVotantes.Domain.Tests\bin\Debug\netcoreapp3.0\fine-code-coverage\build-output\RegistroVotantes.Domain.Tests.dll is a full path.
TpTrace Verbose: 0 : 10468, 1, 2021/04/25, 09:10:03.519, 1007455578824, vstest.console.dll, TestPluginCache.DiscoverTestExtensions: finding test extensions in assemblies ends with: RuntimeProvider.dll TPluginInfo: Microsoft.VisualStudio.TestPlatform.Common.ExtensionFramework.Utilities.TestRuntimePluginInformation TExtension: Microsoft.VisualStudio.TestPlatform.ObjectModel.Host.ITestRuntimeProvider
TpTrace Verbose: 0 : 10468, 1, 2021/04/25, 09:10:03.522, 1007455609198, vstest.console.dll, TestPluginCache.GetExtensionPaths: Filtered extension paths: 
TpTrace Verbose: 0 : 10468, 1, 2021/04/25, 09:10:03.522, 1007455613312, vstest.console.dll, TestPluginCache.GetExtensionPaths: Added default extension paths: C:\Program Files\dotnet\sdk\5.0.104\Extensions\Microsoft.Diagnostics.NETCore.Client.dll
C:\Program Files\dotnet\sdk\5.0.104\Extensions\Microsoft.TestPlatform.Extensions.BlameDataCollector.dll
C:\Program Files\dotnet\sdk\5.0.104\Extensions\Microsoft.TestPlatform.Extensions.EventLogCollector.dll
C:\Program Files\dotnet\sdk\5.0.104\Extensions\Microsoft.TestPlatform.TestHostRuntimeProvider.dll
C:\Program Files\dotnet\sdk\5.0.104\Extensions\Microsoft.VisualStudio.TestPlatform.Extensions.Html.TestLogger.dll
C:\Program Files\dotnet\sdk\5.0.104\Extensions\Microsoft.VisualStudio.TestPlatform.Extensions.Trx.TestLogger.dll
TpTrace Verbose: 0 : 10468, 1, 2021/04/25, 09:10:03.522, 1007455616498, vstest.console.dll, TestPluginCache.GetExtensionPaths: Added unfilterableExtensionPaths: 
TpTrace Information: 0 : 10468, 1, 2021/04/25, 09:10:03.525, 1007455638129, vstest.console.dll, AssemblyResolver.ctor: Creating AssemblyResolver with searchDirectories C:\Program Files\dotnet\sdk\5.0.104\Extensions,C:\Program Files\dotnet\sdk\5.0.104
TpTrace Verbose: 0 : 10468, 1, 2021/04/25, 09:10:03.529, 1007455677765, vstest.console.dll, TestPluginCache.DiscoverTestExtensions: Discovering the extensions using extension path.
TpTrace Verbose: 0 : 10468, 1, 2021/04/25, 09:10:03.529, 1007455682398, vstest.console.dll, TestPluginCache.GetExtensionPaths: Filtered extension paths: 
TpTrace Verbose: 0 : 10468, 1, 2021/04/25, 09:10:03.529, 1007455685286, vstest.console.dll, TestPluginCache.GetExtensionPaths: Added default extension paths: C:\Program Files\dotnet\sdk\5.0.104\Extensions\Microsoft.Diagnostics.NETCore.Client.dll
C:\Program Files\dotnet\sdk\5.0.104\Extensions\Microsoft.TestPlatform.Extensions.BlameDataCollector.dll
C:\Program Files\dotnet\sdk\5.0.104\Extensions\Microsoft.TestPlatform.Extensions.EventLogCollector.dll
C:\Program Files\dotnet\sdk\5.0.104\Extensions\Microsoft.TestPlatform.TestHostRuntimeProvider.dll
C:\Program Files\dotnet\sdk\5.0.104\Extensions\Microsoft.VisualStudio.TestPlatform.Extensions.Html.TestLogger.dll
C:\Program Files\dotnet\sdk\5.0.104\Extensions\Microsoft.VisualStudio.TestPlatform.Extensions.Trx.TestLogger.dll
TpTrace Verbose: 0 : 10468, 1, 2021/04/25, 09:10:03.529, 1007455687091, vstest.console.dll, TestPluginCache.GetExtensionPaths: Added unfilterableExtensionPaths: 
TpTrace Verbose: 0 : 10468, 1, 2021/04/25, 09:10:03.530, 1007455691289, vstest.console.dll, TestPluginCache.DiscoverTestExtensions: Discovering the extensions using allExtensionPaths: C:\Program Files\dotnet\sdk\5.0.104\Extensions\Microsoft.Diagnostics.NETCore.Client.dll
C:\Program Files\dotnet\sdk\5.0.104\Extensions\Microsoft.TestPlatform.Extensions.BlameDataCollector.dll
C:\Program Files\dotnet\sdk\5.0.104\Extensions\Microsoft.TestPlatform.Extensions.EventLogCollector.dll
C:\Program Files\dotnet\sdk\5.0.104\Extensions\Microsoft.TestPlatform.TestHostRuntimeProvider.dll
C:\Program Files\dotnet\sdk\5.0.104\Extensions\Microsoft.VisualStudio.TestPlatform.Extensions.Html.TestLogger.dll
C:\Program Files\dotnet\sdk\5.0.104\Extensions\Microsoft.VisualStudio.TestPlatform.Extensions.Trx.TestLogger.dll
TpTrace Information: 0 : 10468, 1, 2021/04/25, 09:10:03.531, 1007455698289, vstest.console.dll, AssemblyResolver.AddSearchDirectories: Adding more searchDirectories C:\Program Files\dotnet\sdk\5.0.104\Extensions,C:\Program Files\dotnet\sdk\5.0.104
TpTrace Information: 0 : 10468, 1, 2021/04/25, 09:10:03.532, 1007455710725, vstest.console.dll, AssemblyResolver.AddSearchDirectories: Adding more searchDirectories C:\Program Files\dotnet\sdk\5.0.104\Extensions,C:\Program Files\dotnet\sdk\5.0.104
TpTrace Information: 0 : 10468, 1, 2021/04/25, 09:10:03.532, 1007455713531, vstest.console.dll, AssemblyResolver.AddSearchDirectories: Adding more searchDirectories C:\Program Files\dotnet\sdk\5.0.104\Extensions,C:\Program Files\dotnet\sdk\5.0.104
TpTrace Information: 0 : 10468, 1, 2021/04/25, 09:10:03.532, 1007455715820, vstest.console.dll, AssemblyResolver.AddSearchDirectories: Adding more searchDirectories C:\Program Files\dotnet\sdk\5.0.104\Extensions,C:\Program Files\dotnet\sdk\5.0.104
TpTrace Information: 0 : 10468, 1, 2021/04/25, 09:10:03.533, 1007455718060, vstest.console.dll, AssemblyResolver.AddSearchDirectories: Adding more searchDirectories C:\Program Files\dotnet\sdk\5.0.104\Extensions,C:\Program Files\dotnet\sdk\5.0.104
TpTrace Information: 0 : 10468, 1, 2021/04/25, 09:10:03.533, 1007455720115, vstest.console.dll, AssemblyResolver.AddSearchDirectories: Adding more searchDirectories C:\Program Files\dotnet\sdk\5.0.104\Extensions,C:\Program Files\dotnet\sdk\5.0.104
TpTrace Information: 0 : 10468, 1, 2021/04/25, 09:10:03.534, 1007455729431, vstest.console.dll, AssemblyResolver.OnResolve: Microsoft.Diagnostics.NETCore.Client: Resolving assembly.
TpTrace Information: 0 : 10468, 1, 2021/04/25, 09:10:03.539, 1007455778648, vstest.console.dll, AssemblyResolver.OnResolve: Resolved assembly: Microsoft.Diagnostics.NETCore.Client, from path: C:\Program Files\dotnet\sdk\5.0.104\Extensions\Microsoft.Diagnostics.NETCore.Client.dll
TpTrace Information: 0 : 10468, 1, 2021/04/25, 09:10:03.551, 1007455903402, vstest.console.dll, AssemblyResolver.OnResolve: Microsoft.Bcl.AsyncInterfaces: Resolving assembly.
TpTrace Information: 0 : 10468, 1, 2021/04/25, 09:10:03.552, 1007455911471, vstest.console.dll, AssemblyResolver.OnResolve: Microsoft.Bcl.AsyncInterfaces: Failed to load assembly.
TpTrace Verbose: 0 : 10468, 1, 2021/04/25, 09:10:03.552, 1007455915063, vstest.console.dll, CurrentDomain_AssemblyResolve: Resolving assembly 'Microsoft.Bcl.AsyncInterfaces'.
TpTrace Information: 0 : 10468, 1, 2021/04/25, 09:10:03.553, 1007455918386, vstest.console.dll, AssemblyResolver.OnResolve: Microsoft.Bcl.AsyncInterfaces: Resolving assembly.
TpTrace Information: 0 : 10468, 1, 2021/04/25, 09:10:03.553, 1007455920604, vstest.console.dll, AssemblyResolver.OnResolve: Microsoft.Bcl.AsyncInterfaces: Resolved from cache.
TpTrace Verbose: 0 : 10468, 1, 2021/04/25, 09:10:03.553, 1007455923140, vstest.console.dll, CurrentDomain_AssemblyResolve: Resolving assembly 'Microsoft.Bcl.AsyncInterfaces'.
TpTrace Verbose: 0 : 10468, 1, 2021/04/25, 09:10:03.553, 1007455925818, vstest.console.dll, CurrentDomainAssemblyResolve: Failed to resolve assembly 'Microsoft.Bcl.AsyncInterfaces'.
TpTrace Verbose: 0 : 10468, 1, 2021/04/25, 09:10:03.557, 1007455966645, vstest.console.dll, CurrentDomainAssemblyResolve: Failed to resolve assembly 'Microsoft.Bcl.AsyncInterfaces'.
TpTrace Warning: 0 : 10468, 1, 2021/04/25, 09:10:03.618, 1007456570561, vstest.console.dll, TestPluginDiscoverer: Failed to get types from assembly 'Microsoft.Diagnostics.NETCore.Client, Version=0.2.2.41902, Culture=neutral, PublicKeyToken=31bf3856ad364e35'.  Skipping test extension scan for this assembly.  Error: System.Reflection.ReflectionTypeLoadException: Unable to load one or more of the requested types.
Could not load file or assembly 'Microsoft.Bcl.AsyncInterfaces, Version=1.0.0.0, Culture=neutral, PublicKeyToken=cc7b13ffcd2ddd51'. El sistema no puede encontrar el archivo especificado.
   at System.Reflection.RuntimeModule.GetTypes(RuntimeModule module)
   at System.Reflection.RuntimeModule.GetTypes()
   at System.Reflection.Assembly.GetTypes()
   at Microsoft.VisualStudio.TestPlatform.Common.ExtensionFramework.TestPluginDiscoverer.GetTestExtensionsFromAssembly[TPluginInfo,TExtension](Assembly assembly, Dictionary`2 pluginInfos)
System.IO.FileNotFoundException: Could not load file or assembly 'Microsoft.Bcl.AsyncInterfaces, Version=1.0.0.0, Culture=neutral, PublicKeyToken=cc7b13ffcd2ddd51'. El sistema no puede encontrar el archivo especificado.
File name: 'Microsoft.Bcl.AsyncInterfaces, Version=1.0.0.0, Culture=neutral, PublicKeyToken=cc7b13ffcd2ddd51'
TpTrace Warning: 0 : 10468, 1, 2021/04/25, 09:10:03.618, 1007456577175, vstest.console.dll, LoaderExceptions: System.IO.FileNotFoundException: Could not load file or assembly 'Microsoft.Bcl.AsyncInterfaces, Version=1.0.0.0, Culture=neutral, PublicKeyToken=cc7b13ffcd2ddd51'. El sistema no puede encontrar el archivo especificado.
File name: 'Microsoft.Bcl.AsyncInterfaces, Version=1.0.0.0, Culture=neutral, PublicKeyToken=cc7b13ffcd2ddd51'
TpTrace Information: 0 : 10468, 1, 2021/04/25, 09:10:03.619, 1007456580781, vstest.console.dll, AssemblyResolver.OnResolve: Microsoft.TestPlatform.Extensions.BlameDataCollector: Resolving assembly.
TpTrace Information: 0 : 10468, 1, 2021/04/25, 09:10:03.624, 1007456630134, vstest.console.dll, AssemblyResolver.OnResolve: Resolved assembly: Microsoft.TestPlatform.Extensions.BlameDataCollector, from path: C:\Program Files\dotnet\sdk\5.0.104\Extensions\Microsoft.TestPlatform.Extensions.BlameDataCollector.dll
TpTrace Information: 0 : 10468, 1, 2021/04/25, 09:10:03.626, 1007456651796, vstest.console.dll, AssemblyResolver.OnResolve: Microsoft.TestPlatform.Extensions.EventLogCollector: Resolving assembly.
TpTrace Information: 0 : 10468, 1, 2021/04/25, 09:10:03.631, 1007456700383, vstest.console.dll, AssemblyResolver.OnResolve: Resolved assembly: Microsoft.TestPlatform.Extensions.EventLogCollector, from path: C:\Program Files\dotnet\sdk\5.0.104\Extensions\Microsoft.TestPlatform.Extensions.EventLogCollector.dll
TpTrace Information: 0 : 10468, 1, 2021/04/25, 09:10:03.638, 1007456776651, vstest.console.dll, AssemblyResolver.OnResolve: Microsoft.TestPlatform.TestHostRuntimeProvider: Resolving assembly.
TpTrace Information: 0 : 10468, 1, 2021/04/25, 09:10:03.644, 1007456834284, vstest.console.dll, AssemblyResolver.OnResolve: Resolved assembly: Microsoft.TestPlatform.TestHostRuntimeProvider, from path: C:\Program Files\dotnet\sdk\5.0.104\Extensions\Microsoft.TestPlatform.TestHostRuntimeProvider.dll
TpTrace Information: 0 : 10468, 1, 2021/04/25, 09:10:03.649, 1007456878177, vstest.console.dll, AssemblyResolver.OnResolve: Microsoft.VisualStudio.TestPlatform.Extensions.Html.TestLogger: Resolving assembly.
TpTrace Information: 0 : 10468, 1, 2021/04/25, 09:10:03.657, 1007456963950, vstest.console.dll, AssemblyResolver.OnResolve: Resolved assembly: Microsoft.VisualStudio.TestPlatform.Extensions.Html.TestLogger, from path: C:\Program Files\dotnet\sdk\5.0.104\Extensions\Microsoft.VisualStudio.TestPlatform.Extensions.Html.TestLogger.dll
TpTrace Information: 0 : 10468, 1, 2021/04/25, 09:10:03.659, 1007456986404, vstest.console.dll, AssemblyResolver.OnResolve: Microsoft.VisualStudio.TestPlatform.Extensions.Trx.TestLogger: Resolving assembly.
TpTrace Information: 0 : 10468, 1, 2021/04/25, 09:10:03.666, 1007457056659, vstest.console.dll, AssemblyResolver.OnResolve: Resolved assembly: Microsoft.VisualStudio.TestPlatform.Extensions.Trx.TestLogger, from path: C:\Program Files\dotnet\sdk\5.0.104\Extensions\Microsoft.VisualStudio.TestPlatform.Extensions.Trx.TestLogger.dll
TpTrace Verbose: 0 : 10468, 1, 2021/04/25, 09:10:03.671, 1007457102192, vstest.console.dll, TestPluginCache: Discovered the extensions using extension path ''.
TpTrace Verbose: 0 : 10468, 1, 2021/04/25, 09:10:03.672, 1007457109253, vstest.console.dll, TestPluginCache: Discoverers are ''.
TpTrace Verbose: 0 : 10468, 1, 2021/04/25, 09:10:03.672, 1007457113627, vstest.console.dll, TestPluginCache: Executors are ''.
TpTrace Verbose: 0 : 10468, 1, 2021/04/25, 09:10:03.672, 1007457116263, vstest.console.dll, TestPluginCache: Executors2 are ''.
TpTrace Verbose: 0 : 10468, 1, 2021/04/25, 09:10:03.673, 1007457120635, vstest.console.dll, TestPluginCache: Setting providers are ''.
TpTrace Verbose: 0 : 10468, 1, 2021/04/25, 09:10:03.673, 1007457123815, vstest.console.dll, TestPluginCache: Loggers are ''.
TpTrace Information: 0 : 10468, 1, 2021/04/25, 09:10:03.688, 1007457273949, vstest.console.dll, RunTestsArgumentProcessor:Execute: Test run is starting.
TpTrace Verbose: 0 : 10468, 1, 2021/04/25, 09:10:03.688, 1007457276759, vstest.console.dll, RunTestsArgumentProcessor:Execute: Queuing Test run.
TpTrace Information: 0 : 10468, 1, 2021/04/25, 09:10:03.689, 1007457281616, vstest.console.dll, TestRequestManager.RunTests: run tests started.
TpTrace Information: 0 : 10468, 1, 2021/04/25, 09:10:03.699, 1007457382468, vstest.console.dll, AssemblyMetadataProvider.GetFrameWork: Determined framework:'.NETCoreApp,Version=v3.0' for source: 'C:\Users\julian.henao\Desktop\RegistroVotantes\RegistroVotantes\RegistroVotantes.Domain.Tests\bin\Debug\netcoreapp3.0\fine-code-coverage\build-output\RegistroVotantes.Domain.Tests.dll'
TpTrace Information: 0 : 10468, 1, 2021/04/25, 09:10:03.700, 1007457387764, vstest.console.dll, Determined framework for all sources: .NETCoreApp,Version=v3.0
TpTrace Information: 0 : 10468, 1, 2021/04/25, 09:10:03.702, 1007457416920, vstest.console.dll, AssemblyMetadataProvider.GetArchitecture: Determined architecture:AnyCPU info for assembly: C:\Users\julian.henao\Desktop\RegistroVotantes\RegistroVotantes\RegistroVotantes.Domain.Tests\bin\Debug\netcoreapp3.0\fine-code-coverage\build-output\RegistroVotantes.Domain.Tests.dll
TpTrace Information: 0 : 10468, 1, 2021/04/25, 09:10:03.708, 1007457468020, vstest.console.dll, Determined platform for all sources: X64
TpTrace Information: 0 : 10468, 1, 2021/04/25, 09:10:03.715, 1007457542701, vstest.console.dll, Compatible sources list : 
TpTrace Information: 0 : 10468, 1, 2021/04/25, 09:10:03.715, 1007457546251, vstest.console.dll, C:\Users\julian.henao\Desktop\RegistroVotantes\RegistroVotantes\RegistroVotantes.Domain.Tests\bin\Debug\netcoreapp3.0\fine-code-coverage\build-output\RegistroVotantes.Domain.Tests.dll
TpTrace Information: 0 : 10468, 1, 2021/04/25, 09:10:03.724, 1007457628034, vstest.console.dll, InferRunSettingsHelper.IsTestSettingsEnabled: Unable to navigate to RunSettings/MSTest. Current node: RunSettings
TpTrace Information: 0 : 10468, 1, 2021/04/25, 09:10:03.726, 1007457647679, vstest.console.dll, AssemblyResolver.OnResolve: Microsoft.VisualStudio.TestPlatform.Fakes: Resolving assembly.
TpTrace Information: 0 : 10468, 1, 2021/04/25, 09:10:03.726, 1007457655908, vstest.console.dll, AssemblyResolver.OnResolve: Microsoft.VisualStudio.TestPlatform.Fakes: Failed to load assembly.
TpTrace Information: 0 : 10468, 1, 2021/04/25, 09:10:03.727, 1007457666732, vstest.console.dll, Failed to create newly implemented Fakes Configurator. Reason:System.IO.FileNotFoundException: Could not load file or assembly 'Microsoft.VisualStudio.TestPlatform.Fakes, Version=16.0.0.0, Culture=neutral, PublicKeyToken=null'. El sistema no puede encontrar el archivo especificado.
File name: 'Microsoft.VisualStudio.TestPlatform.Fakes, Version=16.0.0.0, Culture=neutral, PublicKeyToken=null'
   at System.Reflection.RuntimeAssembly.InternalLoad(ObjectHandleOnStack assemblyName, ObjectHandleOnStack requestingAssembly, StackCrawlMarkHandle stackMark, Boolean throwOnFileNotFound, ObjectHandleOnStack assemblyLoadContext, ObjectHandleOnStack retAssembly)
   at System.Reflection.RuntimeAssembly.InternalLoad(AssemblyName assemblyName, RuntimeAssembly requestingAssembly, StackCrawlMark& stackMark, Boolean throwOnFileNotFound, AssemblyLoadContext assemblyLoadContext)
   at System.Reflection.Assembly.Load(String assemblyString)
   at Microsoft.VisualStudio.TestPlatform.Common.Utilities.FakesUtilities.TryGetFakesCrossPlatformDataCollectorConfigurator() 
TpTrace Verbose: 0 : 10468, 1, 2021/04/25, 09:10:03.739, 1007457784705, vstest.console.dll, TestPluginCache.DiscoverTestExtensions: finding test extensions in assemblies ends with: TestLogger.dll TPluginInfo: Microsoft.VisualStudio.TestPlatform.Common.ExtensionFramework.Utilities.TestLoggerPluginInformation TExtension: Microsoft.VisualStudio.TestPlatform.ObjectModel.Client.ITestLogger
TpTrace Verbose: 0 : 10468, 1, 2021/04/25, 09:10:03.740, 1007457787892, vstest.console.dll, TestPluginCache.GetExtensionPaths: Filtered extension paths: 
TpTrace Verbose: 0 : 10468, 1, 2021/04/25, 09:10:03.740, 1007457790245, vstest.console.dll, TestPluginCache.GetExtensionPaths: Added default extension paths: C:\Program Files\dotnet\sdk\5.0.104\Extensions\Microsoft.Diagnostics.NETCore.Client.dll
C:\Program Files\dotnet\sdk\5.0.104\Extensions\Microsoft.TestPlatform.Extensions.BlameDataCollector.dll
C:\Program Files\dotnet\sdk\5.0.104\Extensions\Microsoft.TestPlatform.Extensions.EventLogCollector.dll
C:\Program Files\dotnet\sdk\5.0.104\Extensions\Microsoft.TestPlatform.TestHostRuntimeProvider.dll
C:\Program Files\dotnet\sdk\5.0.104\Extensions\Microsoft.VisualStudio.TestPlatform.Extensions.Html.TestLogger.dll
C:\Program Files\dotnet\sdk\5.0.104\Extensions\Microsoft.VisualStudio.TestPlatform.Extensions.Trx.TestLogger.dll
TpTrace Verbose: 0 : 10468, 1, 2021/04/25, 09:10:03.740, 1007457792595, vstest.console.dll, TestPluginCache.GetExtensionPaths: Added unfilterableExtensionPaths: 
TpTrace Information: 0 : 10468, 1, 2021/04/25, 09:10:03.740, 1007457797242, vstest.console.dll, AssemblyResolver.AddSearchDirectories: Adding more searchDirectories C:\Program Files\dotnet\sdk\5.0.104\Extensions,C:\Program Files\dotnet\sdk\5.0.104
TpTrace Verbose: 0 : 10468, 1, 2021/04/25, 09:10:03.741, 1007457799869, vstest.console.dll, TestPluginCache.DiscoverTestExtensions: Discovering the extensions using extension path.
TpTrace Verbose: 0 : 10468, 1, 2021/04/25, 09:10:03.741, 1007457801999, vstest.console.dll, TestPluginCache.GetExtensionPaths: Filtered extension paths: 
TpTrace Verbose: 0 : 10468, 1, 2021/04/25, 09:10:03.741, 1007457804177, vstest.console.dll, TestPluginCache.GetExtensionPaths: Added default extension paths: C:\Program Files\dotnet\sdk\5.0.104\Extensions\Microsoft.Diagnostics.NETCore.Client.dll
C:\Program Files\dotnet\sdk\5.0.104\Extensions\Microsoft.TestPlatform.Extensions.BlameDataCollector.dll
C:\Program Files\dotnet\sdk\5.0.104\Extensions\Microsoft.TestPlatform.Extensions.EventLogCollector.dll
C:\Program Files\dotnet\sdk\5.0.104\Extensions\Microsoft.TestPlatform.TestHostRuntimeProvider.dll
C:\Program Files\dotnet\sdk\5.0.104\Extensions\Microsoft.VisualStudio.TestPlatform.Extensions.Html.TestLogger.dll
C:\Program Files\dotnet\sdk\5.0.104\Extensions\Microsoft.VisualStudio.TestPlatform.Extensions.Trx.TestLogger.dll
TpTrace Verbose: 0 : 10468, 1, 2021/04/25, 09:10:03.741, 1007457806569, vstest.console.dll, TestPluginCache.GetExtensionPaths: Added unfilterableExtensionPaths: 
TpTrace Verbose: 0 : 10468, 1, 2021/04/25, 09:10:03.742, 1007457808708, vstest.console.dll, TestPluginCache.DiscoverTestExtensions: Discovering the extensions using allExtensionPaths: C:\Program Files\dotnet\sdk\5.0.104\Extensions\Microsoft.Diagnostics.NETCore.Client.dll
C:\Program Files\dotnet\sdk\5.0.104\Extensions\Microsoft.TestPlatform.Extensions.BlameDataCollector.dll
C:\Program Files\dotnet\sdk\5.0.104\Extensions\Microsoft.TestPlatform.Extensions.EventLogCollector.dll
C:\Program Files\dotnet\sdk\5.0.104\Extensions\Microsoft.TestPlatform.TestHostRuntimeProvider.dll
C:\Program Files\dotnet\sdk\5.0.104\Extensions\Microsoft.VisualStudio.TestPlatform.Extensions.Html.TestLogger.dll
C:\Program Files\dotnet\sdk\5.0.104\Extensions\Microsoft.VisualStudio.TestPlatform.Extensions.Trx.TestLogger.dll
TpTrace Information: 0 : 10468, 1, 2021/04/25, 09:10:03.742, 1007457811371, vstest.console.dll, AssemblyResolver.AddSearchDirectories: Adding more searchDirectories C:\Program Files\dotnet\sdk\5.0.104\Extensions,C:\Program Files\dotnet\sdk\5.0.104
TpTrace Information: 0 : 10468, 1, 2021/04/25, 09:10:03.742, 1007457813840, vstest.console.dll, AssemblyResolver.AddSearchDirectories: Adding more searchDirectories C:\Program Files\dotnet\sdk\5.0.104\Extensions,C:\Program Files\dotnet\sdk\5.0.104
TpTrace Information: 0 : 10468, 1, 2021/04/25, 09:10:03.742, 1007457816158, vstest.console.dll, AssemblyResolver.AddSearchDirectories: Adding more searchDirectories C:\Program Files\dotnet\sdk\5.0.104\Extensions,C:\Program Files\dotnet\sdk\5.0.104
TpTrace Information: 0 : 10468, 1, 2021/04/25, 09:10:03.743, 1007457818470, vstest.console.dll, AssemblyResolver.AddSearchDirectories: Adding more searchDirectories C:\Program Files\dotnet\sdk\5.0.104\Extensions,C:\Program Files\dotnet\sdk\5.0.104
TpTrace Information: 0 : 10468, 1, 2021/04/25, 09:10:03.743, 1007457820768, vstest.console.dll, AssemblyResolver.AddSearchDirectories: Adding more searchDirectories C:\Program Files\dotnet\sdk\5.0.104\Extensions,C:\Program Files\dotnet\sdk\5.0.104
TpTrace Information: 0 : 10468, 1, 2021/04/25, 09:10:03.743, 1007457822881, vstest.console.dll, AssemblyResolver.AddSearchDirectories: Adding more searchDirectories C:\Program Files\dotnet\sdk\5.0.104\Extensions,C:\Program Files\dotnet\sdk\5.0.104
TpTrace Information: 0 : 10468, 1, 2021/04/25, 09:10:03.744, 1007457828233, vstest.console.dll, AssemblyResolver.OnResolve: Microsoft.Bcl.AsyncInterfaces: Resolving assembly.
TpTrace Information: 0 : 10468, 1, 2021/04/25, 09:10:03.744, 1007457830586, vstest.console.dll, AssemblyResolver.OnResolve: Microsoft.Bcl.AsyncInterfaces: Resolved from cache.
TpTrace Verbose: 0 : 10468, 1, 2021/04/25, 09:10:03.744, 1007457832838, vstest.console.dll, CurrentDomain_AssemblyResolve: Resolving assembly 'Microsoft.Bcl.AsyncInterfaces'.
TpTrace Information: 0 : 10468, 1, 2021/04/25, 09:10:03.744, 1007457835795, vstest.console.dll, AssemblyResolver.OnResolve: Microsoft.Bcl.AsyncInterfaces: Resolving assembly.
TpTrace Information: 0 : 10468, 1, 2021/04/25, 09:10:03.745, 1007457837944, vstest.console.dll, AssemblyResolver.OnResolve: Microsoft.Bcl.AsyncInterfaces: Resolved from cache.
TpTrace Verbose: 0 : 10468, 1, 2021/04/25, 09:10:03.745, 1007457840258, vstest.console.dll, CurrentDomain_AssemblyResolve: Resolving assembly 'Microsoft.Bcl.AsyncInterfaces'.
TpTrace Verbose: 0 : 10468, 1, 2021/04/25, 09:10:03.745, 1007457842311, vstest.console.dll, CurrentDomainAssemblyResolve: Failed to resolve assembly 'Microsoft.Bcl.AsyncInterfaces'.
TpTrace Verbose: 0 : 10468, 1, 2021/04/25, 09:10:03.746, 1007457848615, vstest.console.dll, CurrentDomainAssemblyResolve: Failed to resolve assembly 'Microsoft.Bcl.AsyncInterfaces'.
TpTrace Warning: 0 : 10468, 1, 2021/04/25, 09:10:03.747, 1007457859892, vstest.console.dll, TestPluginDiscoverer: Failed to get types from assembly 'Microsoft.Diagnostics.NETCore.Client, Version=0.2.2.41902, Culture=neutral, PublicKeyToken=31bf3856ad364e35'.  Skipping test extension scan for this assembly.  Error: System.Reflection.ReflectionTypeLoadException: Unable to load one or more of the requested types.
Could not load file or assembly 'Microsoft.Bcl.AsyncInterfaces, Version=1.0.0.0, Culture=neutral, PublicKeyToken=cc7b13ffcd2ddd51'. El sistema no puede encontrar el archivo especificado.
   at System.Reflection.RuntimeModule.GetTypes(RuntimeModule module)
   at System.Reflection.RuntimeModule.GetTypes()
   at System.Reflection.Assembly.GetTypes()
   at Microsoft.VisualStudio.TestPlatform.Common.ExtensionFramework.TestPluginDiscoverer.GetTestExtensionsFromAssembly[TPluginInfo,TExtension](Assembly assembly, Dictionary`2 pluginInfos)
System.IO.FileNotFoundException: Could not load file or assembly 'Microsoft.Bcl.AsyncInterfaces, Version=1.0.0.0, Culture=neutral, PublicKeyToken=cc7b13ffcd2ddd51'. El sistema no puede encontrar el archivo especificado.
File name: 'Microsoft.Bcl.AsyncInterfaces, Version=1.0.0.0, Culture=neutral, PublicKeyToken=cc7b13ffcd2ddd51'
TpTrace Warning: 0 : 10468, 1, 2021/04/25, 09:10:03.747, 1007457862407, vstest.console.dll, LoaderExceptions: System.IO.FileNotFoundException: Could not load file or assembly 'Microsoft.Bcl.AsyncInterfaces, Version=1.0.0.0, Culture=neutral, PublicKeyToken=cc7b13ffcd2ddd51'. El sistema no puede encontrar el archivo especificado.
File name: 'Microsoft.Bcl.AsyncInterfaces, Version=1.0.0.0, Culture=neutral, PublicKeyToken=cc7b13ffcd2ddd51'
TpTrace Verbose: 0 : 10468, 1, 2021/04/25, 09:10:03.748, 1007457870730, vstest.console.dll, TestPluginCache: Discovered the extensions using extension path ''.
TpTrace Verbose: 0 : 10468, 1, 2021/04/25, 09:10:03.748, 1007457873430, vstest.console.dll, TestPluginCache: Discoverers are ''.
TpTrace Verbose: 0 : 10468, 1, 2021/04/25, 09:10:03.748, 1007457875755, vstest.console.dll, TestPluginCache: Executors are ''.
TpTrace Verbose: 0 : 10468, 1, 2021/04/25, 09:10:03.749, 1007457878034, vstest.console.dll, TestPluginCache: Executors2 are ''.
TpTrace Verbose: 0 : 10468, 1, 2021/04/25, 09:10:03.749, 1007457880425, vstest.console.dll, TestPluginCache: Setting providers are ''.
TpTrace Verbose: 0 : 10468, 1, 2021/04/25, 09:10:03.749, 1007457883924, vstest.console.dll, TestPluginCache: Loggers are 'logger://Microsoft/TestPlatform/Extensions/Blame/v1,logger://Microsoft/TestPlatform/HtmlLogger/v1,logger://Microsoft/TestPlatform/TrxLogger/v1'.
TpTrace Information: 0 : 10468, 1, 2021/04/25, 09:10:03.751, 1007457902358, vstest.console.dll, TestPluginManager.CreateTestExtension: Attempting to load test extension: Microsoft.TestPlatform.Extensions.BlameDataCollector.BlameLogger
TpTrace Information: 0 : 10468, 1, 2021/04/25, 09:10:03.777, 1007458162132, vstest.console.dll, TestPluginManager.CreateTestExtension: Attempting to load test extension: Microsoft.VisualStudio.TestPlatform.CrossPlatEngine.Hosting.DefaultTestHostManager
TpTrace Information: 0 : 10468, 1, 2021/04/25, 09:10:03.778, 1007458169108, vstest.console.dll, TestPluginManager.CreateTestExtension: Attempting to load test extension: Microsoft.VisualStudio.TestPlatform.CrossPlatEngine.Hosting.DotnetTestHostManager
TpTrace Verbose: 0 : 10468, 1, 2021/04/25, 09:10:03.779, 1007458184698, vstest.console.dll, TestEngine: Initializing Parallel Execution as MaxCpuCount is set to: 1
TpTrace Information: 0 : 10468, 1, 2021/04/25, 09:10:03.781, 1007458200143, vstest.console.dll, InferRunSettingsHelper.IsTestSettingsEnabled: Unable to navigate to RunSettings/MSTest. Current node: RunSettings
TpTrace Verbose: 0 : 10468, 1, 2021/04/25, 09:10:03.818, 1007458568110, vstest.console.dll, TestRequestSender is acting as server
TpTrace Verbose: 0 : 10468, 4, 2021/04/25, 09:10:03.823, 1007458621728, vstest.console.dll, DataCollectionRequestSender.InitializeCommunication : Initialize communication. 
TpTrace Information: 0 : 10468, 4, 2021/04/25, 09:10:03.858, 1007458971979, vstest.console.dll, Listening on Endpoint : 127.0.0.1:53050
TpTrace Verbose: 0 : 10468, 4, 2021/04/25, 09:10:03.881, 1007459201918, vstest.console.dll, DotnetDataCollectionLauncher: Full path of dotnet.exe is C:\Program Files\dotnet\dotnet.exe
TpTrace Verbose: 0 : 10468, 4, 2021/04/25, 09:10:03.881, 1007459205729, vstest.console.dll, DotnetDataCollectionLauncher: Adding  --runtimeconfig "C:\Program Files\dotnet\sdk\5.0.104\datacollector.runtimeconfig.json" in args
TpTrace Verbose: 0 : 10468, 4, 2021/04/25, 09:10:03.882, 1007459208438, vstest.console.dll, DotnetDataCollectionLauncher: Adding  --depsfile "C:\Program Files\dotnet\sdk\5.0.104\datacollector.deps.json" in args
TpTrace Information: 0 : 10468, 4, 2021/04/25, 09:10:03.914, 1007459537077, vstest.console.dll, ProxyDataCollectionManager.Initialize: Launched datacollector processId: 24156 port: 53050
TpTrace Information: 0 : 10468, 4, 2021/04/25, 09:10:03.915, 1007459542856, vstest.console.dll, ProxyDataCollectionManager.Initialize: waiting for connection with timeout: 90 seconds
TpTrace Verbose: 0 : 10468, 4, 2021/04/25, 09:10:03.915, 1007459545920, vstest.console.dll, DataCollectionRequestSender.WaitForRequestHandlerConnection : Waiting for connection with timeout: 90000
TpTrace Information: 0 : 10468, 7, 2021/04/25, 09:10:04.536, 1007465750576, vstest.console.dll, Using the buffer size of 16384 bytes
TpTrace Verbose: 0 : 10468, 4, 2021/04/25, 09:10:04.536, 1007465751568, vstest.console.dll, ProxyDataCollectionManager.InvokeDataCollectionServiceAction: Starting.
TpTrace Information: 0 : 10468, 7, 2021/04/25, 09:10:04.536, 1007465753401, vstest.console.dll, Accepted Client request and set the flag
TpTrace Information: 0 : 10468, 4, 2021/04/25, 09:10:04.536, 1007465755860, vstest.console.dll, ProxyDataCollectionManager.BeforeTestRunStart: Get environment variable and port for datacollector processId: 24156 port: 53050
TpTrace Verbose: 0 : 10468, 4, 2021/04/25, 09:10:04.537, 1007465760395, vstest.console.dll, DataCollectionRequestSender.SendBeforeTestRunStartAndGetResult : Send BeforeTestRunStart message with settingsXml <RunSettings><RunConfiguration><ResultsDirectory>C:\Users\julian.henao\Desktop\RegistroVotantes\RegistroVotantes\RegistroVotantes.Domain.Tests\bin\Debug\netcoreapp3.0\fine-code-coverage\coverage-tool-output</ResultsDirectory><TargetPlatform>X64</TargetPlatform><TargetFrameworkVersion>.NETCoreApp,Version=v3.0</TargetFrameworkVersion><DesignMode>False</DesignMode><CollectSourceInformation>False</CollectSourceInformation><TestAdaptersPaths>C:\Program Files\dotnet\sdk\5.0.104\Extensions</TestAdaptersPaths></RunConfiguration><LoggerRunSettings><Loggers><Logger friendlyName="blame" enabled="True" /><Logger friendlyName="Console" uri="logger://microsoft/TestPlatform/ConsoleLogger/v1" assemblyQualifiedName="Microsoft.VisualStudio.TestPlatform.CommandLine.Internal.ConsoleLogger, vstest.console, Version=15.0.0.0, Culture=neutral, PublicKeyToken=b03f5f7f11d50a3a" codeBase="C:\Program Files\dotnet\sdk\5.0.104\vstest.console.dll" enabled="True" /></Loggers></LoggerRunSettings><DataCollectionRunSettings><DataCollectors><DataCollector friendlyName="blame" enabled="True"><Configuration><ResultsDirectory>C:\Users\julian.henao\Desktop\RegistroVotantes\RegistroVotantes\RegistroVotantes.Domain.Tests\bin\Debug\netcoreapp3.0\fine-code-coverage\coverage-tool-output</ResultsDirectory></Configuration></DataCollector></DataCollectors></DataCollectionRunSettings></RunSettings> and sources System.Linq.Enumerable+Concat2Iterator`1[System.String]: 
TpTrace Verbose: 0 : 10468, 4, 2021/04/25, 09:10:04.692, 1007467310758, vstest.console.dll, DataCollectionRequestSender.SendBeforeTestRunStartAndGetResult : Received message: (DataCollection.SendMessage) -> {
  "FriendlyName": null,
  "Uri": null,
  "TestCaseId": "00000000-0000-0000-0000-000000000000",
  "Message": "Logging DataCollector Diagnostics in file: C:\\Users\\julian.henao\\Desktop\\RegistroVotantes\\RegistroVotantes\\RegistroVotantes.Domain.Tests\\bin\\Debug\\netcoreapp3.0\\fine-code-coverage\\coverage-tool-output\\diagnostics.datacollector.21-04-25_09-10-03_87092_4.log",
  "Level": 0
}
TpTrace Information: 0 : 10468, 4, 2021/04/25, 09:10:04.700, 1007467390834, vstest.console.dll, AssemblyResolver.OnResolve: Microsoft.VisualStudio.TestPlatform.Common.resources: Resolving assembly.
TpTrace Information: 0 : 10468, 4, 2021/04/25, 09:10:04.700, 1007467395499, vstest.console.dll, AssemblyResolver.OnResolve: Microsoft.VisualStudio.TestPlatform.Common.resources: Failed to load assembly.
TpTrace Verbose: 0 : 10468, 4, 2021/04/25, 09:10:04.845, 1007468843219, vstest.console.dll, DataCollectionRequestSender.SendBeforeTestRunStartAndGetResult : Received message: (DataCollection.BeforeTestRunStartResult) -> {
  "EnvironmentVariables": {},
  "DataCollectionEventsPort": 53052
}
TpTrace Information: 0 : 10468, 4, 2021/04/25, 09:10:04.854, 1007468929979, vstest.console.dll, ProxyDataCollectionManager.BeforeTestRunStart: SendBeforeTestRunStartAndGetResult successful, env variable from datacollector:   and testhost port: 53052
TpTrace Information: 0 : 10468, 4, 2021/04/25, 09:10:04.854, 1007468933884, vstest.console.dll, ProxyDataCollectionManager.InvokeDataCollectionServiceAction: Completed.
TpTrace Verbose: 0 : 10468, 1, 2021/04/25, 09:10:04.855, 1007468938919, vstest.console.dll, TestRunRequest.ExecuteAsync: Creating test run request.
TpTrace Verbose: 0 : 10468, 1, 2021/04/25, 09:10:04.855, 1007468947080, vstest.console.dll, TestRunRequest.ExecuteAsync: Starting.
TpTrace Information: 0 : 10468, 1, 2021/04/25, 09:10:04.856, 1007468954650, vstest.console.dll, TestRunRequest.ExecuteAsync: Starting run with settings:TestRunCriteria:
   KeepAlive=False,FrequencyOfRunStatsChangeEvent=10,RunStatsChangeEventTimeout=00:00:01.5000000,TestCaseFilter=,TestExecutorLauncher=
   Settingsxml=<RunSettings>
  <RunConfiguration>
    <ResultsDirectory>C:\Users\julian.henao\Desktop\RegistroVotantes\RegistroVotantes\RegistroVotantes.Domain.Tests\bin\Debug\netcoreapp3.0\fine-code-coverage\coverage-tool-output</ResultsDirectory>
    <TargetPlatform>X64</TargetPlatform>
    <TargetFrameworkVersion>.NETCoreApp,Version=v3.0</TargetFrameworkVersion>
    <DesignMode>False</DesignMode>
    <CollectSourceInformation>False</CollectSourceInformation>
  </RunConfiguration>
  <LoggerRunSettings>
    <Loggers>
      <Logger friendlyName="blame" enabled="True" />
      <Logger friendlyName="Console" uri="logger://microsoft/TestPlatform/ConsoleLogger/v1" assemblyQualifiedName="Microsoft.VisualStudio.TestPlatform.CommandLine.Internal.ConsoleLogger, vstest.console, Version=15.0.0.0, Culture=neutral, PublicKeyToken=b03f5f7f11d50a3a" codeBase="C:\Program Files\dotnet\sdk\5.0.104\vstest.console.dll" enabled="True" />
    </Loggers>
  </LoggerRunSettings>
  <DataCollectionRunSettings>
    <DataCollectors>
      <DataCollector friendlyName="blame" enabled="True">
        <Configuration>
          <ResultsDirectory>C:\Users\julian.henao\Desktop\RegistroVotantes\RegistroVotantes\RegistroVotantes.Domain.Tests\bin\Debug\netcoreapp3.0\fine-code-coverage\coverage-tool-output</ResultsDirectory>
        </Configuration>
      </DataCollector>
    </DataCollectors>
  </DataCollectionRunSettings>
</RunSettings>

TpTrace Verbose: 0 : 10468, 1, 2021/04/25, 09:10:04.857, 1007468957911, vstest.console.dll, TestRunRequest.ExecuteAsync: Wait for the first run request is over.
TpTrace Verbose: 0 : 10468, 1, 2021/04/25, 09:10:04.858, 1007468968008, vstest.console.dll, ParallelProxyExecutionManager: Start execution. Total sources: 1
TpTrace Information: 0 : 10468, 1, 2021/04/25, 09:10:04.859, 1007468983965, vstest.console.dll, ProxyParallelExecutionManager: Triggering test run for next source: C:\Users\julian.henao\Desktop\RegistroVotantes\RegistroVotantes\RegistroVotantes.Domain.Tests\bin\Debug\netcoreapp3.0\fine-code-coverage\build-output\RegistroVotantes.Domain.Tests.dll
TpTrace Verbose: 0 : 10468, 6, 2021/04/25, 09:10:04.860, 1007468989392, vstest.console.dll, ParallelProxyExecutionManager: Execution started. Started clients: 1
TpTrace Verbose: 0 : 10468, 1, 2021/04/25, 09:10:04.860, 1007468989526, vstest.console.dll, ProxyParallelExecutionManager: No sources available for execution.
TpTrace Information: 0 : 10468, 1, 2021/04/25, 09:10:04.861, 1007468997919, vstest.console.dll, TestRunRequest.ExecuteAsync: Started.
TpTrace Verbose: 0 : 10468, 6, 2021/04/25, 09:10:04.861, 1007469001001, vstest.console.dll, TestRunRequest:SendTestRunMessage: Starting.
TpTrace Verbose: 0 : 10468, 1, 2021/04/25, 09:10:04.861, 1007469003416, vstest.console.dll, TestRunRequest.WaitForCompletion: Waiting with timeout -1.
TpTrace Information: 0 : 10468, 6, 2021/04/25, 09:10:04.862, 1007469007504, vstest.console.dll, TestRunRequest:SendTestRunMessage: Completed.
TpTrace Verbose: 0 : 10468, 6, 2021/04/25, 09:10:04.862, 1007469017288, vstest.console.dll, ProxyExecutionManager: Test host is always Lazy initialize.
TpTrace Verbose: 0 : 10468, 6, 2021/04/25, 09:10:04.863, 1007469025095, vstest.console.dll, TestRequestSender.InitializeCommunication: initialize communication. 
TpTrace Information: 0 : 10468, 6, 2021/04/25, 09:10:04.865, 1007469039919, vstest.console.dll, SocketServer.Start: Listening on endpoint : 127.0.0.1:53053
TpTrace Verbose: 0 : 10468, 6, 2021/04/25, 09:10:04.867, 1007469058273, vstest.console.dll, DotnetTestHostmanager: Adding  --runtimeconfig "C:\Users\julian.henao\Desktop\RegistroVotantes\RegistroVotantes\RegistroVotantes.Domain.Tests\bin\Debug\netcoreapp3.0\fine-code-coverage\build-output\RegistroVotantes.Domain.Tests.runtimeconfig.json" in args
TpTrace Verbose: 0 : 10468, 6, 2021/04/25, 09:10:04.867, 1007469064670, vstest.console.dll, DotnetTestHostmanager: Adding  --depsfile "C:\Users\julian.henao\Desktop\RegistroVotantes\RegistroVotantes\RegistroVotantes.Domain.Tests\bin\Debug\netcoreapp3.0\fine-code-coverage\build-output\RegistroVotantes.Domain.Tests.deps.json" in args
TpTrace Information: 0 : 10468, 6, 2021/04/25, 09:10:04.868, 1007469072719, vstest.console.dll, AssemblyResolver.OnResolve: Microsoft.Extensions.DependencyModel: Resolving assembly.
TpTrace Information: 0 : 10468, 6, 2021/04/25, 09:10:04.872, 1007469112953, vstest.console.dll, AssemblyResolver.OnResolve: Resolved assembly: Microsoft.Extensions.DependencyModel, from path: C:\Program Files\dotnet\sdk\5.0.104\Microsoft.Extensions.DependencyModel.dll
TpTrace Verbose: 0 : 10468, 6, 2021/04/25, 09:10:04.873, 1007469122470, vstest.console.dll, DotnetTestHostmanager: Reading file C:\Users\julian.henao\Desktop\RegistroVotantes\RegistroVotantes\RegistroVotantes.Domain.Tests\bin\Debug\netcoreapp3.0\fine-code-coverage\build-output\RegistroVotantes.Domain.Tests.deps.json to get path of testhost.dll
TpTrace Verbose: 0 : 10468, 6, 2021/04/25, 09:10:04.932, 1007469710884, vstest.console.dll, DotnetTestHostmanager: Relative path of testhost.dll with respect to package folder is microsoft.testplatform.testhost/16.2.0\lib/netstandard1.5/testhost.dll
TpTrace Verbose: 0 : 10468, 6, 2021/04/25, 09:10:04.934, 1007469730270, vstest.console.dll, DotnetTestHostmanager: Looking for path microsoft.testplatform.testhost/16.2.0\lib/netstandard1.5/testhost.dll in folder C:\Users\julian.henao\.dotnet\store\|arch|\|tfm|
TpTrace Verbose: 0 : 10468, 6, 2021/04/25, 09:10:04.934, 1007469735131, vstest.console.dll, DotnetTestHostmanager: Looking for path microsoft.testplatform.testhost/16.2.0\lib/netstandard1.5/testhost.dll in folder C:\Users\julian.henao\.nuget\packages
TpTrace Verbose: 0 : 10468, 6, 2021/04/25, 09:10:04.936, 1007469748165, vstest.console.dll, DotnetTestHostmanager: Full path of testhost.dll is C:\Users\julian.henao\.nuget\packages\microsoft.testplatform.testhost/16.2.0\lib/netstandard1.5/testhost.dll
TpTrace Verbose: 0 : 10468, 6, 2021/04/25, 09:10:04.936, 1007469751595, vstest.console.dll, DotnetTestHostmanager: Full path of host exe is C:\Program Files\dotnet\dotnet.exe
TpTrace Verbose: 0 : 10468, 4, 2021/04/25, 09:10:04.938, 1007469772920, vstest.console.dll, DotnetTestHostManager: Starting process 'C:\Program Files\dotnet\dotnet.exe' with command line 'exec --runtimeconfig "C:\Users\julian.henao\Desktop\RegistroVotantes\RegistroVotantes\RegistroVotantes.Domain.Tests\bin\Debug\netcoreapp3.0\fine-code-coverage\build-output\RegistroVotantes.Domain.Tests.runtimeconfig.json" --depsfile "C:\Users\julian.henao\Desktop\RegistroVotantes\RegistroVotantes\RegistroVotantes.Domain.Tests\bin\Debug\netcoreapp3.0\fine-code-coverage\build-output\RegistroVotantes.Domain.Tests.deps.json" "C:\Users\julian.henao\.nuget\packages\microsoft.testplatform.testhost/16.2.0\lib/netstandard1.5/testhost.dll" --port 53053 --endpoint 127.0.0.1:053053 --role client --parentprocessid 10468 --diag "C:\Users\julian.henao\Desktop\RegistroVotantes\RegistroVotantes\RegistroVotantes.Domain.Tests\bin\Debug\netcoreapp3.0\fine-code-coverage\coverage-tool-output\diagnostics.host.21-04-25_09-10-04_86622_6.log" --tracelevel 4 --datacollectionport 53052 --telemetryoptedin false'
TpTrace Verbose: 0 : 10468, 4, 2021/04/25, 09:10:04.958, 1007469968845, vstest.console.dll, Test Runtime launched
TpTrace Verbose: 0 : 10468, 6, 2021/04/25, 09:10:04.960, 1007469991944, vstest.console.dll, TestRequestSender.WaitForRequestHandlerConnection: waiting for connection with timeout: 90000
TpTrace Verbose: 0 : 10468, 13, 2021/04/25, 09:10:05.517, 1007475558392, vstest.console.dll, SocketServer.OnClientConnected: Client connected for endPoint: 127.0.0.1:53053, starting MessageLoopAsync:
TpTrace Verbose: 0 : 10468, 13, 2021/04/25, 09:10:05.518, 1007475574758, vstest.console.dll, TcpClientExtensions.MessageLoopAsync: Polling on remoteEndPoint: 127.0.0.1:53054 localEndPoint: 127.0.0.1:53053
TpTrace Verbose: 0 : 10468, 13, 2021/04/25, 09:10:06.185, 1007482245972, vstest.console.dll, TcpClientExtensions.MessageLoopAsync: NotifyDataAvailable remoteEndPoint: 127.0.0.1:53054 localEndPoint: 127.0.0.1:53053
TpTrace Verbose: 0 : 10468, 13, 2021/04/25, 09:10:06.186, 1007482249990, vstest.console.dll, TestRequestSender.CheckVersionWithTestHost: onMessageReceived received message: (ProtocolVersion) -> 2
TpTrace Verbose: 0 : 10468, 13, 2021/04/25, 09:10:06.186, 1007482256700, vstest.console.dll, TcpClientExtensions.MessageLoopAsync: Polling on remoteEndPoint: 127.0.0.1:53054 localEndPoint: 127.0.0.1:53053
TpTrace Verbose: 0 : 10468, 6, 2021/04/25, 09:10:06.187, 1007482258000, vstest.console.dll, TestPluginCache.GetExtensionPaths: Filtered extension paths: 
TpTrace Verbose: 0 : 10468, 6, 2021/04/25, 09:10:06.187, 1007482260990, vstest.console.dll, TestPluginCache.GetExtensionPaths: Added default extension paths: C:\Program Files\dotnet\sdk\5.0.104\Extensions\Microsoft.Diagnostics.NETCore.Client.dll
C:\Program Files\dotnet\sdk\5.0.104\Extensions\Microsoft.TestPlatform.Extensions.BlameDataCollector.dll
C:\Program Files\dotnet\sdk\5.0.104\Extensions\Microsoft.TestPlatform.Extensions.EventLogCollector.dll
C:\Program Files\dotnet\sdk\5.0.104\Extensions\Microsoft.TestPlatform.TestHostRuntimeProvider.dll
C:\Program Files\dotnet\sdk\5.0.104\Extensions\Microsoft.VisualStudio.TestPlatform.Extensions.Html.TestLogger.dll
C:\Program Files\dotnet\sdk\5.0.104\Extensions\Microsoft.VisualStudio.TestPlatform.Extensions.Trx.TestLogger.dll
TpTrace Verbose: 0 : 10468, 6, 2021/04/25, 09:10:06.187, 1007482262832, vstest.console.dll, TestPluginCache.GetExtensionPaths: Added unfilterableExtensionPaths: 
TpTrace Verbose: 0 : 10468, 6, 2021/04/25, 09:10:06.192, 1007482308977, vstest.console.dll, TestRequestSender.InitializeExecution: Sending initializing execution with message: {"Version":2,"MessageType":"TestExecution.Initialize","Payload":["C:\\Users\\julian.henao\\Desktop\\RegistroVotantes\\RegistroVotantes\\RegistroVotantes.Domain.Tests\\bin\\Debug\\netcoreapp3.0\\fine-code-coverage\\build-output\\Microsoft.VisualStudio.TestPlatform.MSTest.TestAdapter.dll"]}
TpTrace Verbose: 0 : 10468, 13, 2021/04/25, 09:10:06.209, 1007482483714, vstest.console.dll, TcpClientExtensions.MessageLoopAsync: NotifyDataAvailable remoteEndPoint: 127.0.0.1:53054 localEndPoint: 127.0.0.1:53053
TpTrace Verbose: 0 : 10468, 13, 2021/04/25, 09:10:06.209, 1007482486770, vstest.console.dll, TestRequestSender.OnExecutionMessageReceived: Received message: {"Version":2,"MessageType":"TestSession.Message","Payload":{"MessageLevel":0,"Message":"Registrando diagn√≥stico de TestHost en el archivo: C:\\Users\\julian.henao\\Desktop\\RegistroVotantes\\RegistroVotantes\\RegistroVotantes.Domain.Tests\\bin\\Debug\\netcoreapp3.0\\fine-code-coverage\\coverage-tool-output\\diagnostics.host.21-04-25_09-10-04_86622_6.log"}}
TpTrace Verbose: 0 : 10468, 6, 2021/04/25, 09:10:06.210, 1007482489845, vstest.console.dll, TestRequestSender.StartTestRun: Sending test run with message: {"Version":2,"MessageType":"TestExecution.StartWithSources","Payload":{"AdapterSourceMap":{"_none_":["C:\\Users\\julian.henao\\Desktop\\RegistroVotantes\\RegistroVotantes\\RegistroVotantes.Domain.Tests\\bin\\Debug\\netcoreapp3.0\\fine-code-coverage\\build-output\\RegistroVotantes.Domain.Tests.dll"]},"RunSettings":"<RunSettings>\r\n  <RunConfiguration>\r\n    <ResultsDirectory>C:\\Users\\julian.henao\\Desktop\\RegistroVotantes\\RegistroVotantes\\RegistroVotantes.Domain.Tests\\bin\\Debug\\netcoreapp3.0\\fine-code-coverage\\coverage-tool-output</ResultsDirectory>\r\n    <TargetPlatform>X64</TargetPlatform>\r\n    <TargetFrameworkVersion>.NETCoreApp,Version=v3.0</TargetFrameworkVersion>\r\n    <DesignMode>False</DesignMode>\r\n    <CollectSourceInformation>False</CollectSourceInformation>\r\n  </RunConfiguration>\r\n  <LoggerRunSettings>\r\n    <Loggers>\r\n      <Logger friendlyName=\"blame\" enabled=\"True\" />\r\n      <Logger friendlyName=\"Console\" uri=\"logger://microsoft/TestPlatform/ConsoleLogger/v1\" assemblyQualifiedName=\"Microsoft.VisualStudio.TestPlatform.CommandLine.Internal.ConsoleLogger, vstest.console, Version=15.0.0.0, Culture=neutral, PublicKeyToken=b03f5f7f11d50a3a\" codeBase=\"C:\\Program Files\\dotnet\\sdk\\5.0.104\\vstest.console.dll\" enabled=\"True\" />\r\n    </Loggers>\r\n  </LoggerRunSettings>\r\n  <DataCollectionRunSettings>\r\n    <DataCollectors>\r\n      <DataCollector friendlyName=\"blame\" enabled=\"True\">\r\n        <Configuration>\r\n          <ResultsDirectory>C:\\Users\\julian.henao\\Desktop\\RegistroVotantes\\RegistroVotantes\\RegistroVotantes.Domain.Tests\\bin\\Debug\\netcoreapp3.0\\fine-code-coverage\\coverage-tool-output</ResultsDirectory>\r\n        </Configuration>\r\n      </DataCollector>\r\n    </DataCollectors>\r\n  </DataCollectionRunSettings>\r\n</RunSettings>","TestExecutionContext":{"FrequencyOfRunStatsChangeEvent":10,"RunStatsChangeEventTimeout":"00:00:01.5000000","InIsolation":false,"KeepAlive":false,"AreTestCaseLevelEventsRequired":false,"IsDebug":false,"TestCaseFilter":null,"FilterOptions":null},"Package":null}}
TpTrace Verbose: 0 : 10468, 13, 2021/04/25, 09:10:06.212, 1007482512544, vstest.console.dll, TestRunRequest:SendTestRunMessage: Starting.
TpTrace Information: 0 : 10468, 13, 2021/04/25, 09:10:06.212, 1007482514971, vstest.console.dll, TestRunRequest:SendTestRunMessage: Completed.
TpTrace Verbose: 0 : 10468, 13, 2021/04/25, 09:10:06.212, 1007482516676, vstest.console.dll, TcpClientExtensions.MessageLoopAsync: Polling on remoteEndPoint: 127.0.0.1:53054 localEndPoint: 127.0.0.1:53053
TpTrace Verbose: 0 : 10468, 13, 2021/04/25, 09:10:07.212, 1007492512523, vstest.console.dll, TcpClientExtensions.MessageLoopAsync: Polling on remoteEndPoint: 127.0.0.1:53054 localEndPoint: 127.0.0.1:53053
TpTrace Verbose: 0 : 10468, 13, 2021/04/25, 09:10:07.232, 1007492707793, vstest.console.dll, TcpClientExtensions.MessageLoopAsync: NotifyDataAvailable remoteEndPoint: 127.0.0.1:53054 localEndPoint: 127.0.0.1:53053
TpTrace Verbose: 0 : 10468, 13, 2021/04/25, 09:10:07.232, 1007492712066, vstest.console.dll, TestRequestSender.OnExecutionMessageReceived: Received message: {"Version":2,"MessageType":"TestExecution.Completed","Payload":{"TestRunCompleteArgs":{"TestRunStatistics":{"ExecutedTests":5,"Stats":{"Passed":5}},"IsCanceled":false,"IsAborted":false,"Error":null,"AttachmentSets":[],"ElapsedTimeInRunningTests":"00:00:00.6225661","Metrics":{}},"LastRunTests":{"NewTestResults":[{"TestCase":{"Id":"3b2c4f68-e4bb-f39e-9bf4-6ad7d8dc499b","FullyQualifiedName":"RegistroVotantes.Domain.Tests.VotanteServiceTest.VotanteExitoso","DisplayName":"VotanteExitoso","ExecutorUri":"executor://MSTestAdapter/v2","Source":"C:\\Users\\julian.henao\\Desktop\\RegistroVotantes\\RegistroVotantes\\RegistroVotantes.Domain.Tests\\bin\\Debug\\netcoreapp3.0\\fine-code-coverage\\build-output\\RegistroVotantes.Domain.Tests.dll","CodeFilePath":null,"LineNumber":-1,"Properties":[{"Key":{"Id":"MSTestDiscoverer.TestClassName","Label":"ClassName","Category":"","Description":"","Attributes":1,"ValueType":"System.String"},"Value":"RegistroVotantes.Domain.Tests.VotanteServiceTest"},{"Key":{"Id":"TestObject.Traits","Label":"Traits","Category":"","Description":"","Attributes":5,"ValueType":"System.Collections.Generic.KeyValuePair`2[[System.String],[System.String]][]"},"Value":[]}]},"Attachments":[],"Outcome":1,"ErrorMessage":null,"ErrorStackTrace":null,"DisplayName":null,"Messages":[],"ComputerName":null,"Duration":"00:00:00.2306000","StartTime":"2021-04-25T09:10:06.7630174-05:00","EndTime":"2021-04-25T09:10:07.0512218-05:00","Properties":[{"Key":{"Id":"ExecutionId","Label":"ExecutionId","Category":"","Description":"","Attributes":1,"ValueType":"System.Guid"},"Value":"00000000-0000-0000-0000-000000000000"},{"Key":{"Id":"ParentExecId","Label":"ParentExecId","Category":"","Description":"","Attributes":1,"ValueType":"System.Guid"},"Value":"00000000-0000-0000-0000-000000000000"},{"Key":{"Id":"InnerResultsCount","Label":"InnerResultsCount","Category":"","Description":"","Attributes":1,"ValueType":"System.Int32"},"Value":0}]},{"TestCase":{"Id":"7d8d9860-3d70-bb64-2762-09d312bdf315","FullyQualifiedName":"RegistroVotantes.Domain.Tests.VotanteServiceTest.EsMayorDeEdadError","DisplayName":"EsMayorDeEdadError","ExecutorUri":"executor://MSTestAdapter/v2","Source":"C:\\Users\\julian.henao\\Desktop\\RegistroVotantes\\RegistroVotantes\\RegistroVotantes.Domain.Tests\\bin\\Debug\\netcoreapp3.0\\fine-code-coverage\\build-output\\RegistroVotantes.Domain.Tests.dll","CodeFilePath":null,"LineNumber":-1,"Properties":[{"Key":{"Id":"MSTestDiscoverer.TestClassName","Label":"ClassName","Category":"","Description":"","Attributes":1,"ValueType":"System.String"},"Value":"RegistroVotantes.Domain.Tests.VotanteServiceTest"},{"Key":{"Id":"TestObject.Traits","Label":"Traits","Category":"","Description":"","Attributes":5,"ValueType":"System.Collections.Generic.KeyValuePair`2[[System.String],[System.String]][]"},"Value":[]}]},"Attachments":[],"Outcome":1,"ErrorMessage":null,"ErrorStackTrace":null,"DisplayName":null,"Messages":[],"ComputerName":null,"Duration":"00:00:00.0110911","StartTime":"2021-04-25T09:10:07.1005111-05:00","EndTime":"2021-04-25T09:10:07.1121148-05:00","Properties":[{"Key":{"Id":"ExecutionId","Label":"ExecutionId","Category":"","Description":"","Attributes":1,"ValueType":"System.Guid"},"Value":"00000000-0000-0000-0000-000000000000"},{"Key":{"Id":"ParentExecId","Label":"ParentExecId","Category":"","Description":"","Attributes":1,"ValueType":"System.Guid"},"Value":"00000000-0000-0000-0000-000000000000"},{"Key":{"Id":"InnerResultsCount","Label":"InnerResultsCount","Category":"","Description":"","Attributes":1,"ValueType":"System.Int32"},"Value":0}]},{"TestCase":{"Id":"632cfa1c-78f2-7971-657e-d2f27e69003c","FullyQualifiedName":"RegistroVotantes.Domain.Tests.VotanteServiceTest.EsMayorDeEdadExitoso","DisplayName":"EsMayorDeEdadExitoso","ExecutorUri":"executor://MSTestAdapter/v2","Source":"C:\\Users\\julian.henao\\Desktop\\RegistroVotantes\\RegistroVotantes\\RegistroVotantes.Domain.Tests\\bin\\Debug\\netcoreapp3.0\\fine-code-coverage\\build-output\\RegistroVotantes.Domain.Tests.dll","CodeFilePath":null,"LineNumber":-1,"Properties":[{"Key":{"Id":"MSTestDiscoverer.TestClassName","Label":"ClassName","Category":"","Description":"","Attributes":1,"ValueType":"System.String"},"Value":"RegistroVotantes.Domain.Tests.VotanteServiceTest"},{"Key":{"Id":"TestObject.Traits","Label":"Traits","Category":"","Description":"","Attributes":5,"ValueType":"System.Collections.Generic.KeyValuePair`2[[System.String],[System.String]][]"},"Value":[]}]},"Attachments":[],"Outcome":1,"ErrorMessage":null,"ErrorStackTrace":null,"DisplayName":null,"Messages":[],"ComputerName":null,"Duration":"00:00:00.0014400","StartTime":"2021-04-25T09:10:07.1189005-05:00","EndTime":"2021-04-25T09:10:07.1206321-05:00","Properties":[{"Key":{"Id":"ExecutionId","Label":"ExecutionId","Category":"","Description":"","Attributes":1,"ValueType":"System.Guid"},"Value":"00000000-0000-0000-0000-000000000000"},{"Key":{"Id":"ParentExecId","Label":"ParentExecId","Category":"","Description":"","Attributes":1,"ValueType":"System.Guid"},"Value":"00000000-0000-0000-0000-000000000000"},{"Key":{"Id":"InnerResultsCount","Label":"InnerResultsCount","Category":"","Description":"","Attributes":1,"ValueType":"System.Int32"},"Value":0}]},{"TestCase":{"Id":"e2330254-3167-3369-a1f9-6cfadf477c37","FullyQualifiedName":"RegistroVotantes.Domain.Tests.VotanteServiceTest.EsNAcionalExitoso","DisplayName":"EsNAcionalExitoso","ExecutorUri":"executor://MSTestAdapter/v2","Source":"C:\\Users\\julian.henao\\Desktop\\RegistroVotantes\\RegistroVotantes\\RegistroVotantes.Domain.Tests\\bin\\Debug\\netcoreapp3.0\\fine-code-coverage\\build-output\\RegistroVotantes.Domain.Tests.dll","CodeFilePath":null,"LineNumber":-1,"Properties":[{"Key":{"Id":"MSTestDiscoverer.TestClassName","Label":"ClassName","Category":"","Description":"","Attributes":1,"ValueType":"System.String"},"Value":"RegistroVotantes.Domain.Tests.VotanteServiceTest"},{"Key":{"Id":"TestObject.Traits","Label":"Traits","Category":"","Description":"","Attributes":5,"ValueType":"System.Collections.Generic.KeyValuePair`2[[System.String],[System.String]][]"},"Value":[]}]},"Attachments":[],"Outcome":1,"ErrorMessage":null,"ErrorStackTrace":null,"DisplayName":null,"Messages":[],"ComputerName":null,"Duration":"00:00:00.0005648","StartTime":"2021-04-25T09:10:07.1275395-05:00","EndTime":"2021-04-25T09:10:07.1283312-05:00","Properties":[{"Key":{"Id":"ExecutionId","Label":"ExecutionId","Category":"","Description":"","Attributes":1,"ValueType":"System.Guid"},"Value":"00000000-0000-0000-0000-000000000000"},{"Key":{"Id":"ParentExecId","Label":"ParentExecId","Category":"","Description":"","Attributes":1,"ValueType":"System.Guid"},"Value":"00000000-0000-0000-0000-000000000000"},{"Key":{"Id":"InnerResultsCount","Label":"InnerResultsCount","Category":"","Description":"","Attributes":1,"ValueType":"System.Int32"},"Value":0}]},{"TestCase":{"Id":"801bad42-351d-41e6-752a-27b0a3f75ab7","FullyQualifiedName":"RegistroVotantes.Domain.Tests.VotanteServiceTest.EsNacionalError","DisplayName":"EsNacionalError","ExecutorUri":"executor://MSTestAdapter/v2","Source":"C:\\Users\\julian.henao\\Desktop\\RegistroVotantes\\RegistroVotantes\\RegistroVotantes.Domain.Tests\\bin\\Debug\\netcoreapp3.0\\fine-code-coverage\\build-output\\RegistroVotantes.Domain.Tests.dll","CodeFilePath":null,"LineNumber":-1,"Properties":[{"Key":{"Id":"MSTestDiscoverer.TestClassName","Label":"ClassName","Category":"","Description":"","Attributes":1,"ValueType":"System.String"},"Value":"RegistroVotantes.Domain.Tests.VotanteServiceTest"},{"Key":{"Id":"TestObject.Traits","Label":"Traits","Category":"","Description":"","Attributes":5,"ValueType":"System.Collections.Generic.KeyValuePair`2[[System.String],[System.String]][]"},"Value":[]}]},"Attachments":[],"Outcome":1,"ErrorMessage":null,"ErrorStackTrace":null,"DisplayName":null,"Messages":[],"ComputerName":null,"Duration":"00:00:00.0014821","StartTime":"2021-04-25T09:10:07.135889-05:00","EndTime":"2021-04-25T09:10:07.1377051-05:00","Properties":[{"Key":{"Id":"ExecutionId","Label":"ExecutionId","Category":"","Description":"","Attributes":1,"ValueType":"System.Guid"},"Value":"00000000-0000-0000-0000-000000000000"},{"Key":{"Id":"ParentExecId","Label":"ParentExecId","Category":"","Description":"","Attributes":1,"ValueType":"System.Guid"},"Value":"00000000-0000-0000-0000-000000000000"},{"Key":{"Id":"InnerResultsCount","Label":"InnerResultsCount","Category":"","Description":"","Attributes":1,"ValueType":"System.Int32"},"Value":0}]}],"TestRunStatistics":{"ExecutedTests":5,"Stats":{"Passed":5}},"ActiveTests":[]},"RunAttachments":[],"ExecutorUris":["executor://mstestadapter/v2"]}}
TpTrace Verbose: 0 : 10468, 13, 2021/04/25, 09:10:07.239, 1007492777725, vstest.console.dll, TestRequestSender.EndSession: Sending end session.
TpTrace Verbose: 0 : 10468, 13, 2021/04/25, 09:10:07.239, 1007492780622, vstest.console.dll, ProxyOperationManager.Close: waiting for test host to exit for 100 ms
TpTrace Warning: 0 : 10468, 12, 2021/04/25, 09:10:07.280, 1007493189335, vstest.console.dll, TestHostManagerCallbacks.ErrorReceivedCallback Test host standard error line: 
TpTrace Verbose: 0 : 10468, 7, 2021/04/25, 09:10:07.290, 1007493297223, vstest.console.dll, TestHostProvider.ExitCallBack: Host exited starting callback.
TpTrace Information: 0 : 10468, 7, 2021/04/25, 09:10:07.291, 1007493304981, vstest.console.dll, TestHostManagerCallbacks.ExitCallBack: Testhost processId: 18516 exited with exitcode: 0 error: ''
TpTrace Verbose: 0 : 10468, 7, 2021/04/25, 09:10:07.291, 1007493306947, vstest.console.dll, DotnetTestHostManager.OnHostExited: invoking OnHostExited callback
TpTrace Verbose: 0 : 10468, 7, 2021/04/25, 09:10:07.292, 1007493308866, vstest.console.dll, CrossPlatEngine.TestHostManagerHostExited: calling on client process exit callback.
TpTrace Information: 0 : 10468, 7, 2021/04/25, 09:10:07.292, 1007493310939, vstest.console.dll, TestRequestSender.OnClientProcessExit: Test host process exited. Standard error: 
TpTrace Warning: 0 : 10468, 13, 2021/04/25, 09:10:07.292, 1007493311403, vstest.console.dll, ProxyOperationManager: Timed out waiting for test host to exit. Will terminate process.
TpTrace Information: 0 : 10468, 7, 2021/04/25, 09:10:07.292, 1007493313332, vstest.console.dll, SocketServer.Stop: Stop server endPoint: 127.0.0.1:53053
TpTrace Information: 0 : 10468, 7, 2021/04/25, 09:10:07.293, 1007493317674, vstest.console.dll, SocketServer.Stop: Cancellation requested. Stopping message loop.
TpTrace Verbose: 0 : 10468, 13, 2021/04/25, 09:10:07.294, 1007493329553, vstest.console.dll, ProxyDataCollectionManager.InvokeDataCollectionServiceAction: Starting.
TpTrace Information: 0 : 10468, 13, 2021/04/25, 09:10:07.294, 1007493331750, vstest.console.dll, ProxyDataCollectionManager.AfterTestRunEnd: Get attachment set for datacollector processId: 24156 port: 53050
TpTrace Verbose: 0 : 10468, 13, 2021/04/25, 09:10:07.294, 1007493333687, vstest.console.dll, DataCollectionRequestSender.SendAfterTestRunStartAndGetResult : Send AfterTestRunEnd message with isCancelled: False
TpTrace Verbose: 0 : 10468, 13, 2021/04/25, 09:10:07.298, 1007493368747, vstest.console.dll, DataCollectionRequestSender.SendAfterTestRunStartAndGetResult : Received message: (DataCollection.AfterTestRunEndResult) -> []
TpTrace Information: 0 : 10468, 13, 2021/04/25, 09:10:07.300, 1007493393017, vstest.console.dll, ProxyDataCollectionManager.InvokeDataCollectionServiceAction: Completed.
TpTrace Warning: 0 : 10468, 9, 2021/04/25, 09:10:07.312, 1007493512923, vstest.console.dll, DataCollectionLauncher.ErrorReceivedCallback datacollector standard error line: 
TpTrace Information: 0 : 10468, 7, 2021/04/25, 09:10:07.320, 1007493593962, vstest.console.dll, DataCollectionLauncher.ExitCallBack: Data collector exited with exitcode: 0 error: ''
TpTrace Verbose: 0 : 10468, 13, 2021/04/25, 09:10:07.442, 1007494812039, vstest.console.dll, TestRunRequest:SendTestRunStatsChange: Starting.
TpTrace Information: 0 : 10468, 13, 2021/04/25, 09:10:07.442, 1007494816229, vstest.console.dll, TestRunRequest:SendTestRunStatsChange: Completed.
TpTrace Verbose: 0 : 10468, 13, 2021/04/25, 09:10:07.443, 1007494819732, vstest.console.dll, ParallelProxyExecutionManager: HandlePartialRunComplete: Total completed clients = 1, Run complete = True, Run canceled: False.
TpTrace Verbose: 0 : 10468, 13, 2021/04/25, 09:10:07.466, 1007495050022, vstest.console.dll, TestRunRequest:TestRunComplete: Starting. IsAborted:False IsCanceled:False.
TpTrace Verbose: 0 : 10468, 13, 2021/04/25, 09:10:07.466, 1007495054188, vstest.console.dll, TestLoggerManager.HandleTestRunComplete: Ignoring as the object is disposed.
TpTrace Information: 0 : 10468, 13, 2021/04/25, 09:10:07.467, 1007495058958, vstest.console.dll, TestRunRequest:TestRunComplete: Completed.
TpTrace Verbose: 0 : 10468, 1, 2021/04/25, 09:10:07.467, 1007495059906, vstest.console.dll, TestRunRequest.Dispose: Starting.
TpTrace Verbose: 0 : 10468, 13, 2021/04/25, 09:10:07.467, 1007495061267, vstest.console.dll, TestRequestSender.SetOperationComplete: Setting operation complete.
TpTrace Information: 0 : 10468, 1, 2021/04/25, 09:10:07.467, 1007495063456, vstest.console.dll, TestRunRequest.Dispose: Completed.
TpTrace Information: 0 : 10468, 13, 2021/04/25, 09:10:07.467, 1007495065538, vstest.console.dll, SocketServer.Stop: Stop server endPoint: 127.0.0.1:53053
TpTrace Information: 0 : 10468, 13, 2021/04/25, 09:10:07.468, 1007495069794, vstest.console.dll, SocketServer.Stop: Cancellation requested. Stopping message loop.
TpTrace Information: 0 : 10468, 13, 2021/04/25, 09:10:07.468, 1007495071836, vstest.console.dll, SocketServer.PrivateStop: Stop server endPoint: 127.0.0.1:53053 error: 
TpTrace Information: 0 : 10468, 1, 2021/04/25, 09:10:07.468, 1007495067783, vstest.console.dll, TestRequestManager.RunTests: run tests completed.
TpTrace Information: 0 : 10468, 1, 2021/04/25, 09:10:07.468, 1007495077325, vstest.console.dll, RunTestsArgumentProcessor:Execute: Test run is completed.
TpTrace Verbose: 0 : 10468, 1, 2021/04/25, 09:10:07.469, 1007495079429, vstest.console.dll, Executor.Execute: Exiting with exit code of 0
TpTrace Verbose: 0 : 10468, 13, 2021/04/25, 09:10:07.469, 1007495080474, vstest.console.dll, LengthPrefixCommunicationChannel.Dispose: Dispose reader and writer.
TpTrace Information: 0 : 10468, 13, 2021/04/25, 09:10:07.469, 1007495085048, vstest.console.dll, SocketServer.Stop: Raise disconnected event endPoint: 127.0.0.1:53053 error: 
TpTrace Verbose: 0 : 10468, 13, 2021/04/25, 09:10:07.470, 1007495087773, vstest.console.dll, TestRequestSender: OnTestRunAbort: Operation is already complete. Skip error message.
TpTrace Verbose: 0 : 10468, 13, 2021/04/25, 09:10:07.470, 1007495090025, vstest.console.dll, TcpClientExtensions.MessageLoopAsync: exiting MessageLoopAsync remoteEndPoint: 127.0.0.1:53054 localEndPoint: 127.0.0.1:53053
