TpTrace Verbose: 0 : 22424, 1, 2021/04/25, 09:09:35.617, 1007176586866, vstest.console.dll, Version: 16.8.3
TpTrace Information: 0 : 22424, 1, 2021/04/25, 09:09:35.638, 1007176777126, vstest.console.dll, FilePatternParser: The given file C:\Users\julian.henao\Desktop\RegistroVotantes\RegistroVotantes\RegistroVotantes.Api.Tests\bin\Debug\netcoreapp3.1\fine-code-coverage\build-output\RegistroVotantes.Api.Tests.dll is a full path.
TpTrace Verbose: 0 : 22424, 1, 2021/04/25, 09:09:35.658, 1007176973906, vstest.console.dll, TestPluginCache.DiscoverTestExtensions: finding test extensions in assemblies ends with: RuntimeProvider.dll TPluginInfo: Microsoft.VisualStudio.TestPlatform.Common.ExtensionFramework.Utilities.TestRuntimePluginInformation TExtension: Microsoft.VisualStudio.TestPlatform.ObjectModel.Host.ITestRuntimeProvider
TpTrace Verbose: 0 : 22424, 1, 2021/04/25, 09:09:35.659, 1007176981216, vstest.console.dll, TestPluginCache.GetExtensionPaths: Filtered extension paths: 
TpTrace Verbose: 0 : 22424, 1, 2021/04/25, 09:09:35.659, 1007176983982, vstest.console.dll, TestPluginCache.GetExtensionPaths: Added default extension paths: C:\Program Files\dotnet\sdk\5.0.104\Extensions\Microsoft.Diagnostics.NETCore.Client.dll
C:\Program Files\dotnet\sdk\5.0.104\Extensions\Microsoft.TestPlatform.Extensions.BlameDataCollector.dll
C:\Program Files\dotnet\sdk\5.0.104\Extensions\Microsoft.TestPlatform.Extensions.EventLogCollector.dll
C:\Program Files\dotnet\sdk\5.0.104\Extensions\Microsoft.TestPlatform.TestHostRuntimeProvider.dll
C:\Program Files\dotnet\sdk\5.0.104\Extensions\Microsoft.VisualStudio.TestPlatform.Extensions.Html.TestLogger.dll
C:\Program Files\dotnet\sdk\5.0.104\Extensions\Microsoft.VisualStudio.TestPlatform.Extensions.Trx.TestLogger.dll
TpTrace Verbose: 0 : 22424, 1, 2021/04/25, 09:09:35.659, 1007176985848, vstest.console.dll, TestPluginCache.GetExtensionPaths: Added unfilterableExtensionPaths: 
TpTrace Information: 0 : 22424, 1, 2021/04/25, 09:09:35.661, 1007177001994, vstest.console.dll, AssemblyResolver.ctor: Creating AssemblyResolver with searchDirectories C:\Program Files\dotnet\sdk\5.0.104\Extensions,C:\Program Files\dotnet\sdk\5.0.104
TpTrace Verbose: 0 : 22424, 1, 2021/04/25, 09:09:35.664, 1007177030788, vstest.console.dll, TestPluginCache.DiscoverTestExtensions: Discovering the extensions using extension path.
TpTrace Verbose: 0 : 22424, 1, 2021/04/25, 09:09:35.664, 1007177033787, vstest.console.dll, TestPluginCache.GetExtensionPaths: Filtered extension paths: 
TpTrace Verbose: 0 : 22424, 1, 2021/04/25, 09:09:35.664, 1007177035777, vstest.console.dll, TestPluginCache.GetExtensionPaths: Added default extension paths: C:\Program Files\dotnet\sdk\5.0.104\Extensions\Microsoft.Diagnostics.NETCore.Client.dll
C:\Program Files\dotnet\sdk\5.0.104\Extensions\Microsoft.TestPlatform.Extensions.BlameDataCollector.dll
C:\Program Files\dotnet\sdk\5.0.104\Extensions\Microsoft.TestPlatform.Extensions.EventLogCollector.dll
C:\Program Files\dotnet\sdk\5.0.104\Extensions\Microsoft.TestPlatform.TestHostRuntimeProvider.dll
C:\Program Files\dotnet\sdk\5.0.104\Extensions\Microsoft.VisualStudio.TestPlatform.Extensions.Html.TestLogger.dll
C:\Program Files\dotnet\sdk\5.0.104\Extensions\Microsoft.VisualStudio.TestPlatform.Extensions.Trx.TestLogger.dll
TpTrace Verbose: 0 : 22424, 1, 2021/04/25, 09:09:35.665, 1007177037559, vstest.console.dll, TestPluginCache.GetExtensionPaths: Added unfilterableExtensionPaths: 
TpTrace Verbose: 0 : 22424, 1, 2021/04/25, 09:09:35.665, 1007177040872, vstest.console.dll, TestPluginCache.DiscoverTestExtensions: Discovering the extensions using allExtensionPaths: C:\Program Files\dotnet\sdk\5.0.104\Extensions\Microsoft.Diagnostics.NETCore.Client.dll
C:\Program Files\dotnet\sdk\5.0.104\Extensions\Microsoft.TestPlatform.Extensions.BlameDataCollector.dll
C:\Program Files\dotnet\sdk\5.0.104\Extensions\Microsoft.TestPlatform.Extensions.EventLogCollector.dll
C:\Program Files\dotnet\sdk\5.0.104\Extensions\Microsoft.TestPlatform.TestHostRuntimeProvider.dll
C:\Program Files\dotnet\sdk\5.0.104\Extensions\Microsoft.VisualStudio.TestPlatform.Extensions.Html.TestLogger.dll
C:\Program Files\dotnet\sdk\5.0.104\Extensions\Microsoft.VisualStudio.TestPlatform.Extensions.Trx.TestLogger.dll
TpTrace Information: 0 : 22424, 1, 2021/04/25, 09:09:35.665, 1007177045789, vstest.console.dll, AssemblyResolver.AddSearchDirectories: Adding more searchDirectories C:\Program Files\dotnet\sdk\5.0.104\Extensions,C:\Program Files\dotnet\sdk\5.0.104
TpTrace Information: 0 : 22424, 1, 2021/04/25, 09:09:35.666, 1007177048318, vstest.console.dll, AssemblyResolver.AddSearchDirectories: Adding more searchDirectories C:\Program Files\dotnet\sdk\5.0.104\Extensions,C:\Program Files\dotnet\sdk\5.0.104
TpTrace Information: 0 : 22424, 1, 2021/04/25, 09:09:35.666, 1007177050409, vstest.console.dll, AssemblyResolver.AddSearchDirectories: Adding more searchDirectories C:\Program Files\dotnet\sdk\5.0.104\Extensions,C:\Program Files\dotnet\sdk\5.0.104
TpTrace Information: 0 : 22424, 1, 2021/04/25, 09:09:35.666, 1007177053058, vstest.console.dll, AssemblyResolver.AddSearchDirectories: Adding more searchDirectories C:\Program Files\dotnet\sdk\5.0.104\Extensions,C:\Program Files\dotnet\sdk\5.0.104
TpTrace Information: 0 : 22424, 1, 2021/04/25, 09:09:35.666, 1007177055667, vstest.console.dll, AssemblyResolver.AddSearchDirectories: Adding more searchDirectories C:\Program Files\dotnet\sdk\5.0.104\Extensions,C:\Program Files\dotnet\sdk\5.0.104
TpTrace Information: 0 : 22424, 1, 2021/04/25, 09:09:35.667, 1007177058136, vstest.console.dll, AssemblyResolver.AddSearchDirectories: Adding more searchDirectories C:\Program Files\dotnet\sdk\5.0.104\Extensions,C:\Program Files\dotnet\sdk\5.0.104
TpTrace Information: 0 : 22424, 1, 2021/04/25, 09:09:35.668, 1007177077209, vstest.console.dll, AssemblyResolver.OnResolve: Microsoft.Diagnostics.NETCore.Client: Resolving assembly.
TpTrace Information: 0 : 22424, 1, 2021/04/25, 09:09:35.673, 1007177126893, vstest.console.dll, AssemblyResolver.OnResolve: Resolved assembly: Microsoft.Diagnostics.NETCore.Client, from path: C:\Program Files\dotnet\sdk\5.0.104\Extensions\Microsoft.Diagnostics.NETCore.Client.dll
TpTrace Information: 0 : 22424, 1, 2021/04/25, 09:09:35.680, 1007177188412, vstest.console.dll, AssemblyResolver.OnResolve: Microsoft.Bcl.AsyncInterfaces: Resolving assembly.
TpTrace Information: 0 : 22424, 1, 2021/04/25, 09:09:35.680, 1007177193781, vstest.console.dll, AssemblyResolver.OnResolve: Microsoft.Bcl.AsyncInterfaces: Failed to load assembly.
TpTrace Verbose: 0 : 22424, 1, 2021/04/25, 09:09:35.680, 1007177195806, vstest.console.dll, CurrentDomain_AssemblyResolve: Resolving assembly 'Microsoft.Bcl.AsyncInterfaces'.
TpTrace Information: 0 : 22424, 1, 2021/04/25, 09:09:35.681, 1007177198128, vstest.console.dll, AssemblyResolver.OnResolve: Microsoft.Bcl.AsyncInterfaces: Resolving assembly.
TpTrace Information: 0 : 22424, 1, 2021/04/25, 09:09:35.681, 1007177200191, vstest.console.dll, AssemblyResolver.OnResolve: Microsoft.Bcl.AsyncInterfaces: Resolved from cache.
TpTrace Verbose: 0 : 22424, 1, 2021/04/25, 09:09:35.681, 1007177202888, vstest.console.dll, CurrentDomain_AssemblyResolve: Resolving assembly 'Microsoft.Bcl.AsyncInterfaces'.
TpTrace Verbose: 0 : 22424, 1, 2021/04/25, 09:09:35.681, 1007177205579, vstest.console.dll, CurrentDomainAssemblyResolve: Failed to resolve assembly 'Microsoft.Bcl.AsyncInterfaces'.
TpTrace Verbose: 0 : 22424, 1, 2021/04/25, 09:09:35.687, 1007177265730, vstest.console.dll, CurrentDomainAssemblyResolve: Failed to resolve assembly 'Microsoft.Bcl.AsyncInterfaces'.
TpTrace Warning: 0 : 22424, 1, 2021/04/25, 09:09:35.736, 1007177755847, vstest.console.dll, TestPluginDiscoverer: Failed to get types from assembly 'Microsoft.Diagnostics.NETCore.Client, Version=0.2.2.41902, Culture=neutral, PublicKeyToken=31bf3856ad364e35'.  Skipping test extension scan for this assembly.  Error: System.Reflection.ReflectionTypeLoadException: Unable to load one or more of the requested types.
Could not load file or assembly 'Microsoft.Bcl.AsyncInterfaces, Version=1.0.0.0, Culture=neutral, PublicKeyToken=cc7b13ffcd2ddd51'. El sistema no puede encontrar el archivo especificado.
   at System.Reflection.RuntimeModule.GetTypes(RuntimeModule module)
   at System.Reflection.RuntimeModule.GetTypes()
   at System.Reflection.Assembly.GetTypes()
   at Microsoft.VisualStudio.TestPlatform.Common.ExtensionFramework.TestPluginDiscoverer.GetTestExtensionsFromAssembly[TPluginInfo,TExtension](Assembly assembly, Dictionary`2 pluginInfos)
System.IO.FileNotFoundException: Could not load file or assembly 'Microsoft.Bcl.AsyncInterfaces, Version=1.0.0.0, Culture=neutral, PublicKeyToken=cc7b13ffcd2ddd51'. El sistema no puede encontrar el archivo especificado.
File name: 'Microsoft.Bcl.AsyncInterfaces, Version=1.0.0.0, Culture=neutral, PublicKeyToken=cc7b13ffcd2ddd51'
TpTrace Warning: 0 : 22424, 1, 2021/04/25, 09:09:35.737, 1007177760918, vstest.console.dll, LoaderExceptions: System.IO.FileNotFoundException: Could not load file or assembly 'Microsoft.Bcl.AsyncInterfaces, Version=1.0.0.0, Culture=neutral, PublicKeyToken=cc7b13ffcd2ddd51'. El sistema no puede encontrar el archivo especificado.
File name: 'Microsoft.Bcl.AsyncInterfaces, Version=1.0.0.0, Culture=neutral, PublicKeyToken=cc7b13ffcd2ddd51'
TpTrace Information: 0 : 22424, 1, 2021/04/25, 09:09:35.737, 1007177764501, vstest.console.dll, AssemblyResolver.OnResolve: Microsoft.TestPlatform.Extensions.BlameDataCollector: Resolving assembly.
TpTrace Information: 0 : 22424, 1, 2021/04/25, 09:09:35.744, 1007177828586, vstest.console.dll, AssemblyResolver.OnResolve: Resolved assembly: Microsoft.TestPlatform.Extensions.BlameDataCollector, from path: C:\Program Files\dotnet\sdk\5.0.104\Extensions\Microsoft.TestPlatform.Extensions.BlameDataCollector.dll
TpTrace Information: 0 : 22424, 1, 2021/04/25, 09:09:35.745, 1007177846352, vstest.console.dll, AssemblyResolver.OnResolve: Microsoft.TestPlatform.Extensions.EventLogCollector: Resolving assembly.
TpTrace Information: 0 : 22424, 1, 2021/04/25, 09:09:35.751, 1007177899606, vstest.console.dll, AssemblyResolver.OnResolve: Resolved assembly: Microsoft.TestPlatform.Extensions.EventLogCollector, from path: C:\Program Files\dotnet\sdk\5.0.104\Extensions\Microsoft.TestPlatform.Extensions.EventLogCollector.dll
TpTrace Information: 0 : 22424, 1, 2021/04/25, 09:09:35.759, 1007177984726, vstest.console.dll, AssemblyResolver.OnResolve: Microsoft.TestPlatform.TestHostRuntimeProvider: Resolving assembly.
TpTrace Information: 0 : 22424, 1, 2021/04/25, 09:09:35.764, 1007178034379, vstest.console.dll, AssemblyResolver.OnResolve: Resolved assembly: Microsoft.TestPlatform.TestHostRuntimeProvider, from path: C:\Program Files\dotnet\sdk\5.0.104\Extensions\Microsoft.TestPlatform.TestHostRuntimeProvider.dll
TpTrace Information: 0 : 22424, 1, 2021/04/25, 09:09:35.768, 1007178072497, vstest.console.dll, AssemblyResolver.OnResolve: Microsoft.VisualStudio.TestPlatform.Extensions.Html.TestLogger: Resolving assembly.
TpTrace Information: 0 : 22424, 1, 2021/04/25, 09:09:35.773, 1007178118561, vstest.console.dll, AssemblyResolver.OnResolve: Resolved assembly: Microsoft.VisualStudio.TestPlatform.Extensions.Html.TestLogger, from path: C:\Program Files\dotnet\sdk\5.0.104\Extensions\Microsoft.VisualStudio.TestPlatform.Extensions.Html.TestLogger.dll
TpTrace Information: 0 : 22424, 1, 2021/04/25, 09:09:35.773, 1007178125121, vstest.console.dll, AssemblyResolver.OnResolve: Microsoft.VisualStudio.TestPlatform.Extensions.Trx.TestLogger: Resolving assembly.
TpTrace Information: 0 : 22424, 1, 2021/04/25, 09:09:35.780, 1007178187851, vstest.console.dll, AssemblyResolver.OnResolve: Resolved assembly: Microsoft.VisualStudio.TestPlatform.Extensions.Trx.TestLogger, from path: C:\Program Files\dotnet\sdk\5.0.104\Extensions\Microsoft.VisualStudio.TestPlatform.Extensions.Trx.TestLogger.dll
TpTrace Verbose: 0 : 22424, 1, 2021/04/25, 09:09:35.782, 1007178214112, vstest.console.dll, TestPluginCache: Discovered the extensions using extension path ''.
TpTrace Verbose: 0 : 22424, 1, 2021/04/25, 09:09:35.783, 1007178217422, vstest.console.dll, TestPluginCache: Discoverers are ''.
TpTrace Verbose: 0 : 22424, 1, 2021/04/25, 09:09:35.783, 1007178221611, vstest.console.dll, TestPluginCache: Executors are ''.
TpTrace Verbose: 0 : 22424, 1, 2021/04/25, 09:09:35.783, 1007178225170, vstest.console.dll, TestPluginCache: Executors2 are ''.
TpTrace Verbose: 0 : 22424, 1, 2021/04/25, 09:09:35.784, 1007178227448, vstest.console.dll, TestPluginCache: Setting providers are ''.
TpTrace Verbose: 0 : 22424, 1, 2021/04/25, 09:09:35.784, 1007178229386, vstest.console.dll, TestPluginCache: Loggers are ''.
TpTrace Information: 0 : 22424, 1, 2021/04/25, 09:09:35.795, 1007178338725, vstest.console.dll, RunTestsArgumentProcessor:Execute: Test run is starting.
TpTrace Verbose: 0 : 22424, 1, 2021/04/25, 09:09:35.795, 1007178341718, vstest.console.dll, RunTestsArgumentProcessor:Execute: Queuing Test run.
TpTrace Information: 0 : 22424, 1, 2021/04/25, 09:09:35.795, 1007178346092, vstest.console.dll, TestRequestManager.RunTests: run tests started.
TpTrace Information: 0 : 22424, 1, 2021/04/25, 09:09:35.806, 1007178447424, vstest.console.dll, AssemblyMetadataProvider.GetFrameWork: Determined framework:'.NETCoreApp,Version=v3.1' for source: 'C:\Users\julian.henao\Desktop\RegistroVotantes\RegistroVotantes\RegistroVotantes.Api.Tests\bin\Debug\netcoreapp3.1\fine-code-coverage\build-output\RegistroVotantes.Api.Tests.dll'
TpTrace Information: 0 : 22424, 1, 2021/04/25, 09:09:35.806, 1007178452265, vstest.console.dll, Determined framework for all sources: .NETCoreApp,Version=v3.1
TpTrace Information: 0 : 22424, 1, 2021/04/25, 09:09:35.808, 1007178470045, vstest.console.dll, AssemblyMetadataProvider.GetArchitecture: Determined architecture:AnyCPU info for assembly: C:\Users\julian.henao\Desktop\RegistroVotantes\RegistroVotantes\RegistroVotantes.Api.Tests\bin\Debug\netcoreapp3.1\fine-code-coverage\build-output\RegistroVotantes.Api.Tests.dll
TpTrace Information: 0 : 22424, 1, 2021/04/25, 09:09:35.811, 1007178505502, vstest.console.dll, Determined platform for all sources: X64
TpTrace Information: 0 : 22424, 1, 2021/04/25, 09:09:35.817, 1007178560919, vstest.console.dll, Compatible sources list : 
TpTrace Information: 0 : 22424, 1, 2021/04/25, 09:09:35.817, 1007178565248, vstest.console.dll, C:\Users\julian.henao\Desktop\RegistroVotantes\RegistroVotantes\RegistroVotantes.Api.Tests\bin\Debug\netcoreapp3.1\fine-code-coverage\build-output\RegistroVotantes.Api.Tests.dll
TpTrace Information: 0 : 22424, 1, 2021/04/25, 09:09:35.822, 1007178614411, vstest.console.dll, InferRunSettingsHelper.IsTestSettingsEnabled: Unable to navigate to RunSettings/MSTest. Current node: RunSettings
TpTrace Information: 0 : 22424, 1, 2021/04/25, 09:09:35.825, 1007178639854, vstest.console.dll, AssemblyResolver.OnResolve: Microsoft.VisualStudio.TestPlatform.Fakes: Resolving assembly.
TpTrace Information: 0 : 22424, 1, 2021/04/25, 09:09:35.825, 1007178646161, vstest.console.dll, AssemblyResolver.OnResolve: Microsoft.VisualStudio.TestPlatform.Fakes: Failed to load assembly.
TpTrace Information: 0 : 22424, 1, 2021/04/25, 09:09:35.828, 1007178670360, vstest.console.dll, Failed to create newly implemented Fakes Configurator. Reason:System.IO.FileNotFoundException: Could not load file or assembly 'Microsoft.VisualStudio.TestPlatform.Fakes, Version=16.0.0.0, Culture=neutral, PublicKeyToken=null'. El sistema no puede encontrar el archivo especificado.
File name: 'Microsoft.VisualStudio.TestPlatform.Fakes, Version=16.0.0.0, Culture=neutral, PublicKeyToken=null'
   at System.Reflection.RuntimeAssembly.InternalLoad(ObjectHandleOnStack assemblyName, ObjectHandleOnStack requestingAssembly, StackCrawlMarkHandle stackMark, Boolean throwOnFileNotFound, ObjectHandleOnStack assemblyLoadContext, ObjectHandleOnStack retAssembly)
   at System.Reflection.RuntimeAssembly.InternalLoad(AssemblyName assemblyName, RuntimeAssembly requestingAssembly, StackCrawlMark& stackMark, Boolean throwOnFileNotFound, AssemblyLoadContext assemblyLoadContext)
   at System.Reflection.Assembly.Load(String assemblyString)
   at Microsoft.VisualStudio.TestPlatform.Common.Utilities.FakesUtilities.TryGetFakesCrossPlatformDataCollectorConfigurator() 
TpTrace Verbose: 0 : 22424, 1, 2021/04/25, 09:09:35.836, 1007178749849, vstest.console.dll, TestPluginCache.DiscoverTestExtensions: finding test extensions in assemblies ends with: TestLogger.dll TPluginInfo: Microsoft.VisualStudio.TestPlatform.Common.ExtensionFramework.Utilities.TestLoggerPluginInformation TExtension: Microsoft.VisualStudio.TestPlatform.ObjectModel.Client.ITestLogger
TpTrace Verbose: 0 : 22424, 1, 2021/04/25, 09:09:35.836, 1007178752909, vstest.console.dll, TestPluginCache.GetExtensionPaths: Filtered extension paths: 
TpTrace Verbose: 0 : 22424, 1, 2021/04/25, 09:09:35.836, 1007178755002, vstest.console.dll, TestPluginCache.GetExtensionPaths: Added default extension paths: C:\Program Files\dotnet\sdk\5.0.104\Extensions\Microsoft.Diagnostics.NETCore.Client.dll
C:\Program Files\dotnet\sdk\5.0.104\Extensions\Microsoft.TestPlatform.Extensions.BlameDataCollector.dll
C:\Program Files\dotnet\sdk\5.0.104\Extensions\Microsoft.TestPlatform.Extensions.EventLogCollector.dll
C:\Program Files\dotnet\sdk\5.0.104\Extensions\Microsoft.TestPlatform.TestHostRuntimeProvider.dll
C:\Program Files\dotnet\sdk\5.0.104\Extensions\Microsoft.VisualStudio.TestPlatform.Extensions.Html.TestLogger.dll
C:\Program Files\dotnet\sdk\5.0.104\Extensions\Microsoft.VisualStudio.TestPlatform.Extensions.Trx.TestLogger.dll
TpTrace Verbose: 0 : 22424, 1, 2021/04/25, 09:09:35.836, 1007178757094, vstest.console.dll, TestPluginCache.GetExtensionPaths: Added unfilterableExtensionPaths: 
TpTrace Information: 0 : 22424, 1, 2021/04/25, 09:09:35.837, 1007178761327, vstest.console.dll, AssemblyResolver.AddSearchDirectories: Adding more searchDirectories C:\Program Files\dotnet\sdk\5.0.104\Extensions,C:\Program Files\dotnet\sdk\5.0.104
TpTrace Verbose: 0 : 22424, 1, 2021/04/25, 09:09:35.837, 1007178763633, vstest.console.dll, TestPluginCache.DiscoverTestExtensions: Discovering the extensions using extension path.
TpTrace Verbose: 0 : 22424, 1, 2021/04/25, 09:09:35.837, 1007178765601, vstest.console.dll, TestPluginCache.GetExtensionPaths: Filtered extension paths: 
TpTrace Verbose: 0 : 22424, 1, 2021/04/25, 09:09:35.838, 1007178767539, vstest.console.dll, TestPluginCache.GetExtensionPaths: Added default extension paths: C:\Program Files\dotnet\sdk\5.0.104\Extensions\Microsoft.Diagnostics.NETCore.Client.dll
C:\Program Files\dotnet\sdk\5.0.104\Extensions\Microsoft.TestPlatform.Extensions.BlameDataCollector.dll
C:\Program Files\dotnet\sdk\5.0.104\Extensions\Microsoft.TestPlatform.Extensions.EventLogCollector.dll
C:\Program Files\dotnet\sdk\5.0.104\Extensions\Microsoft.TestPlatform.TestHostRuntimeProvider.dll
C:\Program Files\dotnet\sdk\5.0.104\Extensions\Microsoft.VisualStudio.TestPlatform.Extensions.Html.TestLogger.dll
C:\Program Files\dotnet\sdk\5.0.104\Extensions\Microsoft.VisualStudio.TestPlatform.Extensions.Trx.TestLogger.dll
TpTrace Verbose: 0 : 22424, 1, 2021/04/25, 09:09:35.838, 1007178769658, vstest.console.dll, TestPluginCache.GetExtensionPaths: Added unfilterableExtensionPaths: 
TpTrace Verbose: 0 : 22424, 1, 2021/04/25, 09:09:35.838, 1007178771698, vstest.console.dll, TestPluginCache.DiscoverTestExtensions: Discovering the extensions using allExtensionPaths: C:\Program Files\dotnet\sdk\5.0.104\Extensions\Microsoft.Diagnostics.NETCore.Client.dll
C:\Program Files\dotnet\sdk\5.0.104\Extensions\Microsoft.TestPlatform.Extensions.BlameDataCollector.dll
C:\Program Files\dotnet\sdk\5.0.104\Extensions\Microsoft.TestPlatform.Extensions.EventLogCollector.dll
C:\Program Files\dotnet\sdk\5.0.104\Extensions\Microsoft.TestPlatform.TestHostRuntimeProvider.dll
C:\Program Files\dotnet\sdk\5.0.104\Extensions\Microsoft.VisualStudio.TestPlatform.Extensions.Html.TestLogger.dll
C:\Program Files\dotnet\sdk\5.0.104\Extensions\Microsoft.VisualStudio.TestPlatform.Extensions.Trx.TestLogger.dll
TpTrace Information: 0 : 22424, 1, 2021/04/25, 09:09:35.838, 1007178773963, vstest.console.dll, AssemblyResolver.AddSearchDirectories: Adding more searchDirectories C:\Program Files\dotnet\sdk\5.0.104\Extensions,C:\Program Files\dotnet\sdk\5.0.104
TpTrace Information: 0 : 22424, 1, 2021/04/25, 09:09:35.838, 1007178776040, vstest.console.dll, AssemblyResolver.AddSearchDirectories: Adding more searchDirectories C:\Program Files\dotnet\sdk\5.0.104\Extensions,C:\Program Files\dotnet\sdk\5.0.104
TpTrace Information: 0 : 22424, 1, 2021/04/25, 09:09:35.839, 1007178778049, vstest.console.dll, AssemblyResolver.AddSearchDirectories: Adding more searchDirectories C:\Program Files\dotnet\sdk\5.0.104\Extensions,C:\Program Files\dotnet\sdk\5.0.104
TpTrace Information: 0 : 22424, 1, 2021/04/25, 09:09:35.839, 1007178780225, vstest.console.dll, AssemblyResolver.AddSearchDirectories: Adding more searchDirectories C:\Program Files\dotnet\sdk\5.0.104\Extensions,C:\Program Files\dotnet\sdk\5.0.104
TpTrace Information: 0 : 22424, 1, 2021/04/25, 09:09:35.839, 1007178782191, vstest.console.dll, AssemblyResolver.AddSearchDirectories: Adding more searchDirectories C:\Program Files\dotnet\sdk\5.0.104\Extensions,C:\Program Files\dotnet\sdk\5.0.104
TpTrace Information: 0 : 22424, 1, 2021/04/25, 09:09:35.839, 1007178784146, vstest.console.dll, AssemblyResolver.AddSearchDirectories: Adding more searchDirectories C:\Program Files\dotnet\sdk\5.0.104\Extensions,C:\Program Files\dotnet\sdk\5.0.104
TpTrace Information: 0 : 22424, 1, 2021/04/25, 09:09:35.840, 1007178788286, vstest.console.dll, AssemblyResolver.OnResolve: Microsoft.Bcl.AsyncInterfaces: Resolving assembly.
TpTrace Information: 0 : 22424, 1, 2021/04/25, 09:09:35.840, 1007178790481, vstest.console.dll, AssemblyResolver.OnResolve: Microsoft.Bcl.AsyncInterfaces: Resolved from cache.
TpTrace Verbose: 0 : 22424, 1, 2021/04/25, 09:09:35.840, 1007178792497, vstest.console.dll, CurrentDomain_AssemblyResolve: Resolving assembly 'Microsoft.Bcl.AsyncInterfaces'.
TpTrace Information: 0 : 22424, 1, 2021/04/25, 09:09:35.840, 1007178794856, vstest.console.dll, AssemblyResolver.OnResolve: Microsoft.Bcl.AsyncInterfaces: Resolving assembly.
TpTrace Information: 0 : 22424, 1, 2021/04/25, 09:09:35.840, 1007178796837, vstest.console.dll, AssemblyResolver.OnResolve: Microsoft.Bcl.AsyncInterfaces: Resolved from cache.
TpTrace Verbose: 0 : 22424, 1, 2021/04/25, 09:09:35.841, 1007178798898, vstest.console.dll, CurrentDomain_AssemblyResolve: Resolving assembly 'Microsoft.Bcl.AsyncInterfaces'.
TpTrace Verbose: 0 : 22424, 1, 2021/04/25, 09:09:35.841, 1007178801903, vstest.console.dll, CurrentDomainAssemblyResolve: Failed to resolve assembly 'Microsoft.Bcl.AsyncInterfaces'.
TpTrace Verbose: 0 : 22424, 1, 2021/04/25, 09:09:35.842, 1007178807742, vstest.console.dll, CurrentDomainAssemblyResolve: Failed to resolve assembly 'Microsoft.Bcl.AsyncInterfaces'.
TpTrace Warning: 0 : 22424, 1, 2021/04/25, 09:09:35.843, 1007178818582, vstest.console.dll, TestPluginDiscoverer: Failed to get types from assembly 'Microsoft.Diagnostics.NETCore.Client, Version=0.2.2.41902, Culture=neutral, PublicKeyToken=31bf3856ad364e35'.  Skipping test extension scan for this assembly.  Error: System.Reflection.ReflectionTypeLoadException: Unable to load one or more of the requested types.
Could not load file or assembly 'Microsoft.Bcl.AsyncInterfaces, Version=1.0.0.0, Culture=neutral, PublicKeyToken=cc7b13ffcd2ddd51'. El sistema no puede encontrar el archivo especificado.
   at System.Reflection.RuntimeModule.GetTypes(RuntimeModule module)
   at System.Reflection.RuntimeModule.GetTypes()
   at System.Reflection.Assembly.GetTypes()
   at Microsoft.VisualStudio.TestPlatform.Common.ExtensionFramework.TestPluginDiscoverer.GetTestExtensionsFromAssembly[TPluginInfo,TExtension](Assembly assembly, Dictionary`2 pluginInfos)
System.IO.FileNotFoundException: Could not load file or assembly 'Microsoft.Bcl.AsyncInterfaces, Version=1.0.0.0, Culture=neutral, PublicKeyToken=cc7b13ffcd2ddd51'. El sistema no puede encontrar el archivo especificado.
File name: 'Microsoft.Bcl.AsyncInterfaces, Version=1.0.0.0, Culture=neutral, PublicKeyToken=cc7b13ffcd2ddd51'
TpTrace Warning: 0 : 22424, 1, 2021/04/25, 09:09:35.843, 1007178821246, vstest.console.dll, LoaderExceptions: System.IO.FileNotFoundException: Could not load file or assembly 'Microsoft.Bcl.AsyncInterfaces, Version=1.0.0.0, Culture=neutral, PublicKeyToken=cc7b13ffcd2ddd51'. El sistema no puede encontrar el archivo especificado.
File name: 'Microsoft.Bcl.AsyncInterfaces, Version=1.0.0.0, Culture=neutral, PublicKeyToken=cc7b13ffcd2ddd51'
TpTrace Verbose: 0 : 22424, 1, 2021/04/25, 09:09:35.844, 1007178827949, vstest.console.dll, TestPluginCache: Discovered the extensions using extension path ''.
TpTrace Verbose: 0 : 22424, 1, 2021/04/25, 09:09:35.844, 1007178830312, vstest.console.dll, TestPluginCache: Discoverers are ''.
TpTrace Verbose: 0 : 22424, 1, 2021/04/25, 09:09:35.844, 1007178832299, vstest.console.dll, TestPluginCache: Executors are ''.
TpTrace Verbose: 0 : 22424, 1, 2021/04/25, 09:09:35.844, 1007178834181, vstest.console.dll, TestPluginCache: Executors2 are ''.
TpTrace Verbose: 0 : 22424, 1, 2021/04/25, 09:09:35.844, 1007178836140, vstest.console.dll, TestPluginCache: Setting providers are ''.
TpTrace Verbose: 0 : 22424, 1, 2021/04/25, 09:09:35.845, 1007178838814, vstest.console.dll, TestPluginCache: Loggers are 'logger://Microsoft/TestPlatform/Extensions/Blame/v1,logger://Microsoft/TestPlatform/HtmlLogger/v1,logger://Microsoft/TestPlatform/TrxLogger/v1'.
TpTrace Information: 0 : 22424, 1, 2021/04/25, 09:09:35.846, 1007178850771, vstest.console.dll, TestPluginManager.CreateTestExtension: Attempting to load test extension: Microsoft.TestPlatform.Extensions.BlameDataCollector.BlameLogger
TpTrace Information: 0 : 22424, 1, 2021/04/25, 09:09:35.869, 1007179085751, vstest.console.dll, TestPluginManager.CreateTestExtension: Attempting to load test extension: Microsoft.VisualStudio.TestPlatform.CrossPlatEngine.Hosting.DefaultTestHostManager
TpTrace Information: 0 : 22424, 1, 2021/04/25, 09:09:35.870, 1007179092345, vstest.console.dll, TestPluginManager.CreateTestExtension: Attempting to load test extension: Microsoft.VisualStudio.TestPlatform.CrossPlatEngine.Hosting.DotnetTestHostManager
TpTrace Verbose: 0 : 22424, 1, 2021/04/25, 09:09:35.871, 1007179102827, vstest.console.dll, TestEngine: Initializing Parallel Execution as MaxCpuCount is set to: 1
TpTrace Information: 0 : 22424, 1, 2021/04/25, 09:09:35.872, 1007179112792, vstest.console.dll, InferRunSettingsHelper.IsTestSettingsEnabled: Unable to navigate to RunSettings/MSTest. Current node: RunSettings
TpTrace Verbose: 0 : 22424, 1, 2021/04/25, 09:09:35.935, 1007179737536, vstest.console.dll, TestRequestSender is acting as server
TpTrace Verbose: 0 : 22424, 4, 2021/04/25, 09:09:35.949, 1007179884242, vstest.console.dll, DataCollectionRequestSender.InitializeCommunication : Initialize communication. 
TpTrace Information: 0 : 22424, 4, 2021/04/25, 09:09:36.037, 1007180763652, vstest.console.dll, Listening on Endpoint : 127.0.0.1:53021
TpTrace Verbose: 0 : 22424, 4, 2021/04/25, 09:09:36.103, 1007181419094, vstest.console.dll, DotnetDataCollectionLauncher: Full path of dotnet.exe is C:\Program Files\dotnet\dotnet.exe
TpTrace Verbose: 0 : 22424, 4, 2021/04/25, 09:09:36.104, 1007181436770, vstest.console.dll, DotnetDataCollectionLauncher: Adding  --runtimeconfig "C:\Program Files\dotnet\sdk\5.0.104\datacollector.runtimeconfig.json" in args
TpTrace Verbose: 0 : 22424, 4, 2021/04/25, 09:09:36.106, 1007181449268, vstest.console.dll, DotnetDataCollectionLauncher: Adding  --depsfile "C:\Program Files\dotnet\sdk\5.0.104\datacollector.deps.json" in args
TpTrace Information: 0 : 22424, 4, 2021/04/25, 09:09:36.163, 1007182017796, vstest.console.dll, ProxyDataCollectionManager.Initialize: Launched datacollector processId: 14872 port: 53021
TpTrace Information: 0 : 22424, 4, 2021/04/25, 09:09:36.164, 1007182029127, vstest.console.dll, ProxyDataCollectionManager.Initialize: waiting for connection with timeout: 90 seconds
TpTrace Verbose: 0 : 22424, 4, 2021/04/25, 09:09:36.164, 1007182036552, vstest.console.dll, DataCollectionRequestSender.WaitForRequestHandlerConnection : Waiting for connection with timeout: 90000
TpTrace Information: 0 : 22424, 7, 2021/04/25, 09:09:36.756, 1007187955670, vstest.console.dll, Using the buffer size of 16384 bytes
TpTrace Verbose: 0 : 22424, 4, 2021/04/25, 09:09:36.757, 1007187958652, vstest.console.dll, ProxyDataCollectionManager.InvokeDataCollectionServiceAction: Starting.
TpTrace Information: 0 : 22424, 7, 2021/04/25, 09:09:36.757, 1007187965565, vstest.console.dll, Accepted Client request and set the flag
TpTrace Information: 0 : 22424, 4, 2021/04/25, 09:09:36.758, 1007187977123, vstest.console.dll, ProxyDataCollectionManager.BeforeTestRunStart: Get environment variable and port for datacollector processId: 14872 port: 53021
TpTrace Verbose: 0 : 22424, 4, 2021/04/25, 09:09:36.760, 1007187992896, vstest.console.dll, DataCollectionRequestSender.SendBeforeTestRunStartAndGetResult : Send BeforeTestRunStart message with settingsXml <RunSettings><RunConfiguration><ResultsDirectory>C:\Users\julian.henao\Desktop\RegistroVotantes\RegistroVotantes\RegistroVotantes.Api.Tests\bin\Debug\netcoreapp3.1\fine-code-coverage\coverage-tool-output</ResultsDirectory><TargetPlatform>X64</TargetPlatform><TargetFrameworkVersion>.NETCoreApp,Version=v3.1</TargetFrameworkVersion><DesignMode>False</DesignMode><CollectSourceInformation>False</CollectSourceInformation><TestAdaptersPaths>C:\Program Files\dotnet\sdk\5.0.104\Extensions</TestAdaptersPaths></RunConfiguration><LoggerRunSettings><Loggers><Logger friendlyName="blame" enabled="True" /><Logger friendlyName="Console" uri="logger://microsoft/TestPlatform/ConsoleLogger/v1" assemblyQualifiedName="Microsoft.VisualStudio.TestPlatform.CommandLine.Internal.ConsoleLogger, vstest.console, Version=15.0.0.0, Culture=neutral, PublicKeyToken=b03f5f7f11d50a3a" codeBase="C:\Program Files\dotnet\sdk\5.0.104\vstest.console.dll" enabled="True" /></Loggers></LoggerRunSettings><DataCollectionRunSettings><DataCollectors><DataCollector friendlyName="blame" enabled="True"><Configuration><ResultsDirectory>C:\Users\julian.henao\Desktop\RegistroVotantes\RegistroVotantes\RegistroVotantes.Api.Tests\bin\Debug\netcoreapp3.1\fine-code-coverage\coverage-tool-output</ResultsDirectory></Configuration></DataCollector></DataCollectors></DataCollectionRunSettings></RunSettings> and sources System.Linq.Enumerable+Concat2Iterator`1[System.String]: 
TpTrace Verbose: 0 : 22424, 4, 2021/04/25, 09:09:37.043, 1007190818127, vstest.console.dll, DataCollectionRequestSender.SendBeforeTestRunStartAndGetResult : Received message: (DataCollection.SendMessage) -> {
  "FriendlyName": null,
  "Uri": null,
  "TestCaseId": "00000000-0000-0000-0000-000000000000",
  "Message": "Logging DataCollector Diagnostics in file: C:\\Users\\julian.henao\\Desktop\\RegistroVotantes\\RegistroVotantes\\RegistroVotantes.Api.Tests\\bin\\Debug\\netcoreapp3.1\\fine-code-coverage\\coverage-tool-output\\diagnostics.datacollector.21-04-25_09-09-36_07662_4.log",
  "Level": 0
}
TpTrace Information: 0 : 22424, 4, 2021/04/25, 09:09:37.055, 1007190945625, vstest.console.dll, AssemblyResolver.OnResolve: Microsoft.VisualStudio.TestPlatform.Common.resources: Resolving assembly.
TpTrace Information: 0 : 22424, 4, 2021/04/25, 09:09:37.056, 1007190952558, vstest.console.dll, AssemblyResolver.OnResolve: Microsoft.VisualStudio.TestPlatform.Common.resources: Failed to load assembly.
TpTrace Verbose: 0 : 22424, 4, 2021/04/25, 09:09:37.246, 1007192848401, vstest.console.dll, DataCollectionRequestSender.SendBeforeTestRunStartAndGetResult : Received message: (DataCollection.BeforeTestRunStartResult) -> {
  "EnvironmentVariables": {},
  "DataCollectionEventsPort": 53026
}
TpTrace Information: 0 : 22424, 4, 2021/04/25, 09:09:37.261, 1007193006997, vstest.console.dll, ProxyDataCollectionManager.BeforeTestRunStart: SendBeforeTestRunStartAndGetResult successful, env variable from datacollector:   and testhost port: 53026
TpTrace Information: 0 : 22424, 4, 2021/04/25, 09:09:37.262, 1007193013111, vstest.console.dll, ProxyDataCollectionManager.InvokeDataCollectionServiceAction: Completed.
TpTrace Verbose: 0 : 22424, 1, 2021/04/25, 09:09:37.263, 1007193021937, vstest.console.dll, TestRunRequest.ExecuteAsync: Creating test run request.
TpTrace Verbose: 0 : 22424, 1, 2021/04/25, 09:09:37.264, 1007193035674, vstest.console.dll, TestRunRequest.ExecuteAsync: Starting.
TpTrace Information: 0 : 22424, 1, 2021/04/25, 09:09:37.266, 1007193050900, vstest.console.dll, TestRunRequest.ExecuteAsync: Starting run with settings:TestRunCriteria:
   KeepAlive=False,FrequencyOfRunStatsChangeEvent=10,RunStatsChangeEventTimeout=00:00:01.5000000,TestCaseFilter=,TestExecutorLauncher=
   Settingsxml=<RunSettings>
  <RunConfiguration>
    <ResultsDirectory>C:\Users\julian.henao\Desktop\RegistroVotantes\RegistroVotantes\RegistroVotantes.Api.Tests\bin\Debug\netcoreapp3.1\fine-code-coverage\coverage-tool-output</ResultsDirectory>
    <TargetPlatform>X64</TargetPlatform>
    <TargetFrameworkVersion>.NETCoreApp,Version=v3.1</TargetFrameworkVersion>
    <DesignMode>False</DesignMode>
    <CollectSourceInformation>False</CollectSourceInformation>
  </RunConfiguration>
  <LoggerRunSettings>
    <Loggers>
      <Logger friendlyName="blame" enabled="True" />
      <Logger friendlyName="Console" uri="logger://microsoft/TestPlatform/ConsoleLogger/v1" assemblyQualifiedName="Microsoft.VisualStudio.TestPlatform.CommandLine.Internal.ConsoleLogger, vstest.console, Version=15.0.0.0, Culture=neutral, PublicKeyToken=b03f5f7f11d50a3a" codeBase="C:\Program Files\dotnet\sdk\5.0.104\vstest.console.dll" enabled="True" />
    </Loggers>
  </LoggerRunSettings>
  <DataCollectionRunSettings>
    <DataCollectors>
      <DataCollector friendlyName="blame" enabled="True">
        <Configuration>
          <ResultsDirectory>C:\Users\julian.henao\Desktop\RegistroVotantes\RegistroVotantes\RegistroVotantes.Api.Tests\bin\Debug\netcoreapp3.1\fine-code-coverage\coverage-tool-output</ResultsDirectory>
        </Configuration>
      </DataCollector>
    </DataCollectors>
  </DataCollectionRunSettings>
</RunSettings>

TpTrace Verbose: 0 : 22424, 1, 2021/04/25, 09:09:37.266, 1007193056835, vstest.console.dll, TestRunRequest.ExecuteAsync: Wait for the first run request is over.
TpTrace Verbose: 0 : 22424, 1, 2021/04/25, 09:09:37.268, 1007193076012, vstest.console.dll, ParallelProxyExecutionManager: Start execution. Total sources: 1
TpTrace Information: 0 : 22424, 1, 2021/04/25, 09:09:37.272, 1007193108485, vstest.console.dll, ProxyParallelExecutionManager: Triggering test run for next source: C:\Users\julian.henao\Desktop\RegistroVotantes\RegistroVotantes\RegistroVotantes.Api.Tests\bin\Debug\netcoreapp3.1\fine-code-coverage\build-output\RegistroVotantes.Api.Tests.dll
TpTrace Verbose: 0 : 22424, 4, 2021/04/25, 09:09:37.273, 1007193120202, vstest.console.dll, ParallelProxyExecutionManager: Execution started. Started clients: 1
TpTrace Verbose: 0 : 22424, 1, 2021/04/25, 09:09:37.273, 1007193120611, vstest.console.dll, ProxyParallelExecutionManager: No sources available for execution.
TpTrace Information: 0 : 22424, 1, 2021/04/25, 09:09:37.274, 1007193133332, vstest.console.dll, TestRunRequest.ExecuteAsync: Started.
TpTrace Verbose: 0 : 22424, 1, 2021/04/25, 09:09:37.275, 1007193142402, vstest.console.dll, TestRunRequest.WaitForCompletion: Waiting with timeout -1.
TpTrace Verbose: 0 : 22424, 4, 2021/04/25, 09:09:37.275, 1007193145460, vstest.console.dll, TestRunRequest:SendTestRunMessage: Starting.
TpTrace Information: 0 : 22424, 4, 2021/04/25, 09:09:37.276, 1007193155110, vstest.console.dll, TestRunRequest:SendTestRunMessage: Completed.
TpTrace Verbose: 0 : 22424, 4, 2021/04/25, 09:09:37.277, 1007193165884, vstest.console.dll, ProxyExecutionManager: Test host is always Lazy initialize.
TpTrace Verbose: 0 : 22424, 4, 2021/04/25, 09:09:37.279, 1007193177553, vstest.console.dll, TestRequestSender.InitializeCommunication: initialize communication. 
TpTrace Information: 0 : 22424, 4, 2021/04/25, 09:09:37.280, 1007193194592, vstest.console.dll, SocketServer.Start: Listening on endpoint : 127.0.0.1:53027
TpTrace Verbose: 0 : 22424, 4, 2021/04/25, 09:09:37.284, 1007193229576, vstest.console.dll, DotnetTestHostmanager: Adding  --runtimeconfig "C:\Users\julian.henao\Desktop\RegistroVotantes\RegistroVotantes\RegistroVotantes.Api.Tests\bin\Debug\netcoreapp3.1\fine-code-coverage\build-output\RegistroVotantes.Api.Tests.runtimeconfig.json" in args
TpTrace Verbose: 0 : 22424, 4, 2021/04/25, 09:09:37.285, 1007193242485, vstest.console.dll, DotnetTestHostmanager: Adding  --depsfile "C:\Users\julian.henao\Desktop\RegistroVotantes\RegistroVotantes\RegistroVotantes.Api.Tests\bin\Debug\netcoreapp3.1\fine-code-coverage\build-output\RegistroVotantes.Api.Tests.deps.json" in args
TpTrace Information: 0 : 22424, 4, 2021/04/25, 09:09:37.286, 1007193256912, vstest.console.dll, AssemblyResolver.OnResolve: Microsoft.Extensions.DependencyModel: Resolving assembly.
TpTrace Information: 0 : 22424, 4, 2021/04/25, 09:09:37.296, 1007193349189, vstest.console.dll, AssemblyResolver.OnResolve: Resolved assembly: Microsoft.Extensions.DependencyModel, from path: C:\Program Files\dotnet\sdk\5.0.104\Microsoft.Extensions.DependencyModel.dll
TpTrace Verbose: 0 : 22424, 4, 2021/04/25, 09:09:37.297, 1007193365765, vstest.console.dll, DotnetTestHostmanager: Reading file C:\Users\julian.henao\Desktop\RegistroVotantes\RegistroVotantes\RegistroVotantes.Api.Tests\bin\Debug\netcoreapp3.1\fine-code-coverage\build-output\RegistroVotantes.Api.Tests.deps.json to get path of testhost.dll
TpTrace Verbose: 0 : 22424, 4, 2021/04/25, 09:09:37.483, 1007195225815, vstest.console.dll, DotnetTestHostmanager: Relative path of testhost.dll with respect to package folder is microsoft.testplatform.testhost/16.2.0\lib/netstandard1.5/testhost.dll
TpTrace Verbose: 0 : 22424, 4, 2021/04/25, 09:09:37.488, 1007195267880, vstest.console.dll, DotnetTestHostmanager: Looking for path microsoft.testplatform.testhost/16.2.0\lib/netstandard1.5/testhost.dll in folder C:\Users\julian.henao\.dotnet\store\|arch|\|tfm|
TpTrace Verbose: 0 : 22424, 4, 2021/04/25, 09:09:37.488, 1007195276524, vstest.console.dll, DotnetTestHostmanager: Looking for path microsoft.testplatform.testhost/16.2.0\lib/netstandard1.5/testhost.dll in folder C:\Users\julian.henao\.nuget\packages
TpTrace Verbose: 0 : 22424, 4, 2021/04/25, 09:09:37.491, 1007195303396, vstest.console.dll, DotnetTestHostmanager: Full path of testhost.dll is C:\Users\julian.henao\.nuget\packages\microsoft.testplatform.testhost/16.2.0\lib/netstandard1.5/testhost.dll
TpTrace Verbose: 0 : 22424, 4, 2021/04/25, 09:09:37.492, 1007195309356, vstest.console.dll, DotnetTestHostmanager: Full path of host exe is C:\Program Files\dotnet\dotnet.exe
TpTrace Verbose: 0 : 22424, 10, 2021/04/25, 09:09:37.496, 1007195350134, vstest.console.dll, DotnetTestHostManager: Starting process 'C:\Program Files\dotnet\dotnet.exe' with command line 'exec --runtimeconfig "C:\Users\julian.henao\Desktop\RegistroVotantes\RegistroVotantes\RegistroVotantes.Api.Tests\bin\Debug\netcoreapp3.1\fine-code-coverage\build-output\RegistroVotantes.Api.Tests.runtimeconfig.json" --depsfile "C:\Users\julian.henao\Desktop\RegistroVotantes\RegistroVotantes\RegistroVotantes.Api.Tests\bin\Debug\netcoreapp3.1\fine-code-coverage\build-output\RegistroVotantes.Api.Tests.deps.json" "C:\Users\julian.henao\.nuget\packages\microsoft.testplatform.testhost/16.2.0\lib/netstandard1.5/testhost.dll" --port 53027 --endpoint 127.0.0.1:053027 --role client --parentprocessid 22424 --diag "C:\Users\julian.henao\Desktop\RegistroVotantes\RegistroVotantes\RegistroVotantes.Api.Tests\bin\Debug\netcoreapp3.1\fine-code-coverage\coverage-tool-output\diagnostics.host.21-04-25_09-09-37_28205_4.log" --tracelevel 4 --datacollectionport 53026 --telemetryoptedin false'
TpTrace Verbose: 0 : 22424, 10, 2021/04/25, 09:09:37.536, 1007195751749, vstest.console.dll, Test Runtime launched
TpTrace Verbose: 0 : 22424, 4, 2021/04/25, 09:09:37.538, 1007195774900, vstest.console.dll, TestRequestSender.WaitForRequestHandlerConnection: waiting for connection with timeout: 90000
TpTrace Verbose: 0 : 22424, 13, 2021/04/25, 09:09:38.023, 1007200623882, vstest.console.dll, SocketServer.OnClientConnected: Client connected for endPoint: 127.0.0.1:53027, starting MessageLoopAsync:
TpTrace Verbose: 0 : 22424, 10, 2021/04/25, 09:09:38.024, 1007200632569, vstest.console.dll, TcpClientExtensions.MessageLoopAsync: Polling on remoteEndPoint: 127.0.0.1:53029 localEndPoint: 127.0.0.1:53027
TpTrace Verbose: 0 : 22424, 10, 2021/04/25, 09:09:38.508, 1007205471106, vstest.console.dll, TcpClientExtensions.MessageLoopAsync: NotifyDataAvailable remoteEndPoint: 127.0.0.1:53029 localEndPoint: 127.0.0.1:53027
TpTrace Verbose: 0 : 22424, 10, 2021/04/25, 09:09:38.508, 1007205475776, vstest.console.dll, TestRequestSender.CheckVersionWithTestHost: onMessageReceived received message: (ProtocolVersion) -> 2
TpTrace Verbose: 0 : 22424, 10, 2021/04/25, 09:09:38.509, 1007205485931, vstest.console.dll, TcpClientExtensions.MessageLoopAsync: Polling on remoteEndPoint: 127.0.0.1:53029 localEndPoint: 127.0.0.1:53027
TpTrace Verbose: 0 : 22424, 4, 2021/04/25, 09:09:38.510, 1007205488307, vstest.console.dll, TestPluginCache.GetExtensionPaths: Filtered extension paths: 
TpTrace Verbose: 0 : 22424, 4, 2021/04/25, 09:09:38.510, 1007205491726, vstest.console.dll, TestPluginCache.GetExtensionPaths: Added default extension paths: C:\Program Files\dotnet\sdk\5.0.104\Extensions\Microsoft.Diagnostics.NETCore.Client.dll
C:\Program Files\dotnet\sdk\5.0.104\Extensions\Microsoft.TestPlatform.Extensions.BlameDataCollector.dll
C:\Program Files\dotnet\sdk\5.0.104\Extensions\Microsoft.TestPlatform.Extensions.EventLogCollector.dll
C:\Program Files\dotnet\sdk\5.0.104\Extensions\Microsoft.TestPlatform.TestHostRuntimeProvider.dll
C:\Program Files\dotnet\sdk\5.0.104\Extensions\Microsoft.VisualStudio.TestPlatform.Extensions.Html.TestLogger.dll
C:\Program Files\dotnet\sdk\5.0.104\Extensions\Microsoft.VisualStudio.TestPlatform.Extensions.Trx.TestLogger.dll
TpTrace Verbose: 0 : 22424, 4, 2021/04/25, 09:09:38.510, 1007205493610, vstest.console.dll, TestPluginCache.GetExtensionPaths: Added unfilterableExtensionPaths: 
TpTrace Verbose: 0 : 22424, 4, 2021/04/25, 09:09:38.516, 1007205556346, vstest.console.dll, TestRequestSender.InitializeExecution: Sending initializing execution with message: {"Version":2,"MessageType":"TestExecution.Initialize","Payload":["C:\\Users\\julian.henao\\Desktop\\RegistroVotantes\\RegistroVotantes\\RegistroVotantes.Api.Tests\\bin\\Debug\\netcoreapp3.1\\fine-code-coverage\\build-output\\Microsoft.VisualStudio.TestPlatform.MSTest.TestAdapter.dll"]}
TpTrace Verbose: 0 : 22424, 4, 2021/04/25, 09:09:38.528, 1007205670648, vstest.console.dll, TestRequestSender.StartTestRun: Sending test run with message: {"Version":2,"MessageType":"TestExecution.StartWithSources","Payload":{"AdapterSourceMap":{"_none_":["C:\\Users\\julian.henao\\Desktop\\RegistroVotantes\\RegistroVotantes\\RegistroVotantes.Api.Tests\\bin\\Debug\\netcoreapp3.1\\fine-code-coverage\\build-output\\RegistroVotantes.Api.Tests.dll"]},"RunSettings":"<RunSettings>\r\n  <RunConfiguration>\r\n    <ResultsDirectory>C:\\Users\\julian.henao\\Desktop\\RegistroVotantes\\RegistroVotantes\\RegistroVotantes.Api.Tests\\bin\\Debug\\netcoreapp3.1\\fine-code-coverage\\coverage-tool-output</ResultsDirectory>\r\n    <TargetPlatform>X64</TargetPlatform>\r\n    <TargetFrameworkVersion>.NETCoreApp,Version=v3.1</TargetFrameworkVersion>\r\n    <DesignMode>False</DesignMode>\r\n    <CollectSourceInformation>False</CollectSourceInformation>\r\n  </RunConfiguration>\r\n  <LoggerRunSettings>\r\n    <Loggers>\r\n      <Logger friendlyName=\"blame\" enabled=\"True\" />\r\n      <Logger friendlyName=\"Console\" uri=\"logger://microsoft/TestPlatform/ConsoleLogger/v1\" assemblyQualifiedName=\"Microsoft.VisualStudio.TestPlatform.CommandLine.Internal.ConsoleLogger, vstest.console, Version=15.0.0.0, Culture=neutral, PublicKeyToken=b03f5f7f11d50a3a\" codeBase=\"C:\\Program Files\\dotnet\\sdk\\5.0.104\\vstest.console.dll\" enabled=\"True\" />\r\n    </Loggers>\r\n  </LoggerRunSettings>\r\n  <DataCollectionRunSettings>\r\n    <DataCollectors>\r\n      <DataCollector friendlyName=\"blame\" enabled=\"True\">\r\n        <Configuration>\r\n          <ResultsDirectory>C:\\Users\\julian.henao\\Desktop\\RegistroVotantes\\RegistroVotantes\\RegistroVotantes.Api.Tests\\bin\\Debug\\netcoreapp3.1\\fine-code-coverage\\coverage-tool-output</ResultsDirectory>\r\n        </Configuration>\r\n      </DataCollector>\r\n    </DataCollectors>\r\n  </DataCollectionRunSettings>\r\n</RunSettings>","TestExecutionContext":{"FrequencyOfRunStatsChangeEvent":10,"RunStatsChangeEventTimeout":"00:00:01.5000000","InIsolation":false,"KeepAlive":false,"AreTestCaseLevelEventsRequired":false,"IsDebug":false,"TestCaseFilter":null,"FilterOptions":null},"Package":null}}
TpTrace Verbose: 0 : 22424, 10, 2021/04/25, 09:09:38.535, 1007205745017, vstest.console.dll, TcpClientExtensions.MessageLoopAsync: NotifyDataAvailable remoteEndPoint: 127.0.0.1:53029 localEndPoint: 127.0.0.1:53027
TpTrace Verbose: 0 : 22424, 10, 2021/04/25, 09:09:38.536, 1007205748770, vstest.console.dll, TestRequestSender.OnExecutionMessageReceived: Received message: {"Version":2,"MessageType":"TestSession.Message","Payload":{"MessageLevel":0,"Message":"Registrando diagn√≥stico de TestHost en el archivo: C:\\Users\\julian.henao\\Desktop\\RegistroVotantes\\RegistroVotantes\\RegistroVotantes.Api.Tests\\bin\\Debug\\netcoreapp3.1\\fine-code-coverage\\coverage-tool-output\\diagnostics.host.21-04-25_09-09-37_28205_4.log"}}
TpTrace Verbose: 0 : 22424, 10, 2021/04/25, 09:09:38.539, 1007205779643, vstest.console.dll, TestRunRequest:SendTestRunMessage: Starting.
TpTrace Information: 0 : 22424, 10, 2021/04/25, 09:09:38.539, 1007205782211, vstest.console.dll, TestRunRequest:SendTestRunMessage: Completed.
TpTrace Verbose: 0 : 22424, 10, 2021/04/25, 09:09:38.539, 1007205783930, vstest.console.dll, TcpClientExtensions.MessageLoopAsync: Polling on remoteEndPoint: 127.0.0.1:53029 localEndPoint: 127.0.0.1:53027
TpTrace Verbose: 0 : 22424, 10, 2021/04/25, 09:09:39.540, 1007215787471, vstest.console.dll, TcpClientExtensions.MessageLoopAsync: Polling on remoteEndPoint: 127.0.0.1:53029 localEndPoint: 127.0.0.1:53027
TpTrace Verbose: 0 : 22424, 10, 2021/04/25, 09:09:40.364, 1007224035798, vstest.console.dll, TcpClientExtensions.MessageLoopAsync: NotifyDataAvailable remoteEndPoint: 127.0.0.1:53029 localEndPoint: 127.0.0.1:53027
TpTrace Verbose: 0 : 22424, 10, 2021/04/25, 09:09:40.365, 1007224046891, vstest.console.dll, TestRequestSender.OnExecutionMessageReceived: Received message: {"Version":2,"MessageType":"TestExecution.StatsChange","Payload":{"NewTestResults":[],"TestRunStatistics":{"ExecutedTests":0,"Stats":{}},"ActiveTests":[{"Id":"56462e75-c333-eb08-4758-a2e765d05449","FullyQualifiedName":"Api.Test.VotanteControllerTest.PostPersonSuccess","DisplayName":"PostPersonSuccess","ExecutorUri":"executor://MSTestAdapter/v2","Source":"C:\\Users\\julian.henao\\Desktop\\RegistroVotantes\\RegistroVotantes\\RegistroVotantes.Api.Tests\\bin\\Debug\\netcoreapp3.1\\fine-code-coverage\\build-output\\RegistroVotantes.Api.Tests.dll","CodeFilePath":null,"LineNumber":-1,"Properties":[{"Key":{"Id":"MSTestDiscoverer.TestClassName","Label":"ClassName","Category":"","Description":"","Attributes":1,"ValueType":"System.String"},"Value":"Api.Test.VotanteControllerTest"},{"Key":{"Id":"TestObject.Traits","Label":"Traits","Category":"","Description":"","Attributes":5,"ValueType":"System.Collections.Generic.KeyValuePair`2[[System.String],[System.String]][]"},"Value":[]}]}]}}
TpTrace Verbose: 0 : 22424, 10, 2021/04/25, 09:09:40.546, 1007225853875, vstest.console.dll, TestRunRequest:SendTestRunStatsChange: Starting.
TpTrace Verbose: 0 : 22424, 10, 2021/04/25, 09:09:40.547, 1007225862553, vstest.console.dll, InProgress is PostPersonSuccess
TpTrace Information: 0 : 22424, 10, 2021/04/25, 09:09:40.548, 1007225869134, vstest.console.dll, TestRunRequest:SendTestRunStatsChange: Completed.
TpTrace Verbose: 0 : 22424, 10, 2021/04/25, 09:09:40.548, 1007225874029, vstest.console.dll, TcpClientExtensions.MessageLoopAsync: Polling on remoteEndPoint: 127.0.0.1:53029 localEndPoint: 127.0.0.1:53027
TpTrace Verbose: 0 : 22424, 10, 2021/04/25, 09:09:41.548, 1007235876242, vstest.console.dll, TcpClientExtensions.MessageLoopAsync: Polling on remoteEndPoint: 127.0.0.1:53029 localEndPoint: 127.0.0.1:53027
TpTrace Verbose: 0 : 22424, 10, 2021/04/25, 09:09:42.549, 1007245884090, vstest.console.dll, TcpClientExtensions.MessageLoopAsync: Polling on remoteEndPoint: 127.0.0.1:53029 localEndPoint: 127.0.0.1:53027
TpTrace Verbose: 0 : 22424, 10, 2021/04/25, 09:09:43.550, 1007255889978, vstest.console.dll, TcpClientExtensions.MessageLoopAsync: Polling on remoteEndPoint: 127.0.0.1:53029 localEndPoint: 127.0.0.1:53027
TpTrace Verbose: 0 : 22424, 10, 2021/04/25, 09:09:44.550, 1007265895950, vstest.console.dll, TcpClientExtensions.MessageLoopAsync: Polling on remoteEndPoint: 127.0.0.1:53029 localEndPoint: 127.0.0.1:53027
TpTrace Verbose: 0 : 22424, 10, 2021/04/25, 09:09:45.550, 1007275896473, vstest.console.dll, TcpClientExtensions.MessageLoopAsync: Polling on remoteEndPoint: 127.0.0.1:53029 localEndPoint: 127.0.0.1:53027
TpTrace Verbose: 0 : 22424, 10, 2021/04/25, 09:09:45.848, 1007278869843, vstest.console.dll, TcpClientExtensions.MessageLoopAsync: NotifyDataAvailable remoteEndPoint: 127.0.0.1:53029 localEndPoint: 127.0.0.1:53027
TpTrace Verbose: 0 : 22424, 10, 2021/04/25, 09:09:45.848, 1007278874334, vstest.console.dll, TestRequestSender.OnExecutionMessageReceived: Received message: {"Version":2,"MessageType":"TestExecution.StatsChange","Payload":{"NewTestResults":[{"TestCase":{"Id":"56462e75-c333-eb08-4758-a2e765d05449","FullyQualifiedName":"Api.Test.VotanteControllerTest.PostPersonSuccess","DisplayName":"PostPersonSuccess","ExecutorUri":"executor://MSTestAdapter/v2","Source":"C:\\Users\\julian.henao\\Desktop\\RegistroVotantes\\RegistroVotantes\\RegistroVotantes.Api.Tests\\bin\\Debug\\netcoreapp3.1\\fine-code-coverage\\build-output\\RegistroVotantes.Api.Tests.dll","CodeFilePath":null,"LineNumber":-1,"Properties":[{"Key":{"Id":"MSTestDiscoverer.TestClassName","Label":"ClassName","Category":"","Description":"","Attributes":1,"ValueType":"System.String"},"Value":"Api.Test.VotanteControllerTest"},{"Key":{"Id":"TestObject.Traits","Label":"Traits","Category":"","Description":"","Attributes":5,"ValueType":"System.Collections.Generic.KeyValuePair`2[[System.String],[System.String]][]"},"Value":[]}]},"Attachments":[],"Outcome":1,"ErrorMessage":null,"ErrorStackTrace":null,"DisplayName":null,"Messages":[{"Category":"StdOutMsgs","Text":"[09:09:44 INF] Application started. Press Ctrl+C to shut down.\r\n[09:09:44 INF] Hosting environment: Development\r\n[09:09:44 INF] Content root path: C:\\Users\\julian.henao\\Desktop\\RegistroVotantes\\RegistroVotantes\\RegistroVotantes.Api\r\n[09:09:44 INF] Request starting HTTP/1.1 POST http://localhost/api/votantes application/json; charset=utf-8 \r\n[09:09:44 WRN] Failed to determine the https port for redirect.\r\n[09:09:44 INF] Executing endpoint 'RegistroVotantes.Api.Controllers.VotantesController.RegistroVotante (RegistroVotantes.Api)'\r\n[09:09:45 INF] Route matched with {action = \"RegistroVotante\", controller = \"Votantes\"}. Executing controller action with signature System.Threading.Tasks.Task`1[System.Object] RegistroVotante(RegistroVotantes.Domain.Entities.Votante) on controller RegistroVotantes.Api.Controllers.VotantesController (RegistroVotantes.Api).\r\n[09:09:45 INF] Entity Framework Core 3.1.1 initialized 'PersistenceContext' using provider 'Microsoft.EntityFrameworkCore.InMemory' with options: StoreName=TestDb \r\n[09:09:45 INF] Saved 1 entities to in-memory store.\r\n[09:09:45 INF] Executing ObjectResult, writing value of type 'RegistroVotantes.Domain.Entities.Votante'.\r\n[09:09:45 INF] Executed action RegistroVotantes.Api.Controllers.VotantesController.RegistroVotante (RegistroVotantes.Api) in 734.2376ms\r\n[09:09:45 INF] Executed endpoint 'RegistroVotantes.Api.Controllers.VotantesController.RegistroVotante (RegistroVotantes.Api)'\r\n[09:09:45 INF] Request finished in 868.8957ms 200 application/json; charset=utf-8\r\n"}],"ComputerName":null,"Duration":"00:00:06.4919158","StartTime":"2021-04-25T09:09:39.1967764-05:00","EndTime":"2021-04-25T09:09:45.7893742-05:00","Properties":[{"Key":{"Id":"ExecutionId","Label":"ExecutionId","Category":"","Description":"","Attributes":1,"ValueType":"System.Guid"},"Value":"00000000-0000-0000-0000-000000000000"},{"Key":{"Id":"ParentExecId","Label":"ParentExecId","Category":"","Description":"","Attributes":1,"ValueType":"System.Guid"},"Value":"00000000-0000-0000-0000-000000000000"},{"Key":{"Id":"InnerResultsCount","Label":"InnerResultsCount","Category":"","Description":"","Attributes":1,"ValueType":"System.Int32"},"Value":0}]}],"TestRunStatistics":{"ExecutedTests":1,"Stats":{"Passed":1}},"ActiveTests":[{"Id":"3cfe379b-a3ad-47db-e426-9b4174755f4b","FullyQualifiedName":"Api.Test.VotanteControllerTest.PostPersonError","DisplayName":"PostPersonError","ExecutorUri":"executor://MSTestAdapter/v2","Source":"C:\\Users\\julian.henao\\Desktop\\RegistroVotantes\\RegistroVotantes\\RegistroVotantes.Api.Tests\\bin\\Debug\\netcoreapp3.1\\fine-code-coverage\\build-output\\RegistroVotantes.Api.Tests.dll","CodeFilePath":null,"LineNumber":-1,"Properties":[{"Key":{"Id":"MSTestDiscoverer.TestClassName","Label":"ClassName","Category":"","Description":"","Attributes":1,"ValueType":"System.String"},"Value":"Api.Test.VotanteControllerTest"},{"Key":{"Id":"TestObject.Traits","Label":"Traits","Category":"","Description":"","Attributes":5,"ValueType":"System.Collections.Generic.KeyValuePair`2[[System.String],[System.String]][]"},"Value":[]}]}]}}
TpTrace Verbose: 0 : 22424, 10, 2021/04/25, 09:09:45.868, 1007279076723, vstest.console.dll, TestRunRequest:SendTestRunStatsChange: Starting.
TpTrace Verbose: 0 : 22424, 10, 2021/04/25, 09:09:45.869, 1007279078941, vstest.console.dll, InProgress is PostPersonError
TpTrace Information: 0 : 22424, 10, 2021/04/25, 09:09:45.869, 1007279081909, vstest.console.dll, TestRunRequest:SendTestRunStatsChange: Completed.
TpTrace Verbose: 0 : 22424, 10, 2021/04/25, 09:09:45.869, 1007279083720, vstest.console.dll, TcpClientExtensions.MessageLoopAsync: Polling on remoteEndPoint: 127.0.0.1:53029 localEndPoint: 127.0.0.1:53027
TpTrace Verbose: 0 : 22424, 10, 2021/04/25, 09:09:46.869, 1007289078316, vstest.console.dll, TcpClientExtensions.MessageLoopAsync: Polling on remoteEndPoint: 127.0.0.1:53029 localEndPoint: 127.0.0.1:53027
TpTrace Verbose: 0 : 22424, 10, 2021/04/25, 09:09:47.869, 1007299080553, vstest.console.dll, TcpClientExtensions.MessageLoopAsync: Polling on remoteEndPoint: 127.0.0.1:53029 localEndPoint: 127.0.0.1:53027
TpTrace Verbose: 0 : 22424, 10, 2021/04/25, 09:09:48.870, 1007309087625, vstest.console.dll, TcpClientExtensions.MessageLoopAsync: Polling on remoteEndPoint: 127.0.0.1:53029 localEndPoint: 127.0.0.1:53027
TpTrace Verbose: 0 : 22424, 10, 2021/04/25, 09:09:49.870, 1007319092115, vstest.console.dll, TcpClientExtensions.MessageLoopAsync: Polling on remoteEndPoint: 127.0.0.1:53029 localEndPoint: 127.0.0.1:53027
TpTrace Verbose: 0 : 22424, 10, 2021/04/25, 09:09:50.042, 1007320812063, vstest.console.dll, TcpClientExtensions.MessageLoopAsync: NotifyDataAvailable remoteEndPoint: 127.0.0.1:53029 localEndPoint: 127.0.0.1:53027
TpTrace Verbose: 0 : 22424, 10, 2021/04/25, 09:09:50.043, 1007320822903, vstest.console.dll, TestRequestSender.OnExecutionMessageReceived: Received message: {"Version":2,"MessageType":"TestExecution.StatsChange","Payload":{"NewTestResults":[{"TestCase":{"Id":"3cfe379b-a3ad-47db-e426-9b4174755f4b","FullyQualifiedName":"Api.Test.VotanteControllerTest.PostPersonError","DisplayName":"PostPersonError","ExecutorUri":"executor://MSTestAdapter/v2","Source":"C:\\Users\\julian.henao\\Desktop\\RegistroVotantes\\RegistroVotantes\\RegistroVotantes.Api.Tests\\bin\\Debug\\netcoreapp3.1\\fine-code-coverage\\build-output\\RegistroVotantes.Api.Tests.dll","CodeFilePath":null,"LineNumber":-1,"Properties":[{"Key":{"Id":"MSTestDiscoverer.TestClassName","Label":"ClassName","Category":"","Description":"","Attributes":1,"ValueType":"System.String"},"Value":"Api.Test.VotanteControllerTest"},{"Key":{"Id":"TestObject.Traits","Label":"Traits","Category":"","Description":"","Attributes":5,"ValueType":"System.Collections.Generic.KeyValuePair`2[[System.String],[System.String]][]"},"Value":[]}]},"Attachments":[],"Outcome":1,"ErrorMessage":null,"ErrorStackTrace":null,"DisplayName":null,"Messages":[{"Category":"StdOutMsgs","Text":"[09:09:49 INF] Application started. Press Ctrl+C to shut down.\r\n[09:09:49 INF] Hosting environment: Development\r\n[09:09:49 INF] Content root path: C:\\Users\\julian.henao\\Desktop\\RegistroVotantes\\RegistroVotantes\\RegistroVotantes.Api\r\n[09:09:49 INF] Request starting HTTP/1.1 POST http://localhost/api/votantes application/json; charset=utf-8 \r\n[09:09:49 WRN] Failed to determine the https port for redirect.\r\n[09:09:49 INF] Executing endpoint 'RegistroVotantes.Api.Controllers.VotantesController.RegistroVotante (RegistroVotantes.Api)'\r\n[09:09:50 INF] Route matched with {action = \"RegistroVotante\", controller = \"Votantes\"}. Executing controller action with signature System.Threading.Tasks.Task`1[System.Object] RegistroVotante(RegistroVotantes.Domain.Entities.Votante) on controller RegistroVotantes.Api.Controllers.VotantesController (RegistroVotantes.Api).\r\n[09:09:50 INF] Executing ObjectResult, writing value of type 'Microsoft.AspNetCore.Mvc.ValidationProblemDetails'.\r\n[09:09:50 INF] Executed action RegistroVotantes.Api.Controllers.VotantesController.RegistroVotante (RegistroVotantes.Api) in 18.0983ms\r\n[09:09:50 INF] Executed endpoint 'RegistroVotantes.Api.Controllers.VotantesController.RegistroVotante (RegistroVotantes.Api)'\r\n[09:09:50 INF] Request finished in 39.7894ms 400 application/problem+json; charset=utf-8\r\n"}],"ComputerName":null,"Duration":"00:00:04.1772454","StartTime":"2021-04-25T09:09:45.8501847-05:00","EndTime":"2021-04-25T09:09:50.0280576-05:00","Properties":[{"Key":{"Id":"ExecutionId","Label":"ExecutionId","Category":"","Description":"","Attributes":1,"ValueType":"System.Guid"},"Value":"00000000-0000-0000-0000-000000000000"},{"Key":{"Id":"ParentExecId","Label":"ParentExecId","Category":"","Description":"","Attributes":1,"ValueType":"System.Guid"},"Value":"00000000-0000-0000-0000-000000000000"},{"Key":{"Id":"InnerResultsCount","Label":"InnerResultsCount","Category":"","Description":"","Attributes":1,"ValueType":"System.Int32"},"Value":0}]}],"TestRunStatistics":{"ExecutedTests":2,"Stats":{"Passed":2}},"ActiveTests":[{"Id":"951e73d4-4e89-5dd7-d79e-54eed1ea4cf1","FullyQualifiedName":"Api.Test.VotanteControllerTest.PostPersonErrorFecha","DisplayName":"PostPersonErrorFecha","ExecutorUri":"executor://MSTestAdapter/v2","Source":"C:\\Users\\julian.henao\\Desktop\\RegistroVotantes\\RegistroVotantes\\RegistroVotantes.Api.Tests\\bin\\Debug\\netcoreapp3.1\\fine-code-coverage\\build-output\\RegistroVotantes.Api.Tests.dll","CodeFilePath":null,"LineNumber":-1,"Properties":[{"Key":{"Id":"MSTestDiscoverer.TestClassName","Label":"ClassName","Category":"","Description":"","Attributes":1,"ValueType":"System.String"},"Value":"Api.Test.VotanteControllerTest"},{"Key":{"Id":"TestObject.Traits","Label":"Traits","Category":"","Description":"","Attributes":5,"ValueType":"System.Collections.Generic.KeyValuePair`2[[System.String],[System.String]][]"},"Value":[]}]}]}}
TpTrace Verbose: 0 : 22424, 10, 2021/04/25, 09:09:50.049, 1007320884062, vstest.console.dll, TestRunRequest:SendTestRunStatsChange: Starting.
TpTrace Verbose: 0 : 22424, 10, 2021/04/25, 09:09:50.050, 1007320893767, vstest.console.dll, InProgress is PostPersonErrorFecha
TpTrace Information: 0 : 22424, 10, 2021/04/25, 09:09:50.051, 1007320904373, vstest.console.dll, TestRunRequest:SendTestRunStatsChange: Completed.
TpTrace Verbose: 0 : 22424, 10, 2021/04/25, 09:09:50.052, 1007320912737, vstest.console.dll, TcpClientExtensions.MessageLoopAsync: Polling on remoteEndPoint: 127.0.0.1:53029 localEndPoint: 127.0.0.1:53027
TpTrace Verbose: 0 : 22424, 10, 2021/04/25, 09:09:51.052, 1007330912974, vstest.console.dll, TcpClientExtensions.MessageLoopAsync: Polling on remoteEndPoint: 127.0.0.1:53029 localEndPoint: 127.0.0.1:53027
TpTrace Verbose: 0 : 22424, 10, 2021/04/25, 09:09:52.053, 1007340920660, vstest.console.dll, TcpClientExtensions.MessageLoopAsync: Polling on remoteEndPoint: 127.0.0.1:53029 localEndPoint: 127.0.0.1:53027
TpTrace Verbose: 0 : 22424, 10, 2021/04/25, 09:09:53.053, 1007350924760, vstest.console.dll, TcpClientExtensions.MessageLoopAsync: Polling on remoteEndPoint: 127.0.0.1:53029 localEndPoint: 127.0.0.1:53027
TpTrace Verbose: 0 : 22424, 10, 2021/04/25, 09:09:54.054, 1007360934056, vstest.console.dll, TcpClientExtensions.MessageLoopAsync: Polling on remoteEndPoint: 127.0.0.1:53029 localEndPoint: 127.0.0.1:53027
TpTrace Verbose: 0 : 22424, 10, 2021/04/25, 09:09:54.318, 1007363574581, vstest.console.dll, TcpClientExtensions.MessageLoopAsync: NotifyDataAvailable remoteEndPoint: 127.0.0.1:53029 localEndPoint: 127.0.0.1:53027
TpTrace Verbose: 0 : 22424, 10, 2021/04/25, 09:09:54.319, 1007363586027, vstest.console.dll, TestRequestSender.OnExecutionMessageReceived: Received message: {"Version":2,"MessageType":"TestExecution.StatsChange","Payload":{"NewTestResults":[{"TestCase":{"Id":"951e73d4-4e89-5dd7-d79e-54eed1ea4cf1","FullyQualifiedName":"Api.Test.VotanteControllerTest.PostPersonErrorFecha","DisplayName":"PostPersonErrorFecha","ExecutorUri":"executor://MSTestAdapter/v2","Source":"C:\\Users\\julian.henao\\Desktop\\RegistroVotantes\\RegistroVotantes\\RegistroVotantes.Api.Tests\\bin\\Debug\\netcoreapp3.1\\fine-code-coverage\\build-output\\RegistroVotantes.Api.Tests.dll","CodeFilePath":null,"LineNumber":-1,"Properties":[{"Key":{"Id":"MSTestDiscoverer.TestClassName","Label":"ClassName","Category":"","Description":"","Attributes":1,"ValueType":"System.String"},"Value":"Api.Test.VotanteControllerTest"},{"Key":{"Id":"TestObject.Traits","Label":"Traits","Category":"","Description":"","Attributes":5,"ValueType":"System.Collections.Generic.KeyValuePair`2[[System.String],[System.String]][]"},"Value":[]}]},"Attachments":[],"Outcome":1,"ErrorMessage":null,"ErrorStackTrace":null,"DisplayName":null,"Messages":[{"Category":"StdOutMsgs","Text":"[09:09:54 INF] Application started. Press Ctrl+C to shut down.\r\n[09:09:54 INF] Hosting environment: Development\r\n[09:09:54 INF] Content root path: C:\\Users\\julian.henao\\Desktop\\RegistroVotantes\\RegistroVotantes\\RegistroVotantes.Api\r\n[09:09:54 INF] Request starting HTTP/1.1 POST http://localhost/api/votantes application/json; charset=utf-8 \r\n[09:09:54 WRN] Failed to determine the https port for redirect.\r\n[09:09:54 INF] Executing endpoint 'RegistroVotantes.Api.Controllers.VotantesController.RegistroVotante (RegistroVotantes.Api)'\r\n[09:09:54 INF] Route matched with {action = \"RegistroVotante\", controller = \"Votantes\"}. Executing controller action with signature System.Threading.Tasks.Task`1[System.Object] RegistroVotante(RegistroVotantes.Domain.Entities.Votante) on controller RegistroVotantes.Api.Controllers.VotantesController (RegistroVotantes.Api).\r\n[09:09:54 ERR] No puede votar por ser menor de 18 a√±os\r\nSystem.Exception: No puede votar por ser menor de 18 a√±os\r\n   at RegistroVotantes.Domain.Services.ServicioValidacionVotante.EdadMinima(DateTime entonces) in C:\\Users\\julian.henao\\Desktop\\RegistroVotantes\\RegistroVotantes\\RegistroVotantes.Domain\\Services\\ServicioValidacionVotante.cs:line 30\r\n   at RegistroVotantes.Domain.Services.ServicioValidacionVotante.RegistrarVotante(Votante v) in C:\\Users\\julian.henao\\Desktop\\RegistroVotantes\\RegistroVotantes\\RegistroVotantes.Domain\\Services\\ServicioValidacionVotante.cs:line 20\r\n   at RegistroVotantes.Api.Controllers.VotantesController.RegistroVotante(Votante v) in C:\\Users\\julian.henao\\Desktop\\RegistroVotantes\\RegistroVotantes\\RegistroVotantes.Api\\Controllers\\VotantesController.cs:line 30\r\n   at lambda_method(Closure , Object )\r\n   at Microsoft.Extensions.Internal.ObjectMethodExecutorAwaitable.Awaiter.GetResult()\r\n   at Microsoft.AspNetCore.Mvc.Infrastructure.ActionMethodExecutor.AwaitableObjectResultExecutor.Execute(IActionResultTypeMapper mapper, ObjectMethodExecutor executor, Object controller, Object[] arguments)\r\n   at Microsoft.AspNetCore.Mvc.Infrastructure.ControllerActionInvoker.<InvokeActionMethodAsync>g__Awaited|12_0(ControllerActionInvoker invoker, ValueTask`1 actionResultValueTask)\r\n   at Microsoft.AspNetCore.Mvc.Infrastructure.ControllerActionInvoker.<InvokeNextActionFilterAsync>g__Awaited|10_0(ControllerActionInvoker invoker, Task lastTask, State next, Scope scope, Object state, Boolean isCompleted)\r\n   at Microsoft.AspNetCore.Mvc.Infrastructure.ControllerActionInvoker.Rethrow(ActionExecutedContextSealed context)\r\n   at Microsoft.AspNetCore.Mvc.Infrastructure.ControllerActionInvoker.Next(State& next, Scope& scope, Object& state, Boolean& isCompleted)\r\n   at Microsoft.AspNetCore.Mvc.Infrastructure.ControllerActionInvoker.InvokeInnerFilterAsync()\r\n--- End of stack trace from previous location where exception was thrown ---\r\n   at Microsoft.AspNetCore.Mvc.Infrastructure.ResourceInvoker.<InvokeNextExceptionFilterAsync>g__Awaited|25_0(ResourceInvoker invoker, Task lastTask, State next, Scope scope, Object state, Boolean isCompleted)\r\n[09:09:54 INF] Executing ObjectResult, writing value of type '<>f__AnonymousType0`2[[System.String, System.Private.CoreLib, Version=4.0.0.0, Culture=neutral, PublicKeyToken=7cec85d7bea7798e],[System.String, System.Private.CoreLib, Version=4.0.0.0, Culture=neutral, PublicKeyToken=7cec85d7bea7798e]]'.\r\n[09:09:54 INF] Executed action RegistroVotantes.Api.Controllers.VotantesController.RegistroVotante (RegistroVotantes.Api) in 95.0047ms\r\n[09:09:54 INF] Executed endpoint 'RegistroVotantes.Api.Controllers.VotantesController.RegistroVotante (RegistroVotantes.Api)'\r\n[09:09:54 INF] Request finished in 120.1746ms 500 application/json; charset=utf-8\r\n"}],"ComputerName":null,"Duration":"00:00:04.2542516","StartTime":"2021-04-25T09:09:50.0475587-05:00","EndTime":"2021-04-25T09:09:54.3033174-05:00","Properties":[{"Key":{"Id":"ExecutionId","Label":"ExecutionId","Category":"","Description":"","Attributes":1,"ValueType":"System.Guid"},"Value":"00000000-0000-0000-0000-000000000000"},{"Key":{"Id":"ParentExecId","Label":"ParentExecId","Category":"","Description":"","Attributes":1,"ValueType":"System.Guid"},"Value":"00000000-0000-0000-0000-000000000000"},{"Key":{"Id":"InnerResultsCount","Label":"InnerResultsCount","Category":"","Description":"","Attributes":1,"ValueType":"System.Int32"},"Value":0}]}],"TestRunStatistics":{"ExecutedTests":3,"Stats":{"Passed":3}},"ActiveTests":[{"Id":"3dd22e47-4d09-c2cb-4e84-e4f319474626","FullyQualifiedName":"Api.Test.VotanteControllerTest.PostPersonErrorNacionalidad","DisplayName":"PostPersonErrorNacionalidad","ExecutorUri":"executor://MSTestAdapter/v2","Source":"C:\\Users\\julian.henao\\Desktop\\RegistroVotantes\\RegistroVotantes\\RegistroVotantes.Api.Tests\\bin\\Debug\\netcoreapp3.1\\fine-code-coverage\\build-output\\RegistroVotantes.Api.Tests.dll","CodeFilePath":null,"LineNumber":-1,"Properties":[{"Key":{"Id":"MSTestDiscoverer.TestClassName","Label":"ClassName","Category":"","Description":"","Attributes":1,"ValueType":"System.String"},"Value":"Api.Test.VotanteControllerTest"},{"Key":{"Id":"TestObject.Traits","Label":"Traits","Category":"","Description":"","Attributes":5,"ValueType":"System.Collections.Generic.KeyValuePair`2[[System.String],[System.String]][]"},"Value":[]}]}]}}
TpTrace Verbose: 0 : 22424, 10, 2021/04/25, 09:09:54.346, 1007363851765, vstest.console.dll, TestRunRequest:SendTestRunStatsChange: Starting.
TpTrace Verbose: 0 : 22424, 10, 2021/04/25, 09:09:54.347, 1007363859829, vstest.console.dll, InProgress is PostPersonErrorNacionalidad
TpTrace Information: 0 : 22424, 10, 2021/04/25, 09:09:54.347, 1007363866588, vstest.console.dll, TestRunRequest:SendTestRunStatsChange: Completed.
TpTrace Verbose: 0 : 22424, 10, 2021/04/25, 09:09:54.348, 1007363871352, vstest.console.dll, TcpClientExtensions.MessageLoopAsync: Polling on remoteEndPoint: 127.0.0.1:53029 localEndPoint: 127.0.0.1:53027
TpTrace Verbose: 0 : 22424, 10, 2021/04/25, 09:09:55.349, 1007373884049, vstest.console.dll, TcpClientExtensions.MessageLoopAsync: Polling on remoteEndPoint: 127.0.0.1:53029 localEndPoint: 127.0.0.1:53027
TpTrace Verbose: 0 : 22424, 10, 2021/04/25, 09:09:56.349, 1007383887189, vstest.console.dll, TcpClientExtensions.MessageLoopAsync: Polling on remoteEndPoint: 127.0.0.1:53029 localEndPoint: 127.0.0.1:53027
TpTrace Verbose: 0 : 22424, 10, 2021/04/25, 09:09:57.350, 1007393891841, vstest.console.dll, TcpClientExtensions.MessageLoopAsync: Polling on remoteEndPoint: 127.0.0.1:53029 localEndPoint: 127.0.0.1:53027
TpTrace Verbose: 0 : 22424, 10, 2021/04/25, 09:09:58.351, 1007403900989, vstest.console.dll, TcpClientExtensions.MessageLoopAsync: Polling on remoteEndPoint: 127.0.0.1:53029 localEndPoint: 127.0.0.1:53027
TpTrace Verbose: 0 : 22424, 10, 2021/04/25, 09:09:58.601, 1007406399451, vstest.console.dll, TcpClientExtensions.MessageLoopAsync: NotifyDataAvailable remoteEndPoint: 127.0.0.1:53029 localEndPoint: 127.0.0.1:53027
TpTrace Verbose: 0 : 22424, 10, 2021/04/25, 09:09:58.602, 1007406409164, vstest.console.dll, TestRequestSender.OnExecutionMessageReceived: Received message: {"Version":2,"MessageType":"TestExecution.Completed","Payload":{"TestRunCompleteArgs":{"TestRunStatistics":{"ExecutedTests":4,"Stats":{"Passed":4}},"IsCanceled":false,"IsAborted":false,"Error":null,"AttachmentSets":[],"ElapsedTimeInRunningTests":"00:00:19.6625705","Metrics":{}},"LastRunTests":{"NewTestResults":[{"TestCase":{"Id":"3dd22e47-4d09-c2cb-4e84-e4f319474626","FullyQualifiedName":"Api.Test.VotanteControllerTest.PostPersonErrorNacionalidad","DisplayName":"PostPersonErrorNacionalidad","ExecutorUri":"executor://MSTestAdapter/v2","Source":"C:\\Users\\julian.henao\\Desktop\\RegistroVotantes\\RegistroVotantes\\RegistroVotantes.Api.Tests\\bin\\Debug\\netcoreapp3.1\\fine-code-coverage\\build-output\\RegistroVotantes.Api.Tests.dll","CodeFilePath":null,"LineNumber":-1,"Properties":[{"Key":{"Id":"MSTestDiscoverer.TestClassName","Label":"ClassName","Category":"","Description":"","Attributes":1,"ValueType":"System.String"},"Value":"Api.Test.VotanteControllerTest"},{"Key":{"Id":"TestObject.Traits","Label":"Traits","Category":"","Description":"","Attributes":5,"ValueType":"System.Collections.Generic.KeyValuePair`2[[System.String],[System.String]][]"},"Value":[]}]},"Attachments":[],"Outcome":1,"ErrorMessage":null,"ErrorStackTrace":null,"DisplayName":null,"Messages":[{"Category":"StdOutMsgs","Text":"[09:09:58 INF] Application started. Press Ctrl+C to shut down.\r\n[09:09:58 INF] Hosting environment: Development\r\n[09:09:58 INF] Content root path: C:\\Users\\julian.henao\\Desktop\\RegistroVotantes\\RegistroVotantes\\RegistroVotantes.Api\r\n[09:09:58 INF] Request starting HTTP/1.1 POST http://localhost/api/votantes application/json; charset=utf-8 \r\n[09:09:58 WRN] Failed to determine the https port for redirect.\r\n[09:09:58 INF] Executing endpoint 'RegistroVotantes.Api.Controllers.VotantesController.RegistroVotante (RegistroVotantes.Api)'\r\n[09:09:58 INF] Route matched with {action = \"RegistroVotante\", controller = \"Votantes\"}. Executing controller action with signature System.Threading.Tasks.Task`1[System.Object] RegistroVotante(RegistroVotantes.Domain.Entities.Votante) on controller RegistroVotantes.Api.Controllers.VotantesController (RegistroVotantes.Api).\r\n[09:09:58 ERR] No puede votar por no ser colombiano\r\nSystem.Exception: No puede votar por no ser colombiano\r\n   at RegistroVotantes.Domain.Services.ServicioValidacionVotante.EsNacional(String nacionalidad) in C:\\Users\\julian.henao\\Desktop\\RegistroVotantes\\RegistroVotantes\\RegistroVotantes.Domain\\Services\\ServicioValidacionVotante.cs:line 40\r\n   at RegistroVotantes.Domain.Services.ServicioValidacionVotante.RegistrarVotante(Votante v) in C:\\Users\\julian.henao\\Desktop\\RegistroVotantes\\RegistroVotantes\\RegistroVotantes.Domain\\Services\\ServicioValidacionVotante.cs:line 21\r\n   at RegistroVotantes.Api.Controllers.VotantesController.RegistroVotante(Votante v) in C:\\Users\\julian.henao\\Desktop\\RegistroVotantes\\RegistroVotantes\\RegistroVotantes.Api\\Controllers\\VotantesController.cs:line 30\r\n   at lambda_method(Closure , Object )\r\n   at Microsoft.Extensions.Internal.ObjectMethodExecutorAwaitable.Awaiter.GetResult()\r\n   at Microsoft.AspNetCore.Mvc.Infrastructure.ActionMethodExecutor.AwaitableObjectResultExecutor.Execute(IActionResultTypeMapper mapper, ObjectMethodExecutor executor, Object controller, Object[] arguments)\r\n   at Microsoft.AspNetCore.Mvc.Infrastructure.ControllerActionInvoker.<InvokeActionMethodAsync>g__Awaited|12_0(ControllerActionInvoker invoker, ValueTask`1 actionResultValueTask)\r\n   at Microsoft.AspNetCore.Mvc.Infrastructure.ControllerActionInvoker.<InvokeNextActionFilterAsync>g__Awaited|10_0(ControllerActionInvoker invoker, Task lastTask, State next, Scope scope, Object state, Boolean isCompleted)\r\n   at Microsoft.AspNetCore.Mvc.Infrastructure.ControllerActionInvoker.Rethrow(ActionExecutedContextSealed context)\r\n   at Microsoft.AspNetCore.Mvc.Infrastructure.ControllerActionInvoker.Next(State& next, Scope& scope, Object& state, Boolean& isCompleted)\r\n   at Microsoft.AspNetCore.Mvc.Infrastructure.ControllerActionInvoker.InvokeInnerFilterAsync()\r\n--- End of stack trace from previous location where exception was thrown ---\r\n   at Microsoft.AspNetCore.Mvc.Infrastructure.ResourceInvoker.<InvokeNextExceptionFilterAsync>g__Awaited|25_0(ResourceInvoker invoker, Task lastTask, State next, Scope scope, Object state, Boolean isCompleted)\r\n[09:09:58 INF] Executing ObjectResult, writing value of type '<>f__AnonymousType0`2[[System.String, System.Private.CoreLib, Version=4.0.0.0, Culture=neutral, PublicKeyToken=7cec85d7bea7798e],[System.String, System.Private.CoreLib, Version=4.0.0.0, Culture=neutral, PublicKeyToken=7cec85d7bea7798e]]'.\r\n[09:09:58 INF] Executed action RegistroVotantes.Api.Controllers.VotantesController.RegistroVotante (RegistroVotantes.Api) in 18.2733ms\r\n[09:09:58 INF] Executed endpoint 'RegistroVotantes.Api.Controllers.VotantesController.RegistroVotante (RegistroVotantes.Api)'\r\n[09:09:58 INF] Request finished in 40.6611ms 500 application/json; charset=utf-8\r\n"}],"ComputerName":null,"Duration":"00:00:04.1991686","StartTime":"2021-04-25T09:09:54.3272781-05:00","EndTime":"2021-04-25T09:09:58.5285317-05:00","Properties":[{"Key":{"Id":"ExecutionId","Label":"ExecutionId","Category":"","Description":"","Attributes":1,"ValueType":"System.Guid"},"Value":"00000000-0000-0000-0000-000000000000"},{"Key":{"Id":"ParentExecId","Label":"ParentExecId","Category":"","Description":"","Attributes":1,"ValueType":"System.Guid"},"Value":"00000000-0000-0000-0000-000000000000"},{"Key":{"Id":"InnerResultsCount","Label":"InnerResultsCount","Category":"","Description":"","Attributes":1,"ValueType":"System.Int32"},"Value":0}]}],"TestRunStatistics":{"ExecutedTests":4,"Stats":{"Passed":4}},"ActiveTests":[]},"RunAttachments":[],"ExecutorUris":["executor://mstestadapter/v2"]}}
TpTrace Verbose: 0 : 22424, 10, 2021/04/25, 09:09:58.603, 1007406423329, vstest.console.dll, TestRequestSender.EndSession: Sending end session.
TpTrace Verbose: 0 : 22424, 10, 2021/04/25, 09:09:58.604, 1007406430682, vstest.console.dll, ProxyOperationManager.Close: waiting for test host to exit for 100 ms
TpTrace Warning: 0 : 22424, 10, 2021/04/25, 09:09:58.704, 1007407437046, vstest.console.dll, ProxyOperationManager: Timed out waiting for test host to exit. Will terminate process.
TpTrace Verbose: 0 : 22424, 10, 2021/04/25, 09:09:58.711, 1007407501035, vstest.console.dll, ProxyDataCollectionManager.InvokeDataCollectionServiceAction: Starting.
TpTrace Information: 0 : 22424, 10, 2021/04/25, 09:09:58.712, 1007407508507, vstest.console.dll, ProxyDataCollectionManager.AfterTestRunEnd: Get attachment set for datacollector processId: 14872 port: 53021
TpTrace Verbose: 0 : 22424, 10, 2021/04/25, 09:09:58.712, 1007407514992, vstest.console.dll, DataCollectionRequestSender.SendAfterTestRunStartAndGetResult : Send AfterTestRunEnd message with isCancelled: False
TpTrace Verbose: 0 : 22424, 10, 2021/04/25, 09:09:58.722, 1007407613610, vstest.console.dll, DataCollectionRequestSender.SendAfterTestRunStartAndGetResult : Received message: (DataCollection.AfterTestRunEndResult) -> []
TpTrace Information: 0 : 22424, 10, 2021/04/25, 09:09:58.727, 1007407665054, vstest.console.dll, ProxyDataCollectionManager.InvokeDataCollectionServiceAction: Completed.
TpTrace Warning: 0 : 22424, 9, 2021/04/25, 09:09:58.776, 1007408157079, vstest.console.dll, DataCollectionLauncher.ErrorReceivedCallback datacollector standard error line: 
TpTrace Information: 0 : 22424, 7, 2021/04/25, 09:09:58.802, 1007408414503, vstest.console.dll, DataCollectionLauncher.ExitCallBack: Data collector exited with exitcode: 0 error: ''
TpTrace Verbose: 0 : 22424, 10, 2021/04/25, 09:09:58.830, 1007408695579, vstest.console.dll, TestRunRequest:SendTestRunStatsChange: Starting.
TpTrace Information: 0 : 22424, 10, 2021/04/25, 09:09:58.831, 1007408701320, vstest.console.dll, TestRunRequest:SendTestRunStatsChange: Completed.
TpTrace Verbose: 0 : 22424, 10, 2021/04/25, 09:09:58.832, 1007408710016, vstest.console.dll, ParallelProxyExecutionManager: HandlePartialRunComplete: Total completed clients = 1, Run complete = True, Run canceled: False.
TpTrace Verbose: 0 : 22424, 10, 2021/04/25, 09:09:58.896, 1007409351399, vstest.console.dll, TestRunRequest:TestRunComplete: Starting. IsAborted:False IsCanceled:False.
TpTrace Verbose: 0 : 22424, 10, 2021/04/25, 09:09:58.897, 1007409360920, vstest.console.dll, TestLoggerManager.HandleTestRunComplete: Ignoring as the object is disposed.
TpTrace Information: 0 : 22424, 10, 2021/04/25, 09:09:58.898, 1007409372796, vstest.console.dll, TestRunRequest:TestRunComplete: Completed.
TpTrace Verbose: 0 : 22424, 1, 2021/04/25, 09:09:58.898, 1007409373940, vstest.console.dll, TestRunRequest.Dispose: Starting.
TpTrace Verbose: 0 : 22424, 10, 2021/04/25, 09:09:58.899, 1007409378119, vstest.console.dll, TestRequestSender.SetOperationComplete: Setting operation complete.
TpTrace Information: 0 : 22424, 1, 2021/04/25, 09:09:58.899, 1007409383691, vstest.console.dll, TestRunRequest.Dispose: Completed.
TpTrace Information: 0 : 22424, 10, 2021/04/25, 09:09:58.900, 1007409388765, vstest.console.dll, SocketServer.Stop: Stop server endPoint: 127.0.0.1:53027
TpTrace Information: 0 : 22424, 1, 2021/04/25, 09:09:58.900, 1007409393923, vstest.console.dll, TestRequestManager.RunTests: run tests completed.
TpTrace Information: 0 : 22424, 10, 2021/04/25, 09:09:58.901, 1007409398544, vstest.console.dll, SocketServer.Stop: Cancellation requested. Stopping message loop.
TpTrace Information: 0 : 22424, 1, 2021/04/25, 09:09:58.901, 1007409404518, vstest.console.dll, RunTestsArgumentProcessor:Execute: Test run is completed.
TpTrace Information: 0 : 22424, 10, 2021/04/25, 09:09:58.902, 1007409409738, vstest.console.dll, SocketServer.PrivateStop: Stop server endPoint: 127.0.0.1:53027 error: 
TpTrace Verbose: 0 : 22424, 1, 2021/04/25, 09:09:58.902, 1007409414131, vstest.console.dll, Executor.Execute: Exiting with exit code of 0
TpTrace Verbose: 0 : 22424, 10, 2021/04/25, 09:09:58.904, 1007409436393, vstest.console.dll, LengthPrefixCommunicationChannel.Dispose: Dispose reader and writer.
TpTrace Information: 0 : 22424, 10, 2021/04/25, 09:09:58.905, 1007409445120, vstest.console.dll, SocketServer.Stop: Raise disconnected event endPoint: 127.0.0.1:53027 error: 
TpTrace Verbose: 0 : 22424, 10, 2021/04/25, 09:09:58.906, 1007409451943, vstest.console.dll, TestRequestSender: OnTestRunAbort: Operation is already complete. Skip error message.
TpTrace Verbose: 0 : 22424, 10, 2021/04/25, 09:09:58.907, 1007409460154, vstest.console.dll, TcpClientExtensions.MessageLoopAsync: exiting MessageLoopAsync remoteEndPoint: 127.0.0.1:53029 localEndPoint: 127.0.0.1:53027
