TpTrace Information: 0 : 7784, 1, 2021/04/25, 09:09:37.921, 1007199630766, testhost.dll, DefaultEngineInvoker.Invoke: Testhost process started with args :[--port, 53027],[--endpoint, 127.0.0.1:053027],[--role, client],[--parentprocessid, 22424],[--diag, C:\Users\julian.henao\Desktop\RegistroVotantes\RegistroVotantes\RegistroVotantes.Api.Tests\bin\Debug\netcoreapp3.1\fine-code-coverage\coverage-tool-output\diagnostics.host.21-04-25_09-09-37_28205_4.log],[--tracelevel, 4],[--datacollectionport, 53026],[--telemetryoptedin, false]
TpTrace Information: 0 : 7784, 1, 2021/04/25, 09:09:37.928, 1007199674802, testhost.dll, DefaultEngineInvoker.SetParentProcessExitCallback: Monitoring parent process with id: '22424'
TpTrace Information: 0 : 7784, 1, 2021/04/25, 09:09:37.947, 1007199858622, testhost.dll, DefaultEngineInvoker.GetConnectionInfo: Initialize communication on endpoint address: '127.0.0.1:053027'
TpTrace Information: 0 : 7784, 1, 2021/04/25, 09:09:38.009, 1007200486285, testhost.dll, SocketClient.Start: connecting to server endpoint: 127.0.0.1:053027
TpTrace Information: 0 : 7784, 1, 2021/04/25, 09:09:38.024, 1007200630003, testhost.dll, DefaultEngineInvoker.ConnectToDatacollector: Connecting to datacollector, port: 53026
TpTrace Information: 0 : 7784, 4, 2021/04/25, 09:09:38.029, 1007200681824, testhost.dll, SocketClient.OnServerConnected: connected to server endpoint: 127.0.0.1:053027
TpTrace Information: 0 : 7784, 1, 2021/04/25, 09:09:38.034, 1007200728504, testhost.dll, Trying to connect to server on socket : 127.0.0.1:53026 
TpTrace Verbose: 0 : 7784, 1, 2021/04/25, 09:09:38.036, 1007200749069, testhost.dll, SocketCommunicationManager : SetupClientAsync : Attempting to connect to the server.
TpTrace Verbose: 0 : 7784, 4, 2021/04/25, 09:09:38.039, 1007200782971, testhost.dll, Connected to server, and starting MessageLoopAsync
TpTrace Information: 0 : 7784, 9, 2021/04/25, 09:09:38.042, 1007200809874, testhost.dll, Connected to the server successfully 
TpTrace Information: 0 : 7784, 9, 2021/04/25, 09:09:38.042, 1007200813880, testhost.dll, Using the buffer size of 16384 bytes
TpTrace Information: 0 : 7784, 1, 2021/04/25, 09:09:38.044, 1007200834562, testhost.dll, DefaultEngineInvoker.Invoke: Start Request Processing.
TpTrace Information: 0 : 7784, 12, 2021/04/25, 09:09:38.047, 1007200858693, testhost.dll, DefaultEngineInvoker.StartProcessingAsync: Connected to vstest.console, Starting process requests.
TpTrace Verbose: 0 : 7784, 10, 2021/04/25, 09:09:38.048, 1007200867714, testhost.dll, TcpClientExtensions.MessageLoopAsync: Polling on remoteEndPoint: [::ffff:127.0.0.1]:53027 localEndPoint: [::ffff:127.0.0.1]:53029
TpTrace Verbose: 0 : 7784, 10, 2021/04/25, 09:09:38.048, 1007200877164, testhost.dll, TcpClientExtensions.MessageLoopAsync: NotifyDataAvailable remoteEndPoint: [::ffff:127.0.0.1]:53027 localEndPoint: [::ffff:127.0.0.1]:53029
TpTrace Information: 0 : 7784, 10, 2021/04/25, 09:09:38.456, 1007204953963, testhost.dll, TestRequestHandler.ProcessRequests: received message: (ProtocolVersion) -> 3
TpTrace Verbose: 0 : 7784, 10, 2021/04/25, 09:09:38.535, 1007205740181, testhost.dll, TestRequestHandler.SendData:  sending data from testhost: {"Version":2,"MessageType":"TestSession.Message","Payload":{"MessageLevel":0,"Message":"Registrando diagnóstico de TestHost en el archivo: C:\\Users\\julian.henao\\Desktop\\RegistroVotantes\\RegistroVotantes\\RegistroVotantes.Api.Tests\\bin\\Debug\\netcoreapp3.1\\fine-code-coverage\\coverage-tool-output\\diagnostics.host.21-04-25_09-09-37_28205_4.log"}}
TpTrace Verbose: 0 : 7784, 10, 2021/04/25, 09:09:38.535, 1007205744918, testhost.dll, TcpClientExtensions.MessageLoopAsync: Polling on remoteEndPoint: [::ffff:127.0.0.1]:53027 localEndPoint: [::ffff:127.0.0.1]:53029
TpTrace Verbose: 0 : 7784, 10, 2021/04/25, 09:09:38.535, 1007205747011, testhost.dll, TcpClientExtensions.MessageLoopAsync: NotifyDataAvailable remoteEndPoint: [::ffff:127.0.0.1]:53027 localEndPoint: [::ffff:127.0.0.1]:53029
TpTrace Information: 0 : 7784, 10, 2021/04/25, 09:09:38.542, 1007205812984, testhost.dll, TestRequestHandler.ProcessRequests: received message: (TestExecution.Initialize) -> [
  "C:\\Users\\julian.henao\\Desktop\\RegistroVotantes\\RegistroVotantes\\RegistroVotantes.Api.Tests\\bin\\Debug\\netcoreapp3.1\\fine-code-coverage\\build-output\\Microsoft.VisualStudio.TestPlatform.MSTest.TestAdapter.dll"
]
TpTrace Information: 0 : 7784, 10, 2021/04/25, 09:09:38.542, 1007205816619, testhost.dll, Execution Session Initialize.
TpTrace Verbose: 0 : 7784, 10, 2021/04/25, 09:09:38.554, 1007205929448, testhost.dll, TcpClientExtensions.MessageLoopAsync: Polling on remoteEndPoint: [::ffff:127.0.0.1]:53027 localEndPoint: [::ffff:127.0.0.1]:53029
TpTrace Verbose: 0 : 7784, 10, 2021/04/25, 09:09:38.554, 1007205932475, testhost.dll, TcpClientExtensions.MessageLoopAsync: NotifyDataAvailable remoteEndPoint: [::ffff:127.0.0.1]:53027 localEndPoint: [::ffff:127.0.0.1]:53029
TpTrace Verbose: 0 : 7784, 5, 2021/04/25, 09:09:38.557, 1007205962311, testhost.dll, TestExecutorService: Loading the extensions
TpTrace Verbose: 0 : 7784, 5, 2021/04/25, 09:09:38.560, 1007205993446, testhost.dll, TestPluginCache.DiscoverTestExtensions: finding test extensions in assemblies endswith: TestAdapter.dll TPluginInfo: Microsoft.VisualStudio.TestPlatform.Common.ExtensionFramework.Utilities.TestExecutorPluginInformation TExtension: Microsoft.VisualStudio.TestPlatform.ObjectModel.Adapter.ITestExecutor
TpTrace Information: 0 : 7784, 10, 2021/04/25, 09:09:38.560, 1007205996566, testhost.dll, TestRequestHandler.ProcessRequests: received message: (TestExecution.StartWithSources) -> {
  "AdapterSourceMap": {
    "_none_": [
      "C:\\Users\\julian.henao\\Desktop\\RegistroVotantes\\RegistroVotantes\\RegistroVotantes.Api.Tests\\bin\\Debug\\netcoreapp3.1\\fine-code-coverage\\build-output\\RegistroVotantes.Api.Tests.dll"
    ]
  },
  "RunSettings": "<RunSettings>\r\n  <RunConfiguration>\r\n    <ResultsDirectory>C:\\Users\\julian.henao\\Desktop\\RegistroVotantes\\RegistroVotantes\\RegistroVotantes.Api.Tests\\bin\\Debug\\netcoreapp3.1\\fine-code-coverage\\coverage-tool-output</ResultsDirectory>\r\n    <TargetPlatform>X64</TargetPlatform>\r\n    <TargetFrameworkVersion>.NETCoreApp,Version=v3.1</TargetFrameworkVersion>\r\n    <DesignMode>False</DesignMode>\r\n    <CollectSourceInformation>False</CollectSourceInformation>\r\n  </RunConfiguration>\r\n  <LoggerRunSettings>\r\n    <Loggers>\r\n      <Logger friendlyName=\"blame\" enabled=\"True\" />\r\n      <Logger friendlyName=\"Console\" uri=\"logger://microsoft/TestPlatform/ConsoleLogger/v1\" assemblyQualifiedName=\"Microsoft.VisualStudio.TestPlatform.CommandLine.Internal.ConsoleLogger, vstest.console, Version=15.0.0.0, Culture=neutral, PublicKeyToken=b03f5f7f11d50a3a\" codeBase=\"C:\\Program Files\\dotnet\\sdk\\5.0.104\\vstest.console.dll\" enabled=\"True\" />\r\n    </Loggers>\r\n  </LoggerRunSettings>\r\n  <DataCollectionRunSettings>\r\n    <DataCollectors>\r\n      <DataCollector friendlyName=\"blame\" enabled=\"True\">\r\n        <Configuration>\r\n          <ResultsDirectory>C:\\Users\\julian.henao\\Desktop\\RegistroVotantes\\RegistroVotantes\\RegistroVotantes.Api.Tests\\bin\\Debug\\netcoreapp3.1\\fine-code-coverage\\coverage-tool-output</ResultsDirectory>\r\n        </Configuration>\r\n      </DataCollector>\r\n    </DataCollectors>\r\n  </DataCollectionRunSettings>\r\n</RunSettings>",
  "TestExecutionContext": {
    "FrequencyOfRunStatsChangeEvent": 10,
    "RunStatsChangeEventTimeout": "00:00:01.5000000",
    "InIsolation": false,
    "KeepAlive": false,
    "AreTestCaseLevelEventsRequired": false,
    "IsDebug": false,
    "TestCaseFilter": null,
    "FilterOptions": null
  },
  "Package": null
}
TpTrace Information: 0 : 7784, 10, 2021/04/25, 09:09:38.561, 1007206001124, testhost.dll, Execution started.
TpTrace Verbose: 0 : 7784, 5, 2021/04/25, 09:09:38.562, 1007206016791, testhost.dll, TestPluginCache.GetExtensionPaths: Filtered extension paths: 
TpTrace Verbose: 0 : 7784, 5, 2021/04/25, 09:09:38.563, 1007206026196, testhost.dll, TestPluginCache.GetExtensionPaths: Added default extension paths: C:\Users\julian.henao\Desktop\RegistroVotantes\RegistroVotantes\RegistroVotantes.Api.Tests\bin\Debug\netcoreapp3.1\fine-code-coverage\build-output\Microsoft.VisualStudio.TestPlatform.MSTest.TestAdapter.dll
TpTrace Verbose: 0 : 7784, 5, 2021/04/25, 09:09:38.564, 1007206030363, testhost.dll, TestPluginCache.GetExtensionPaths: Added unfilterableExtensionPaths: 
TpTrace Information: 0 : 7784, 5, 2021/04/25, 09:09:38.569, 1007206085015, testhost.dll, AssemblyResolver.ctor: Creating AssemblyResolver with searchDirectories C:\Users\julian.henao\Desktop\RegistroVotantes\RegistroVotantes\RegistroVotantes.Api.Tests\bin\Debug\netcoreapp3.1\fine-code-coverage\build-output
TpTrace Verbose: 0 : 7784, 5, 2021/04/25, 09:09:38.574, 1007206135285, testhost.dll, TestPluginCache.DiscoverTestExtensions: Discovering the extensions using extension path.
TpTrace Verbose: 0 : 7784, 5, 2021/04/25, 09:09:38.575, 1007206139003, testhost.dll, TestPluginCache.GetExtensionPaths: Filtered extension paths: 
TpTrace Verbose: 0 : 7784, 5, 2021/04/25, 09:09:38.575, 1007206141495, testhost.dll, TestPluginCache.GetExtensionPaths: Added default extension paths: C:\Users\julian.henao\Desktop\RegistroVotantes\RegistroVotantes\RegistroVotantes.Api.Tests\bin\Debug\netcoreapp3.1\fine-code-coverage\build-output\Microsoft.VisualStudio.TestPlatform.MSTest.TestAdapter.dll
TpTrace Verbose: 0 : 7784, 5, 2021/04/25, 09:09:38.575, 1007206143710, testhost.dll, TestPluginCache.GetExtensionPaths: Added unfilterableExtensionPaths: 
TpTrace Verbose: 0 : 7784, 5, 2021/04/25, 09:09:38.575, 1007206146624, testhost.dll, TestPluginCache.DiscoverTestExtensions: Discovering the extensions using allExtensionPaths: C:\Users\julian.henao\Desktop\RegistroVotantes\RegistroVotantes\RegistroVotantes.Api.Tests\bin\Debug\netcoreapp3.1\fine-code-coverage\build-output\Microsoft.VisualStudio.TestPlatform.MSTest.TestAdapter.dll
TpTrace Information: 0 : 7784, 5, 2021/04/25, 09:09:38.577, 1007206165362, testhost.dll, AssemblyResolver.AddSearchDirectories: Adding more searchDirectories C:\Users\julian.henao\Desktop\RegistroVotantes\RegistroVotantes\RegistroVotantes.Api.Tests\bin\Debug\netcoreapp3.1\fine-code-coverage\build-output
TpTrace Information: 0 : 7784, 5, 2021/04/25, 09:09:38.585, 1007206244845, testhost.dll, AssemblyResolver.OnResolve: Microsoft.VisualStudio.TestPlatform.MSTest.TestAdapter: Resolving assembly.
TpTrace Information: 0 : 7784, 5, 2021/04/25, 09:09:38.590, 1007206293815, testhost.dll, AssemblyResolver.OnResolve: Resolved assembly: Microsoft.VisualStudio.TestPlatform.MSTest.TestAdapter, from path: C:\Users\julian.henao\Desktop\RegistroVotantes\RegistroVotantes\RegistroVotantes.Api.Tests\bin\Debug\netcoreapp3.1\fine-code-coverage\build-output\Microsoft.VisualStudio.TestPlatform.MSTest.TestAdapter.dll
TpTrace Information: 0 : 7784, 5, 2021/04/25, 09:09:38.599, 1007206380528, testhost.dll, AssemblyResolver.OnResolve: Microsoft.VisualStudio.TestPlatform.MSTestAdapter.PlatformServices.Interface: Resolving assembly.
TpTrace Information: 0 : 7784, 5, 2021/04/25, 09:09:38.603, 1007206418363, testhost.dll, AssemblyResolver.OnResolve: Resolved assembly: Microsoft.VisualStudio.TestPlatform.MSTestAdapter.PlatformServices.Interface, from path: C:\Users\julian.henao\Desktop\RegistroVotantes\RegistroVotantes\RegistroVotantes.Api.Tests\bin\Debug\netcoreapp3.1\fine-code-coverage\build-output\Microsoft.VisualStudio.TestPlatform.MSTestAdapter.PlatformServices.Interface.dll
TpTrace Information: 0 : 7784, 5, 2021/04/25, 09:09:38.603, 1007206424253, testhost.dll, AssemblyResolver.OnResolve: Microsoft.VisualStudio.TestPlatform.MSTestAdapter.PlatformServices: Resolving assembly.
TpTrace Information: 0 : 7784, 5, 2021/04/25, 09:09:38.607, 1007206464703, testhost.dll, AssemblyResolver.OnResolve: Resolved assembly: Microsoft.VisualStudio.TestPlatform.MSTestAdapter.PlatformServices, from path: C:\Users\julian.henao\Desktop\RegistroVotantes\RegistroVotantes\RegistroVotantes.Api.Tests\bin\Debug\netcoreapp3.1\fine-code-coverage\build-output\Microsoft.VisualStudio.TestPlatform.MSTestAdapter.PlatformServices.dll
TpTrace Verbose: 0 : 7784, 10, 2021/04/25, 09:09:38.608, 1007206476545, testhost.dll, TcpClientExtensions.MessageLoopAsync: Polling on remoteEndPoint: [::ffff:127.0.0.1]:53027 localEndPoint: [::ffff:127.0.0.1]:53029
TpTrace Verbose: 0 : 7784, 5, 2021/04/25, 09:09:38.618, 1007206568796, testhost.dll, TestPluginCache: Discovered the extensions using extension path ''.
TpTrace Verbose: 0 : 7784, 5, 2021/04/25, 09:09:38.619, 1007206577971, testhost.dll, TestPluginCache: Discoverers are ''.
TpTrace Verbose: 0 : 7784, 5, 2021/04/25, 09:09:38.619, 1007206580523, testhost.dll, TestPluginCache: Executors are 'executor://MSTestAdapter/v2'.
TpTrace Verbose: 0 : 7784, 5, 2021/04/25, 09:09:38.619, 1007206583222, testhost.dll, TestPluginCache: Setting providers are ''.
TpTrace Verbose: 0 : 7784, 5, 2021/04/25, 09:09:38.619, 1007206585820, testhost.dll, TestPluginCache: Loggers are ''.
TpTrace Information: 0 : 7784, 5, 2021/04/25, 09:09:38.630, 1007206689837, testhost.dll, TestPluginManager.CreateTestExtension: Attempting to load test extension: Microsoft.VisualStudio.TestPlatform.MSTest.TestAdapter.MSTestExecutor
TpTrace Verbose: 0 : 7784, 5, 2021/04/25, 09:09:38.637, 1007206766591, testhost.dll, TestExecutorExtensionManager: Loading executor Microsoft.VisualStudio.TestPlatform.MSTest.TestAdapter.MSTestExecutor
TpTrace Verbose: 0 : 7784, 5, 2021/04/25, 09:09:38.638, 1007206769577, testhost.dll, TestExecutorService: Loaded the executors
TpTrace Verbose: 0 : 7784, 5, 2021/04/25, 09:09:38.640, 1007206789666, testhost.dll, TestPluginCache.DiscoverTestExtensions: finding test extensions in assemblies endswith: TestAdapter.dll TPluginInfo: Microsoft.VisualStudio.TestPlatform.Common.ExtensionFramework.Utilities.TestSettingsProviderPluginInformation TExtension: Microsoft.VisualStudio.TestPlatform.ObjectModel.Adapter.ISettingsProvider
TpTrace Verbose: 0 : 7784, 5, 2021/04/25, 09:09:38.641, 1007206797674, testhost.dll, TestPluginCache.GetExtensionPaths: Filtered extension paths: 
TpTrace Verbose: 0 : 7784, 5, 2021/04/25, 09:09:38.641, 1007206800502, testhost.dll, TestPluginCache.GetExtensionPaths: Added default extension paths: C:\Users\julian.henao\Desktop\RegistroVotantes\RegistroVotantes\RegistroVotantes.Api.Tests\bin\Debug\netcoreapp3.1\fine-code-coverage\build-output\Microsoft.VisualStudio.TestPlatform.MSTest.TestAdapter.dll
TpTrace Verbose: 0 : 7784, 5, 2021/04/25, 09:09:38.641, 1007206802928, testhost.dll, TestPluginCache.GetExtensionPaths: Added unfilterableExtensionPaths: 
TpTrace Information: 0 : 7784, 5, 2021/04/25, 09:09:38.642, 1007206808364, testhost.dll, AssemblyResolver.AddSearchDirectories: Adding more searchDirectories C:\Users\julian.henao\Desktop\RegistroVotantes\RegistroVotantes\RegistroVotantes.Api.Tests\bin\Debug\netcoreapp3.1\fine-code-coverage\build-output
TpTrace Verbose: 0 : 7784, 5, 2021/04/25, 09:09:38.642, 1007206812314, testhost.dll, TestPluginCache.DiscoverTestExtensions: Discovering the extensions using extension path.
TpTrace Verbose: 0 : 7784, 5, 2021/04/25, 09:09:38.642, 1007206815387, testhost.dll, TestPluginCache.GetExtensionPaths: Filtered extension paths: 
TpTrace Verbose: 0 : 7784, 5, 2021/04/25, 09:09:38.643, 1007206818290, testhost.dll, TestPluginCache.GetExtensionPaths: Added default extension paths: C:\Users\julian.henao\Desktop\RegistroVotantes\RegistroVotantes\RegistroVotantes.Api.Tests\bin\Debug\netcoreapp3.1\fine-code-coverage\build-output\Microsoft.VisualStudio.TestPlatform.MSTest.TestAdapter.dll
TpTrace Verbose: 0 : 7784, 5, 2021/04/25, 09:09:38.643, 1007206821441, testhost.dll, TestPluginCache.GetExtensionPaths: Added unfilterableExtensionPaths: 
TpTrace Verbose: 0 : 7784, 5, 2021/04/25, 09:09:38.643, 1007206824567, testhost.dll, TestPluginCache.DiscoverTestExtensions: Discovering the extensions using allExtensionPaths: C:\Users\julian.henao\Desktop\RegistroVotantes\RegistroVotantes\RegistroVotantes.Api.Tests\bin\Debug\netcoreapp3.1\fine-code-coverage\build-output\Microsoft.VisualStudio.TestPlatform.MSTest.TestAdapter.dll
TpTrace Information: 0 : 7784, 5, 2021/04/25, 09:09:38.644, 1007206828112, testhost.dll, AssemblyResolver.AddSearchDirectories: Adding more searchDirectories C:\Users\julian.henao\Desktop\RegistroVotantes\RegistroVotantes\RegistroVotantes.Api.Tests\bin\Debug\netcoreapp3.1\fine-code-coverage\build-output
TpTrace Verbose: 0 : 7784, 5, 2021/04/25, 09:09:38.645, 1007206837796, testhost.dll, TestPluginCache: Discovered the extensions using extension path ''.
TpTrace Verbose: 0 : 7784, 5, 2021/04/25, 09:09:38.645, 1007206841232, testhost.dll, TestPluginCache: Discoverers are ''.
TpTrace Verbose: 0 : 7784, 5, 2021/04/25, 09:09:38.645, 1007206844415, testhost.dll, TestPluginCache: Executors are 'executor://MSTestAdapter/v2'.
TpTrace Verbose: 0 : 7784, 5, 2021/04/25, 09:09:38.646, 1007206849695, testhost.dll, TestPluginCache: Setting providers are ''.
TpTrace Verbose: 0 : 7784, 5, 2021/04/25, 09:09:38.646, 1007206852818, testhost.dll, TestPluginCache: Loggers are ''.
TpTrace Verbose: 0 : 7784, 5, 2021/04/25, 09:09:38.649, 1007206881216, testhost.dll, TestExecutorService: Loaded the settings providers
TpTrace Information: 0 : 7784, 5, 2021/04/25, 09:09:38.649, 1007206884709, testhost.dll, TestExecutorService: Loaded the extensions
TpTrace Information: 0 : 7784, 5, 2021/04/25, 09:09:38.788, 1007208274142, testhost.dll, AssemblyResolver.OnResolve: Microsoft.VisualStudio.TestPlatform.Common.resources: Resolving assembly.
TpTrace Information: 0 : 7784, 5, 2021/04/25, 09:09:38.790, 1007208288568, testhost.dll, AssemblyResolver.OnResolve: Microsoft.VisualStudio.TestPlatform.Common.resources: Failed to load assembly.
TpTrace Information: 0 : 7784, 5, 2021/04/25, 09:09:38.874, 1007209127550, testhost.dll, TestDiscoveryManager: Discovering tests from sources C:\Users\julian.henao\Desktop\RegistroVotantes\RegistroVotantes\RegistroVotantes.Api.Tests\bin\Debug\netcoreapp3.1\fine-code-coverage\build-output\RegistroVotantes.Api.Tests.dll
TpTrace Verbose: 0 : 7784, 5, 2021/04/25, 09:09:38.878, 1007209173113, testhost.dll, TestPluginCache.DiscoverTestExtensions: finding test extensions in assemblies endswith: TestAdapter.dll TPluginInfo: Microsoft.VisualStudio.TestPlatform.Common.ExtensionFramework.Utilities.TestDiscovererPluginInformation TExtension: Microsoft.VisualStudio.TestPlatform.ObjectModel.Adapter.ITestDiscoverer
TpTrace Verbose: 0 : 7784, 5, 2021/04/25, 09:09:38.878, 1007209176727, testhost.dll, TestPluginCache.GetExtensionPaths: Filtered extension paths: 
TpTrace Verbose: 0 : 7784, 5, 2021/04/25, 09:09:38.879, 1007209178642, testhost.dll, TestPluginCache.GetExtensionPaths: Added default extension paths: C:\Users\julian.henao\Desktop\RegistroVotantes\RegistroVotantes\RegistroVotantes.Api.Tests\bin\Debug\netcoreapp3.1\fine-code-coverage\build-output\Microsoft.VisualStudio.TestPlatform.MSTest.TestAdapter.dll
TpTrace Verbose: 0 : 7784, 5, 2021/04/25, 09:09:38.879, 1007209181054, testhost.dll, TestPluginCache.GetExtensionPaths: Added unfilterableExtensionPaths: 
TpTrace Information: 0 : 7784, 5, 2021/04/25, 09:09:38.879, 1007209185152, testhost.dll, AssemblyResolver.AddSearchDirectories: Adding more searchDirectories C:\Users\julian.henao\Desktop\RegistroVotantes\RegistroVotantes\RegistroVotantes.Api.Tests\bin\Debug\netcoreapp3.1\fine-code-coverage\build-output
TpTrace Verbose: 0 : 7784, 5, 2021/04/25, 09:09:38.879, 1007209187327, testhost.dll, TestPluginCache.DiscoverTestExtensions: Discovering the extensions using extension path.
TpTrace Verbose: 0 : 7784, 5, 2021/04/25, 09:09:38.880, 1007209189107, testhost.dll, TestPluginCache.GetExtensionPaths: Filtered extension paths: 
TpTrace Verbose: 0 : 7784, 5, 2021/04/25, 09:09:38.880, 1007209190796, testhost.dll, TestPluginCache.GetExtensionPaths: Added default extension paths: C:\Users\julian.henao\Desktop\RegistroVotantes\RegistroVotantes\RegistroVotantes.Api.Tests\bin\Debug\netcoreapp3.1\fine-code-coverage\build-output\Microsoft.VisualStudio.TestPlatform.MSTest.TestAdapter.dll
TpTrace Verbose: 0 : 7784, 5, 2021/04/25, 09:09:38.880, 1007209192681, testhost.dll, TestPluginCache.GetExtensionPaths: Added unfilterableExtensionPaths: 
TpTrace Verbose: 0 : 7784, 5, 2021/04/25, 09:09:38.880, 1007209194458, testhost.dll, TestPluginCache.DiscoverTestExtensions: Discovering the extensions using allExtensionPaths: C:\Users\julian.henao\Desktop\RegistroVotantes\RegistroVotantes\RegistroVotantes.Api.Tests\bin\Debug\netcoreapp3.1\fine-code-coverage\build-output\Microsoft.VisualStudio.TestPlatform.MSTest.TestAdapter.dll
TpTrace Information: 0 : 7784, 5, 2021/04/25, 09:09:38.880, 1007209196467, testhost.dll, AssemblyResolver.AddSearchDirectories: Adding more searchDirectories C:\Users\julian.henao\Desktop\RegistroVotantes\RegistroVotantes\RegistroVotantes.Api.Tests\bin\Debug\netcoreapp3.1\fine-code-coverage\build-output
TpTrace Verbose: 0 : 7784, 5, 2021/04/25, 09:09:38.885, 1007209245768, testhost.dll, TestPluginCache: Discovered the extensions using extension path ''.
TpTrace Verbose: 0 : 7784, 5, 2021/04/25, 09:09:38.886, 1007209248198, testhost.dll, TestPluginCache: Discoverers are 'Microsoft.VisualStudio.TestPlatform.MSTest.TestAdapter.MSTestDiscoverer, Microsoft.VisualStudio.TestPlatform.MSTest.TestAdapter, Version=14.0.0.0, Culture=neutral, PublicKeyToken=b03f5f7f11d50a3a'.
TpTrace Verbose: 0 : 7784, 5, 2021/04/25, 09:09:38.886, 1007209249903, testhost.dll, TestPluginCache: Executors are 'executor://MSTestAdapter/v2'.
TpTrace Verbose: 0 : 7784, 5, 2021/04/25, 09:09:38.886, 1007209251496, testhost.dll, TestPluginCache: Setting providers are ''.
TpTrace Verbose: 0 : 7784, 5, 2021/04/25, 09:09:38.886, 1007209252943, testhost.dll, TestPluginCache: Loggers are ''.
TpTrace Verbose: 0 : 7784, 5, 2021/04/25, 09:09:38.897, 1007209358897, testhost.dll, BaseRunTests.RunTestInternalWithExecutors: Running tests for executor://MSTestAdapter/v2
TpTrace Verbose: 0 : 7784, 5, 2021/04/25, 09:09:38.981, 1007210202357, testhost.dll, TestExecutionRecorder.RecordStart: Starting test: Api.Test.VotanteControllerTest.PostPersonSuccess.
TpTrace Verbose: 0 : 7784, 10, 2021/04/25, 09:09:39.609, 1007216480742, testhost.dll, TcpClientExtensions.MessageLoopAsync: Polling on remoteEndPoint: [::ffff:127.0.0.1]:53027 localEndPoint: [::ffff:127.0.0.1]:53029
TpTrace Information: 0 : 7784, 9, 2021/04/25, 09:09:40.273, 1007223126535, testhost.dll, Sending test run statistics
TpTrace Verbose: 0 : 7784, 9, 2021/04/25, 09:09:40.363, 1007224025401, testhost.dll, TestRequestHandler.SendData:  sending data from testhost: {"Version":2,"MessageType":"TestExecution.StatsChange","Payload":{"NewTestResults":[],"TestRunStatistics":{"ExecutedTests":0,"Stats":{}},"ActiveTests":[{"Id":"56462e75-c333-eb08-4758-a2e765d05449","FullyQualifiedName":"Api.Test.VotanteControllerTest.PostPersonSuccess","DisplayName":"PostPersonSuccess","ExecutorUri":"executor://MSTestAdapter/v2","Source":"C:\\Users\\julian.henao\\Desktop\\RegistroVotantes\\RegistroVotantes\\RegistroVotantes.Api.Tests\\bin\\Debug\\netcoreapp3.1\\fine-code-coverage\\build-output\\RegistroVotantes.Api.Tests.dll","CodeFilePath":null,"LineNumber":-1,"Properties":[{"Key":{"Id":"MSTestDiscoverer.TestClassName","Label":"ClassName","Category":"","Description":"","Attributes":1,"ValueType":"System.String"},"Value":"Api.Test.VotanteControllerTest"},{"Key":{"Id":"TestObject.Traits","Label":"Traits","Category":"","Description":"","Attributes":5,"ValueType":"System.Collections.Generic.KeyValuePair`2[[System.String],[System.String]][]"},"Value":[]}]}]}}
TpTrace Verbose: 0 : 7784, 9, 2021/04/25, 09:09:40.364, 1007224035770, testhost.dll, TestRunCache: OnNewTestResult: Notified the onCacheHit callback.
TpTrace Verbose: 0 : 7784, 10, 2021/04/25, 09:09:40.609, 1007226483349, testhost.dll, TcpClientExtensions.MessageLoopAsync: Polling on remoteEndPoint: [::ffff:127.0.0.1]:53027 localEndPoint: [::ffff:127.0.0.1]:53029
TpTrace Verbose: 0 : 7784, 10, 2021/04/25, 09:09:41.611, 1007236499773, testhost.dll, TcpClientExtensions.MessageLoopAsync: Polling on remoteEndPoint: [::ffff:127.0.0.1]:53027 localEndPoint: [::ffff:127.0.0.1]:53029
TpTrace Verbose: 0 : 7784, 10, 2021/04/25, 09:09:42.612, 1007246515131, testhost.dll, TcpClientExtensions.MessageLoopAsync: Polling on remoteEndPoint: [::ffff:127.0.0.1]:53027 localEndPoint: [::ffff:127.0.0.1]:53029
TpTrace Verbose: 0 : 7784, 10, 2021/04/25, 09:09:43.613, 1007256523478, testhost.dll, TcpClientExtensions.MessageLoopAsync: Polling on remoteEndPoint: [::ffff:127.0.0.1]:53027 localEndPoint: [::ffff:127.0.0.1]:53029
TpTrace Information: 0 : 7784, 5, 2021/04/25, 09:09:44.588, 1007266275502, testhost.dll, AssemblyResolver.OnResolve: Microsoft.AspNetCore.Mvc.Abstractions.resources: Resolving assembly.
TpTrace Information: 0 : 7784, 5, 2021/04/25, 09:09:44.589, 1007266283641, testhost.dll, AssemblyResolver.OnResolve: Microsoft.AspNetCore.Mvc.Abstractions.resources: Failed to load assembly.
TpTrace Information: 0 : 7784, 5, 2021/04/25, 09:09:44.590, 1007266291116, testhost.dll, AssemblyResolver.OnResolve: Microsoft.AspNetCore.Mvc.Abstractions.resources: Resolving assembly.
TpTrace Information: 0 : 7784, 5, 2021/04/25, 09:09:44.590, 1007266294147, testhost.dll, AssemblyResolver.OnResolve: Microsoft.AspNetCore.Mvc.Abstractions.resources: Resolved from cache.
TpTrace Information: 0 : 7784, 5, 2021/04/25, 09:09:44.600, 1007266387850, testhost.dll, AssemblyResolver.OnResolve: Microsoft.AspNetCore.Mvc.Core.resources: Resolving assembly.
TpTrace Information: 0 : 7784, 5, 2021/04/25, 09:09:44.600, 1007266393994, testhost.dll, AssemblyResolver.OnResolve: Microsoft.AspNetCore.Mvc.Core.resources: Failed to load assembly.
TpTrace Information: 0 : 7784, 5, 2021/04/25, 09:09:44.601, 1007266403510, testhost.dll, AssemblyResolver.OnResolve: Microsoft.AspNetCore.Mvc.Core.resources: Resolving assembly.
TpTrace Information: 0 : 7784, 5, 2021/04/25, 09:09:44.602, 1007266408331, testhost.dll, AssemblyResolver.OnResolve: Microsoft.AspNetCore.Mvc.Core.resources: Resolved from cache.
TpTrace Verbose: 0 : 7784, 10, 2021/04/25, 09:09:44.615, 1007266546049, testhost.dll, TcpClientExtensions.MessageLoopAsync: Polling on remoteEndPoint: [::ffff:127.0.0.1]:53027 localEndPoint: [::ffff:127.0.0.1]:53029
TpTrace Information: 0 : 7784, 11, 2021/04/25, 09:09:45.133, 1007271718886, testhost.dll, AssemblyResolver.OnResolve: Microsoft.EntityFrameworkCore.resources: Resolving assembly.
TpTrace Information: 0 : 7784, 11, 2021/04/25, 09:09:45.133, 1007271722606, testhost.dll, AssemblyResolver.OnResolve: Microsoft.EntityFrameworkCore.resources: Failed to load assembly.
TpTrace Information: 0 : 7784, 11, 2021/04/25, 09:09:45.133, 1007271726243, testhost.dll, AssemblyResolver.OnResolve: Microsoft.EntityFrameworkCore.resources: Resolving assembly.
TpTrace Information: 0 : 7784, 11, 2021/04/25, 09:09:45.134, 1007271727849, testhost.dll, AssemblyResolver.OnResolve: Microsoft.EntityFrameworkCore.resources: Resolved from cache.
TpTrace Verbose: 0 : 7784, 10, 2021/04/25, 09:09:45.615, 1007276546011, testhost.dll, TcpClientExtensions.MessageLoopAsync: Polling on remoteEndPoint: [::ffff:127.0.0.1]:53027 localEndPoint: [::ffff:127.0.0.1]:53029
TpTrace Information: 0 : 7784, 11, 2021/04/25, 09:09:45.728, 1007277671619, testhost.dll, AssemblyResolver.OnResolve: Microsoft.EntityFrameworkCore.InMemory.resources: Resolving assembly.
TpTrace Information: 0 : 7784, 11, 2021/04/25, 09:09:45.728, 1007277675422, testhost.dll, AssemblyResolver.OnResolve: Microsoft.EntityFrameworkCore.InMemory.resources: Failed to load assembly.
TpTrace Information: 0 : 7784, 11, 2021/04/25, 09:09:45.729, 1007277679829, testhost.dll, AssemblyResolver.OnResolve: Microsoft.EntityFrameworkCore.InMemory.resources: Resolving assembly.
TpTrace Information: 0 : 7784, 11, 2021/04/25, 09:09:45.729, 1007277681585, testhost.dll, AssemblyResolver.OnResolve: Microsoft.EntityFrameworkCore.InMemory.resources: Resolved from cache.
TpTrace Verbose: 0 : 7784, 5, 2021/04/25, 09:09:45.798, 1007278376701, testhost.dll, TestExecutionRecorder.RecordEnd: test: Api.Test.VotanteControllerTest.PostPersonSuccess execution completed.
TpTrace Warning: 0 : 7784, 5, 2021/04/25, 09:09:45.800, 1007278390011, testhost.dll, InProgressTests is null
TpTrace Verbose: 0 : 7784, 5, 2021/04/25, 09:09:45.824, 1007278633197, testhost.dll, TestExecutionRecorder.RecordResult: Received result for test: Api.Test.VotanteControllerTest.PostPersonSuccess.
TpTrace Warning: 0 : 7784, 5, 2021/04/25, 09:09:45.830, 1007278696926, testhost.dll, InProgressTests is null
TpTrace Information: 0 : 7784, 5, 2021/04/25, 09:09:45.834, 1007278727530, testhost.dll, AssemblyResolver.OnResolve: Microsoft.VisualStudio.TestPlatform.ObjectModel.resources: Resolving assembly.
TpTrace Information: 0 : 7784, 5, 2021/04/25, 09:09:45.834, 1007278731465, testhost.dll, AssemblyResolver.OnResolve: Microsoft.VisualStudio.TestPlatform.ObjectModel.resources: Failed to load assembly.
TpTrace Warning: 0 : 7784, 5, 2021/04/25, 09:09:45.836, 1007278752184, testhost.dll, TestRunCache: No test found corresponding to testResult 'PostPersonSuccess  Correctas
  Mensajes de prueba:
  StdOutMsgs:
[09:09:44 INF] Application started. Press Ctrl+C to shut down.
[09:09:44 INF] Hosting environment: Development
[09:09:44 INF] Content root path: C:\Users\julian.henao\Desktop\RegistroVotantes\RegistroVotantes\RegistroVotantes.Api
[09:09:44 INF] Request starting HTTP/1.1 POST http://localhost/api/votantes application/json; charset=utf-8 
[09:09:44 WRN] Failed to determine the https port for redirect.
[09:09:44 INF] Executing endpoint 'RegistroVotantes.Api.Controllers.VotantesController.RegistroVotante (RegistroVotantes.Api)'
[09:09:45 INF] Route matched with {action = "RegistroVotante", controller = "Votantes"}. Executing controller action with signature System.Threading.Tasks.Task`1[System.Object] RegistroVotante(RegistroVotantes.Domain.Entities.Votante) on controller RegistroVotantes.Api.Controllers.VotantesController (RegistroVotantes.Api).
[09:09:45 INF] Entity Framework Core 3.1.1 initialized 'PersistenceContext' using provider 'Microsoft.EntityFrameworkCore.InMemory' with options: StoreName=TestDb 
[09:09:45 INF] Saved 1 entities to in-memory store.
[09:09:45 INF] Executing ObjectResult, writing value of type 'RegistroVotantes.Domain.Entities.Votante'.
[09:09:45 INF] Executed action RegistroVotantes.Api.Controllers.VotantesController.RegistroVotante (RegistroVotantes.Api) in 734.2376ms
[09:09:45 INF] Executed endpoint 'RegistroVotantes.Api.Controllers.VotantesController.RegistroVotante (RegistroVotantes.Api)'
[09:09:45 INF] Request finished in 868.8957ms 200 application/json; charset=utf-8
' in inProgress list.
TpTrace Verbose: 0 : 7784, 5, 2021/04/25, 09:09:45.836, 1007278755139, testhost.dll, TestExecutionRecorder.RecordStart: Starting test: Api.Test.VotanteControllerTest.PostPersonError.
TpTrace Information: 0 : 7784, 5, 2021/04/25, 09:09:45.837, 1007278757462, testhost.dll, Sending test run statistics
TpTrace Verbose: 0 : 7784, 5, 2021/04/25, 09:09:45.847, 1007278864772, testhost.dll, TestRequestHandler.SendData:  sending data from testhost: {"Version":2,"MessageType":"TestExecution.StatsChange","Payload":{"NewTestResults":[{"TestCase":{"Id":"56462e75-c333-eb08-4758-a2e765d05449","FullyQualifiedName":"Api.Test.VotanteControllerTest.PostPersonSuccess","DisplayName":"PostPersonSuccess","ExecutorUri":"executor://MSTestAdapter/v2","Source":"C:\\Users\\julian.henao\\Desktop\\RegistroVotantes\\RegistroVotantes\\RegistroVotantes.Api.Tests\\bin\\Debug\\netcoreapp3.1\\fine-code-coverage\\build-output\\RegistroVotantes.Api.Tests.dll","CodeFilePath":null,"LineNumber":-1,"Properties":[{"Key":{"Id":"MSTestDiscoverer.TestClassName","Label":"ClassName","Category":"","Description":"","Attributes":1,"ValueType":"System.String"},"Value":"Api.Test.VotanteControllerTest"},{"Key":{"Id":"TestObject.Traits","Label":"Traits","Category":"","Description":"","Attributes":5,"ValueType":"System.Collections.Generic.KeyValuePair`2[[System.String],[System.String]][]"},"Value":[]}]},"Attachments":[],"Outcome":1,"ErrorMessage":null,"ErrorStackTrace":null,"DisplayName":null,"Messages":[{"Category":"StdOutMsgs","Text":"[09:09:44 INF] Application started. Press Ctrl+C to shut down.\r\n[09:09:44 INF] Hosting environment: Development\r\n[09:09:44 INF] Content root path: C:\\Users\\julian.henao\\Desktop\\RegistroVotantes\\RegistroVotantes\\RegistroVotantes.Api\r\n[09:09:44 INF] Request starting HTTP/1.1 POST http://localhost/api/votantes application/json; charset=utf-8 \r\n[09:09:44 WRN] Failed to determine the https port for redirect.\r\n[09:09:44 INF] Executing endpoint 'RegistroVotantes.Api.Controllers.VotantesController.RegistroVotante (RegistroVotantes.Api)'\r\n[09:09:45 INF] Route matched with {action = \"RegistroVotante\", controller = \"Votantes\"}. Executing controller action with signature System.Threading.Tasks.Task`1[System.Object] RegistroVotante(RegistroVotantes.Domain.Entities.Votante) on controller RegistroVotantes.Api.Controllers.VotantesController (RegistroVotantes.Api).\r\n[09:09:45 INF] Entity Framework Core 3.1.1 initialized 'PersistenceContext' using provider 'Microsoft.EntityFrameworkCore.InMemory' with options: StoreName=TestDb \r\n[09:09:45 INF] Saved 1 entities to in-memory store.\r\n[09:09:45 INF] Executing ObjectResult, writing value of type 'RegistroVotantes.Domain.Entities.Votante'.\r\n[09:09:45 INF] Executed action RegistroVotantes.Api.Controllers.VotantesController.RegistroVotante (RegistroVotantes.Api) in 734.2376ms\r\n[09:09:45 INF] Executed endpoint 'RegistroVotantes.Api.Controllers.VotantesController.RegistroVotante (RegistroVotantes.Api)'\r\n[09:09:45 INF] Request finished in 868.8957ms 200 application/json; charset=utf-8\r\n"}],"ComputerName":null,"Duration":"00:00:06.4919158","StartTime":"2021-04-25T09:09:39.1967764-05:00","EndTime":"2021-04-25T09:09:45.7893742-05:00","Properties":[{"Key":{"Id":"ExecutionId","Label":"ExecutionId","Category":"","Description":"","Attributes":1,"ValueType":"System.Guid"},"Value":"00000000-0000-0000-0000-000000000000"},{"Key":{"Id":"ParentExecId","Label":"ParentExecId","Category":"","Description":"","Attributes":1,"ValueType":"System.Guid"},"Value":"00000000-0000-0000-0000-000000000000"},{"Key":{"Id":"InnerResultsCount","Label":"InnerResultsCount","Category":"","Description":"","Attributes":1,"ValueType":"System.Int32"},"Value":0}]}],"TestRunStatistics":{"ExecutedTests":1,"Stats":{"Passed":1}},"ActiveTests":[{"Id":"3cfe379b-a3ad-47db-e426-9b4174755f4b","FullyQualifiedName":"Api.Test.VotanteControllerTest.PostPersonError","DisplayName":"PostPersonError","ExecutorUri":"executor://MSTestAdapter/v2","Source":"C:\\Users\\julian.henao\\Desktop\\RegistroVotantes\\RegistroVotantes\\RegistroVotantes.Api.Tests\\bin\\Debug\\netcoreapp3.1\\fine-code-coverage\\build-output\\RegistroVotantes.Api.Tests.dll","CodeFilePath":null,"LineNumber":-1,"Properties":[{"Key":{"Id":"MSTestDiscoverer.TestClassName","Label":"ClassName","Category":"","Description":"","Attributes":1,"ValueType":"System.String"},"Value":"Api.Test.VotanteControllerTest"},{"Key":{"Id":"TestObject.Traits","Label":"Traits","Category":"","Description":"","Attributes":5,"ValueType":"System.Collections.Generic.KeyValuePair`2[[System.String],[System.String]][]"},"Value":[]}]}]}}
TpTrace Verbose: 0 : 7784, 5, 2021/04/25, 09:09:45.848, 1007278869820, testhost.dll, TestRunCache: OnNewTestResult: Notified the onCacheHit callback.
TpTrace Verbose: 0 : 7784, 10, 2021/04/25, 09:09:46.616, 1007286550413, testhost.dll, TcpClientExtensions.MessageLoopAsync: Polling on remoteEndPoint: [::ffff:127.0.0.1]:53027 localEndPoint: [::ffff:127.0.0.1]:53029
TpTrace Verbose: 0 : 7784, 10, 2021/04/25, 09:09:47.618, 1007296572014, testhost.dll, TcpClientExtensions.MessageLoopAsync: Polling on remoteEndPoint: [::ffff:127.0.0.1]:53027 localEndPoint: [::ffff:127.0.0.1]:53029
TpTrace Verbose: 0 : 7784, 10, 2021/04/25, 09:09:48.620, 1007306588588, testhost.dll, TcpClientExtensions.MessageLoopAsync: Polling on remoteEndPoint: [::ffff:127.0.0.1]:53027 localEndPoint: [::ffff:127.0.0.1]:53029
TpTrace Verbose: 0 : 7784, 10, 2021/04/25, 09:09:49.621, 1007316606972, testhost.dll, TcpClientExtensions.MessageLoopAsync: Polling on remoteEndPoint: [::ffff:127.0.0.1]:53027 localEndPoint: [::ffff:127.0.0.1]:53029
TpTrace Information: 0 : 7784, 14, 2021/04/25, 09:09:50.014, 1007320528644, testhost.dll, AssemblyResolver.OnResolve: System.Text.Json.resources: Resolving assembly.
TpTrace Information: 0 : 7784, 14, 2021/04/25, 09:09:50.015, 1007320542365, testhost.dll, AssemblyResolver.OnResolve: System.Text.Json.resources: Failed to load assembly.
TpTrace Information: 0 : 7784, 14, 2021/04/25, 09:09:50.016, 1007320554488, testhost.dll, AssemblyResolver.OnResolve: System.Text.Json.resources: Resolving assembly.
TpTrace Information: 0 : 7784, 14, 2021/04/25, 09:09:50.017, 1007320558724, testhost.dll, AssemblyResolver.OnResolve: System.Text.Json.resources: Resolved from cache.
TpTrace Verbose: 0 : 7784, 5, 2021/04/25, 09:09:50.028, 1007320669109, testhost.dll, TestExecutionRecorder.RecordEnd: test: Api.Test.VotanteControllerTest.PostPersonError execution completed.
TpTrace Warning: 0 : 7784, 5, 2021/04/25, 09:09:50.028, 1007320675136, testhost.dll, InProgressTests is null
TpTrace Verbose: 0 : 7784, 5, 2021/04/25, 09:09:50.034, 1007320733572, testhost.dll, TestExecutionRecorder.RecordResult: Received result for test: Api.Test.VotanteControllerTest.PostPersonError.
TpTrace Warning: 0 : 7784, 5, 2021/04/25, 09:09:50.035, 1007320742353, testhost.dll, InProgressTests is null
TpTrace Warning: 0 : 7784, 5, 2021/04/25, 09:09:50.036, 1007320749496, testhost.dll, TestRunCache: No test found corresponding to testResult 'PostPersonError  Correctas
  Mensajes de prueba:
  StdOutMsgs:
[09:09:49 INF] Application started. Press Ctrl+C to shut down.
[09:09:49 INF] Hosting environment: Development
[09:09:49 INF] Content root path: C:\Users\julian.henao\Desktop\RegistroVotantes\RegistroVotantes\RegistroVotantes.Api
[09:09:49 INF] Request starting HTTP/1.1 POST http://localhost/api/votantes application/json; charset=utf-8 
[09:09:49 WRN] Failed to determine the https port for redirect.
[09:09:49 INF] Executing endpoint 'RegistroVotantes.Api.Controllers.VotantesController.RegistroVotante (RegistroVotantes.Api)'
[09:09:50 INF] Route matched with {action = "RegistroVotante", controller = "Votantes"}. Executing controller action with signature System.Threading.Tasks.Task`1[System.Object] RegistroVotante(RegistroVotantes.Domain.Entities.Votante) on controller RegistroVotantes.Api.Controllers.VotantesController (RegistroVotantes.Api).
[09:09:50 INF] Executing ObjectResult, writing value of type 'Microsoft.AspNetCore.Mvc.ValidationProblemDetails'.
[09:09:50 INF] Executed action RegistroVotantes.Api.Controllers.VotantesController.RegistroVotante (RegistroVotantes.Api) in 18.0983ms
[09:09:50 INF] Executed endpoint 'RegistroVotantes.Api.Controllers.VotantesController.RegistroVotante (RegistroVotantes.Api)'
[09:09:50 INF] Request finished in 39.7894ms 400 application/problem+json; charset=utf-8
' in inProgress list.
TpTrace Verbose: 0 : 7784, 5, 2021/04/25, 09:09:50.037, 1007320757785, testhost.dll, TestExecutionRecorder.RecordStart: Starting test: Api.Test.VotanteControllerTest.PostPersonErrorFecha.
TpTrace Information: 0 : 7784, 5, 2021/04/25, 09:09:50.037, 1007320763790, testhost.dll, Sending test run statistics
TpTrace Verbose: 0 : 7784, 5, 2021/04/25, 09:09:50.041, 1007320802086, testhost.dll, TestRequestHandler.SendData:  sending data from testhost: {"Version":2,"MessageType":"TestExecution.StatsChange","Payload":{"NewTestResults":[{"TestCase":{"Id":"3cfe379b-a3ad-47db-e426-9b4174755f4b","FullyQualifiedName":"Api.Test.VotanteControllerTest.PostPersonError","DisplayName":"PostPersonError","ExecutorUri":"executor://MSTestAdapter/v2","Source":"C:\\Users\\julian.henao\\Desktop\\RegistroVotantes\\RegistroVotantes\\RegistroVotantes.Api.Tests\\bin\\Debug\\netcoreapp3.1\\fine-code-coverage\\build-output\\RegistroVotantes.Api.Tests.dll","CodeFilePath":null,"LineNumber":-1,"Properties":[{"Key":{"Id":"MSTestDiscoverer.TestClassName","Label":"ClassName","Category":"","Description":"","Attributes":1,"ValueType":"System.String"},"Value":"Api.Test.VotanteControllerTest"},{"Key":{"Id":"TestObject.Traits","Label":"Traits","Category":"","Description":"","Attributes":5,"ValueType":"System.Collections.Generic.KeyValuePair`2[[System.String],[System.String]][]"},"Value":[]}]},"Attachments":[],"Outcome":1,"ErrorMessage":null,"ErrorStackTrace":null,"DisplayName":null,"Messages":[{"Category":"StdOutMsgs","Text":"[09:09:49 INF] Application started. Press Ctrl+C to shut down.\r\n[09:09:49 INF] Hosting environment: Development\r\n[09:09:49 INF] Content root path: C:\\Users\\julian.henao\\Desktop\\RegistroVotantes\\RegistroVotantes\\RegistroVotantes.Api\r\n[09:09:49 INF] Request starting HTTP/1.1 POST http://localhost/api/votantes application/json; charset=utf-8 \r\n[09:09:49 WRN] Failed to determine the https port for redirect.\r\n[09:09:49 INF] Executing endpoint 'RegistroVotantes.Api.Controllers.VotantesController.RegistroVotante (RegistroVotantes.Api)'\r\n[09:09:50 INF] Route matched with {action = \"RegistroVotante\", controller = \"Votantes\"}. Executing controller action with signature System.Threading.Tasks.Task`1[System.Object] RegistroVotante(RegistroVotantes.Domain.Entities.Votante) on controller RegistroVotantes.Api.Controllers.VotantesController (RegistroVotantes.Api).\r\n[09:09:50 INF] Executing ObjectResult, writing value of type 'Microsoft.AspNetCore.Mvc.ValidationProblemDetails'.\r\n[09:09:50 INF] Executed action RegistroVotantes.Api.Controllers.VotantesController.RegistroVotante (RegistroVotantes.Api) in 18.0983ms\r\n[09:09:50 INF] Executed endpoint 'RegistroVotantes.Api.Controllers.VotantesController.RegistroVotante (RegistroVotantes.Api)'\r\n[09:09:50 INF] Request finished in 39.7894ms 400 application/problem+json; charset=utf-8\r\n"}],"ComputerName":null,"Duration":"00:00:04.1772454","StartTime":"2021-04-25T09:09:45.8501847-05:00","EndTime":"2021-04-25T09:09:50.0280576-05:00","Properties":[{"Key":{"Id":"ExecutionId","Label":"ExecutionId","Category":"","Description":"","Attributes":1,"ValueType":"System.Guid"},"Value":"00000000-0000-0000-0000-000000000000"},{"Key":{"Id":"ParentExecId","Label":"ParentExecId","Category":"","Description":"","Attributes":1,"ValueType":"System.Guid"},"Value":"00000000-0000-0000-0000-000000000000"},{"Key":{"Id":"InnerResultsCount","Label":"InnerResultsCount","Category":"","Description":"","Attributes":1,"ValueType":"System.Int32"},"Value":0}]}],"TestRunStatistics":{"ExecutedTests":2,"Stats":{"Passed":2}},"ActiveTests":[{"Id":"951e73d4-4e89-5dd7-d79e-54eed1ea4cf1","FullyQualifiedName":"Api.Test.VotanteControllerTest.PostPersonErrorFecha","DisplayName":"PostPersonErrorFecha","ExecutorUri":"executor://MSTestAdapter/v2","Source":"C:\\Users\\julian.henao\\Desktop\\RegistroVotantes\\RegistroVotantes\\RegistroVotantes.Api.Tests\\bin\\Debug\\netcoreapp3.1\\fine-code-coverage\\build-output\\RegistroVotantes.Api.Tests.dll","CodeFilePath":null,"LineNumber":-1,"Properties":[{"Key":{"Id":"MSTestDiscoverer.TestClassName","Label":"ClassName","Category":"","Description":"","Attributes":1,"ValueType":"System.String"},"Value":"Api.Test.VotanteControllerTest"},{"Key":{"Id":"TestObject.Traits","Label":"Traits","Category":"","Description":"","Attributes":5,"ValueType":"System.Collections.Generic.KeyValuePair`2[[System.String],[System.String]][]"},"Value":[]}]}]}}
TpTrace Verbose: 0 : 7784, 5, 2021/04/25, 09:09:50.042, 1007320812185, testhost.dll, TestRunCache: OnNewTestResult: Notified the onCacheHit callback.
TpTrace Verbose: 0 : 7784, 10, 2021/04/25, 09:09:50.623, 1007326625353, testhost.dll, TcpClientExtensions.MessageLoopAsync: Polling on remoteEndPoint: [::ffff:127.0.0.1]:53027 localEndPoint: [::ffff:127.0.0.1]:53029
TpTrace Verbose: 0 : 7784, 10, 2021/04/25, 09:09:51.625, 1007336641534, testhost.dll, TcpClientExtensions.MessageLoopAsync: Polling on remoteEndPoint: [::ffff:127.0.0.1]:53027 localEndPoint: [::ffff:127.0.0.1]:53029
TpTrace Verbose: 0 : 7784, 10, 2021/04/25, 09:09:52.626, 1007346655597, testhost.dll, TcpClientExtensions.MessageLoopAsync: Polling on remoteEndPoint: [::ffff:127.0.0.1]:53027 localEndPoint: [::ffff:127.0.0.1]:53029
TpTrace Verbose: 0 : 7784, 10, 2021/04/25, 09:09:53.628, 1007356672580, testhost.dll, TcpClientExtensions.MessageLoopAsync: Polling on remoteEndPoint: [::ffff:127.0.0.1]:53027 localEndPoint: [::ffff:127.0.0.1]:53029
TpTrace Verbose: 0 : 7784, 5, 2021/04/25, 09:09:54.303, 1007363422136, testhost.dll, TestExecutionRecorder.RecordEnd: test: Api.Test.VotanteControllerTest.PostPersonErrorFecha execution completed.
TpTrace Warning: 0 : 7784, 5, 2021/04/25, 09:09:54.304, 1007363430995, testhost.dll, InProgressTests is null
TpTrace Verbose: 0 : 7784, 5, 2021/04/25, 09:09:54.311, 1007363501946, testhost.dll, TestExecutionRecorder.RecordResult: Received result for test: Api.Test.VotanteControllerTest.PostPersonErrorFecha.
TpTrace Warning: 0 : 7784, 5, 2021/04/25, 09:09:54.312, 1007363509510, testhost.dll, InProgressTests is null
TpTrace Warning: 0 : 7784, 5, 2021/04/25, 09:09:54.312, 1007363516205, testhost.dll, TestRunCache: No test found corresponding to testResult 'PostPersonErrorFecha  Correctas
  Mensajes de prueba:
  StdOutMsgs:
[09:09:54 INF] Application started. Press Ctrl+C to shut down.
[09:09:54 INF] Hosting environment: Development
[09:09:54 INF] Content root path: C:\Users\julian.henao\Desktop\RegistroVotantes\RegistroVotantes\RegistroVotantes.Api
[09:09:54 INF] Request starting HTTP/1.1 POST http://localhost/api/votantes application/json; charset=utf-8 
[09:09:54 WRN] Failed to determine the https port for redirect.
[09:09:54 INF] Executing endpoint 'RegistroVotantes.Api.Controllers.VotantesController.RegistroVotante (RegistroVotantes.Api)'
[09:09:54 INF] Route matched with {action = "RegistroVotante", controller = "Votantes"}. Executing controller action with signature System.Threading.Tasks.Task`1[System.Object] RegistroVotante(RegistroVotantes.Domain.Entities.Votante) on controller RegistroVotantes.Api.Controllers.VotantesController (RegistroVotantes.Api).
[09:09:54 ERR] No puede votar por ser menor de 18 años
System.Exception: No puede votar por ser menor de 18 años
   at RegistroVotantes.Domain.Services.ServicioValidacionVotante.EdadMinima(DateTime entonces) in C:\Users\julian.henao\Desktop\RegistroVotantes\RegistroVotantes\RegistroVotantes.Domain\Services\ServicioValidacionVotante.cs:line 30
   at RegistroVotantes.Domain.Services.ServicioValidacionVotante.RegistrarVotante(Votante v) in C:\Users\julian.henao\Desktop\RegistroVotantes\RegistroVotantes\RegistroVotantes.Domain\Services\ServicioValidacionVotante.cs:line 20
   at RegistroVotantes.Api.Controllers.VotantesController.RegistroVotante(Votante v) in C:\Users\julian.henao\Desktop\RegistroVotantes\RegistroVotantes\RegistroVotantes.Api\Controllers\VotantesController.cs:line 30
   at lambda_method(Closure , Object )
   at Microsoft.Extensions.Internal.ObjectMethodExecutorAwaitable.Awaiter.GetResult()
   at Microsoft.AspNetCore.Mvc.Infrastructure.ActionMethodExecutor.AwaitableObjectResultExecutor.Execute(IActionResultTypeMapper mapper, ObjectMethodExecutor executor, Object controller, Object[] arguments)
   at Microsoft.AspNetCore.Mvc.Infrastructure.ControllerActionInvoker.<InvokeActionMethodAsync>g__Awaited|12_0(ControllerActionInvoker invoker, ValueTask`1 actionResultValueTask)
   at Microsoft.AspNetCore.Mvc.Infrastructure.ControllerActionInvoker.<InvokeNextActionFilterAsync>g__Awaited|10_0(ControllerActionInvoker invoker, Task lastTask, State next, Scope scope, Object state, Boolean isCompleted)
   at Microsoft.AspNetCore.Mvc.Infrastructure.ControllerActionInvoker.Rethrow(ActionExecutedContextSealed context)
   at Microsoft.AspNetCore.Mvc.Infrastructure.ControllerActionInvoker.Next(State& next, Scope& scope, Object& state, Boolean& isCompleted)
   at Microsoft.AspNetCore.Mvc.Infrastructure.ControllerActionInvoker.InvokeInnerFilterAsync()
--- End of stack trace from previous location where exception was thrown ---
   at Microsoft.AspNetCore.Mvc.Infrastructure.ResourceInvoker.<InvokeNextExceptionFilterAsync>g__Awaited|25_0(ResourceInvoker invoker, Task lastTask, State next, Scope scope, Object state, Boolean isCompleted)
[09:09:54 INF] Executing ObjectResult, writing value of type '<>f__AnonymousType0`2[[System.String, System.Private.CoreLib, Version=4.0.0.0, Culture=neutral, PublicKeyToken=7cec85d7bea7798e],[System.String, System.Private.CoreLib, Version=4.0.0.0, Culture=neutral, PublicKeyToken=7cec85d7bea7798e]]'.
[09:09:54 INF] Executed action RegistroVotantes.Api.Controllers.VotantesController.RegistroVotante (RegistroVotantes.Api) in 95.0047ms
[09:09:54 INF] Executed endpoint 'RegistroVotantes.Api.Controllers.VotantesController.RegistroVotante (RegistroVotantes.Api)'
[09:09:54 INF] Request finished in 120.1746ms 500 application/json; charset=utf-8
' in inProgress list.
TpTrace Verbose: 0 : 7784, 5, 2021/04/25, 09:09:54.313, 1007363524410, testhost.dll, TestExecutionRecorder.RecordStart: Starting test: Api.Test.VotanteControllerTest.PostPersonErrorNacionalidad.
TpTrace Information: 0 : 7784, 5, 2021/04/25, 09:09:54.314, 1007363529914, testhost.dll, Sending test run statistics
TpTrace Verbose: 0 : 7784, 5, 2021/04/25, 09:09:54.316, 1007363553274, testhost.dll, TestRequestHandler.SendData:  sending data from testhost: {"Version":2,"MessageType":"TestExecution.StatsChange","Payload":{"NewTestResults":[{"TestCase":{"Id":"951e73d4-4e89-5dd7-d79e-54eed1ea4cf1","FullyQualifiedName":"Api.Test.VotanteControllerTest.PostPersonErrorFecha","DisplayName":"PostPersonErrorFecha","ExecutorUri":"executor://MSTestAdapter/v2","Source":"C:\\Users\\julian.henao\\Desktop\\RegistroVotantes\\RegistroVotantes\\RegistroVotantes.Api.Tests\\bin\\Debug\\netcoreapp3.1\\fine-code-coverage\\build-output\\RegistroVotantes.Api.Tests.dll","CodeFilePath":null,"LineNumber":-1,"Properties":[{"Key":{"Id":"MSTestDiscoverer.TestClassName","Label":"ClassName","Category":"","Description":"","Attributes":1,"ValueType":"System.String"},"Value":"Api.Test.VotanteControllerTest"},{"Key":{"Id":"TestObject.Traits","Label":"Traits","Category":"","Description":"","Attributes":5,"ValueType":"System.Collections.Generic.KeyValuePair`2[[System.String],[System.String]][]"},"Value":[]}]},"Attachments":[],"Outcome":1,"ErrorMessage":null,"ErrorStackTrace":null,"DisplayName":null,"Messages":[{"Category":"StdOutMsgs","Text":"[09:09:54 INF] Application started. Press Ctrl+C to shut down.\r\n[09:09:54 INF] Hosting environment: Development\r\n[09:09:54 INF] Content root path: C:\\Users\\julian.henao\\Desktop\\RegistroVotantes\\RegistroVotantes\\RegistroVotantes.Api\r\n[09:09:54 INF] Request starting HTTP/1.1 POST http://localhost/api/votantes application/json; charset=utf-8 \r\n[09:09:54 WRN] Failed to determine the https port for redirect.\r\n[09:09:54 INF] Executing endpoint 'RegistroVotantes.Api.Controllers.VotantesController.RegistroVotante (RegistroVotantes.Api)'\r\n[09:09:54 INF] Route matched with {action = \"RegistroVotante\", controller = \"Votantes\"}. Executing controller action with signature System.Threading.Tasks.Task`1[System.Object] RegistroVotante(RegistroVotantes.Domain.Entities.Votante) on controller RegistroVotantes.Api.Controllers.VotantesController (RegistroVotantes.Api).\r\n[09:09:54 ERR] No puede votar por ser menor de 18 años\r\nSystem.Exception: No puede votar por ser menor de 18 años\r\n   at RegistroVotantes.Domain.Services.ServicioValidacionVotante.EdadMinima(DateTime entonces) in C:\\Users\\julian.henao\\Desktop\\RegistroVotantes\\RegistroVotantes\\RegistroVotantes.Domain\\Services\\ServicioValidacionVotante.cs:line 30\r\n   at RegistroVotantes.Domain.Services.ServicioValidacionVotante.RegistrarVotante(Votante v) in C:\\Users\\julian.henao\\Desktop\\RegistroVotantes\\RegistroVotantes\\RegistroVotantes.Domain\\Services\\ServicioValidacionVotante.cs:line 20\r\n   at RegistroVotantes.Api.Controllers.VotantesController.RegistroVotante(Votante v) in C:\\Users\\julian.henao\\Desktop\\RegistroVotantes\\RegistroVotantes\\RegistroVotantes.Api\\Controllers\\VotantesController.cs:line 30\r\n   at lambda_method(Closure , Object )\r\n   at Microsoft.Extensions.Internal.ObjectMethodExecutorAwaitable.Awaiter.GetResult()\r\n   at Microsoft.AspNetCore.Mvc.Infrastructure.ActionMethodExecutor.AwaitableObjectResultExecutor.Execute(IActionResultTypeMapper mapper, ObjectMethodExecutor executor, Object controller, Object[] arguments)\r\n   at Microsoft.AspNetCore.Mvc.Infrastructure.ControllerActionInvoker.<InvokeActionMethodAsync>g__Awaited|12_0(ControllerActionInvoker invoker, ValueTask`1 actionResultValueTask)\r\n   at Microsoft.AspNetCore.Mvc.Infrastructure.ControllerActionInvoker.<InvokeNextActionFilterAsync>g__Awaited|10_0(ControllerActionInvoker invoker, Task lastTask, State next, Scope scope, Object state, Boolean isCompleted)\r\n   at Microsoft.AspNetCore.Mvc.Infrastructure.ControllerActionInvoker.Rethrow(ActionExecutedContextSealed context)\r\n   at Microsoft.AspNetCore.Mvc.Infrastructure.ControllerActionInvoker.Next(State& next, Scope& scope, Object& state, Boolean& isCompleted)\r\n   at Microsoft.AspNetCore.Mvc.Infrastructure.ControllerActionInvoker.InvokeInnerFilterAsync()\r\n--- End of stack trace from previous location where exception was thrown ---\r\n   at Microsoft.AspNetCore.Mvc.Infrastructure.ResourceInvoker.<InvokeNextExceptionFilterAsync>g__Awaited|25_0(ResourceInvoker invoker, Task lastTask, State next, Scope scope, Object state, Boolean isCompleted)\r\n[09:09:54 INF] Executing ObjectResult, writing value of type '<>f__AnonymousType0`2[[System.String, System.Private.CoreLib, Version=4.0.0.0, Culture=neutral, PublicKeyToken=7cec85d7bea7798e],[System.String, System.Private.CoreLib, Version=4.0.0.0, Culture=neutral, PublicKeyToken=7cec85d7bea7798e]]'.\r\n[09:09:54 INF] Executed action RegistroVotantes.Api.Controllers.VotantesController.RegistroVotante (RegistroVotantes.Api) in 95.0047ms\r\n[09:09:54 INF] Executed endpoint 'RegistroVotantes.Api.Controllers.VotantesController.RegistroVotante (RegistroVotantes.Api)'\r\n[09:09:54 INF] Request finished in 120.1746ms 500 application/json; charset=utf-8\r\n"}],"ComputerName":null,"Duration":"00:00:04.2542516","StartTime":"2021-04-25T09:09:50.0475587-05:00","EndTime":"2021-04-25T09:09:54.3033174-05:00","Properties":[{"Key":{"Id":"ExecutionId","Label":"ExecutionId","Category":"","Description":"","Attributes":1,"ValueType":"System.Guid"},"Value":"00000000-0000-0000-0000-000000000000"},{"Key":{"Id":"ParentExecId","Label":"ParentExecId","Category":"","Description":"","Attributes":1,"ValueType":"System.Guid"},"Value":"00000000-0000-0000-0000-000000000000"},{"Key":{"Id":"InnerResultsCount","Label":"InnerResultsCount","Category":"","Description":"","Attributes":1,"ValueType":"System.Int32"},"Value":0}]}],"TestRunStatistics":{"ExecutedTests":3,"Stats":{"Passed":3}},"ActiveTests":[{"Id":"3dd22e47-4d09-c2cb-4e84-e4f319474626","FullyQualifiedName":"Api.Test.VotanteControllerTest.PostPersonErrorNacionalidad","DisplayName":"PostPersonErrorNacionalidad","ExecutorUri":"executor://MSTestAdapter/v2","Source":"C:\\Users\\julian.henao\\Desktop\\RegistroVotantes\\RegistroVotantes\\RegistroVotantes.Api.Tests\\bin\\Debug\\netcoreapp3.1\\fine-code-coverage\\build-output\\RegistroVotantes.Api.Tests.dll","CodeFilePath":null,"LineNumber":-1,"Properties":[{"Key":{"Id":"MSTestDiscoverer.TestClassName","Label":"ClassName","Category":"","Description":"","Attributes":1,"ValueType":"System.String"},"Value":"Api.Test.VotanteControllerTest"},{"Key":{"Id":"TestObject.Traits","Label":"Traits","Category":"","Description":"","Attributes":5,"ValueType":"System.Collections.Generic.KeyValuePair`2[[System.String],[System.String]][]"},"Value":[]}]}]}}
TpTrace Verbose: 0 : 7784, 5, 2021/04/25, 09:09:54.318, 1007363574702, testhost.dll, TestRunCache: OnNewTestResult: Notified the onCacheHit callback.
TpTrace Verbose: 0 : 7784, 10, 2021/04/25, 09:09:54.630, 1007366691250, testhost.dll, TcpClientExtensions.MessageLoopAsync: Polling on remoteEndPoint: [::ffff:127.0.0.1]:53027 localEndPoint: [::ffff:127.0.0.1]:53029
TpTrace Verbose: 0 : 7784, 10, 2021/04/25, 09:09:55.632, 1007376710763, testhost.dll, TcpClientExtensions.MessageLoopAsync: Polling on remoteEndPoint: [::ffff:127.0.0.1]:53027 localEndPoint: [::ffff:127.0.0.1]:53029
TpTrace Verbose: 0 : 7784, 10, 2021/04/25, 09:09:56.633, 1007386722903, testhost.dll, TcpClientExtensions.MessageLoopAsync: Polling on remoteEndPoint: [::ffff:127.0.0.1]:53027 localEndPoint: [::ffff:127.0.0.1]:53029
TpTrace Verbose: 0 : 7784, 10, 2021/04/25, 09:09:57.635, 1007396740767, testhost.dll, TcpClientExtensions.MessageLoopAsync: Polling on remoteEndPoint: [::ffff:127.0.0.1]:53027 localEndPoint: [::ffff:127.0.0.1]:53029
TpTrace Verbose: 0 : 7784, 5, 2021/04/25, 09:09:58.528, 1007405675255, testhost.dll, TestExecutionRecorder.RecordEnd: test: Api.Test.VotanteControllerTest.PostPersonErrorNacionalidad execution completed.
TpTrace Warning: 0 : 7784, 5, 2021/04/25, 09:09:58.529, 1007405684213, testhost.dll, InProgressTests is null
TpTrace Verbose: 0 : 7784, 5, 2021/04/25, 09:09:58.537, 1007405766193, testhost.dll, TestExecutionRecorder.RecordResult: Received result for test: Api.Test.VotanteControllerTest.PostPersonErrorNacionalidad.
TpTrace Warning: 0 : 7784, 5, 2021/04/25, 09:09:58.538, 1007405776127, testhost.dll, InProgressTests is null
TpTrace Warning: 0 : 7784, 5, 2021/04/25, 09:09:58.539, 1007405783689, testhost.dll, TestRunCache: No test found corresponding to testResult 'PostPersonErrorNacionalidad  Correctas
  Mensajes de prueba:
  StdOutMsgs:
[09:09:58 INF] Application started. Press Ctrl+C to shut down.
[09:09:58 INF] Hosting environment: Development
[09:09:58 INF] Content root path: C:\Users\julian.henao\Desktop\RegistroVotantes\RegistroVotantes\RegistroVotantes.Api
[09:09:58 INF] Request starting HTTP/1.1 POST http://localhost/api/votantes application/json; charset=utf-8 
[09:09:58 WRN] Failed to determine the https port for redirect.
[09:09:58 INF] Executing endpoint 'RegistroVotantes.Api.Controllers.VotantesController.RegistroVotante (RegistroVotantes.Api)'
[09:09:58 INF] Route matched with {action = "RegistroVotante", controller = "Votantes"}. Executing controller action with signature System.Threading.Tasks.Task`1[System.Object] RegistroVotante(RegistroVotantes.Domain.Entities.Votante) on controller RegistroVotantes.Api.Controllers.VotantesController (RegistroVotantes.Api).
[09:09:58 ERR] No puede votar por no ser colombiano
System.Exception: No puede votar por no ser colombiano
   at RegistroVotantes.Domain.Services.ServicioValidacionVotante.EsNacional(String nacionalidad) in C:\Users\julian.henao\Desktop\RegistroVotantes\RegistroVotantes\RegistroVotantes.Domain\Services\ServicioValidacionVotante.cs:line 40
   at RegistroVotantes.Domain.Services.ServicioValidacionVotante.RegistrarVotante(Votante v) in C:\Users\julian.henao\Desktop\RegistroVotantes\RegistroVotantes\RegistroVotantes.Domain\Services\ServicioValidacionVotante.cs:line 21
   at RegistroVotantes.Api.Controllers.VotantesController.RegistroVotante(Votante v) in C:\Users\julian.henao\Desktop\RegistroVotantes\RegistroVotantes\RegistroVotantes.Api\Controllers\VotantesController.cs:line 30
   at lambda_method(Closure , Object )
   at Microsoft.Extensions.Internal.ObjectMethodExecutorAwaitable.Awaiter.GetResult()
   at Microsoft.AspNetCore.Mvc.Infrastructure.ActionMethodExecutor.AwaitableObjectResultExecutor.Execute(IActionResultTypeMapper mapper, ObjectMethodExecutor executor, Object controller, Object[] arguments)
   at Microsoft.AspNetCore.Mvc.Infrastructure.ControllerActionInvoker.<InvokeActionMethodAsync>g__Awaited|12_0(ControllerActionInvoker invoker, ValueTask`1 actionResultValueTask)
   at Microsoft.AspNetCore.Mvc.Infrastructure.ControllerActionInvoker.<InvokeNextActionFilterAsync>g__Awaited|10_0(ControllerActionInvoker invoker, Task lastTask, State next, Scope scope, Object state, Boolean isCompleted)
   at Microsoft.AspNetCore.Mvc.Infrastructure.ControllerActionInvoker.Rethrow(ActionExecutedContextSealed context)
   at Microsoft.AspNetCore.Mvc.Infrastructure.ControllerActionInvoker.Next(State& next, Scope& scope, Object& state, Boolean& isCompleted)
   at Microsoft.AspNetCore.Mvc.Infrastructure.ControllerActionInvoker.InvokeInnerFilterAsync()
--- End of stack trace from previous location where exception was thrown ---
   at Microsoft.AspNetCore.Mvc.Infrastructure.ResourceInvoker.<InvokeNextExceptionFilterAsync>g__Awaited|25_0(ResourceInvoker invoker, Task lastTask, State next, Scope scope, Object state, Boolean isCompleted)
[09:09:58 INF] Executing ObjectResult, writing value of type '<>f__AnonymousType0`2[[System.String, System.Private.CoreLib, Version=4.0.0.0, Culture=neutral, PublicKeyToken=7cec85d7bea7798e],[System.String, System.Private.CoreLib, Version=4.0.0.0, Culture=neutral, PublicKeyToken=7cec85d7bea7798e]]'.
[09:09:58 INF] Executed action RegistroVotantes.Api.Controllers.VotantesController.RegistroVotante (RegistroVotantes.Api) in 18.2733ms
[09:09:58 INF] Executed endpoint 'RegistroVotantes.Api.Controllers.VotantesController.RegistroVotante (RegistroVotantes.Api)'
[09:09:58 INF] Request finished in 40.6611ms 500 application/json; charset=utf-8
' in inProgress list.
TpTrace Verbose: 0 : 7784, 5, 2021/04/25, 09:09:58.551, 1007405906380, testhost.dll, BaseRunTests.RunTestInternalWithExecutors: Completed running tests for executor://MSTestAdapter/v2
TpTrace Information: 0 : 7784, 5, 2021/04/25, 09:09:58.564, 1007406037412, testhost.dll, Sending test run complete
TpTrace Verbose: 0 : 7784, 5, 2021/04/25, 09:09:58.599, 1007406384917, testhost.dll, TestRequestHandler.SendData:  sending data from testhost: {"Version":2,"MessageType":"TestExecution.Completed","Payload":{"TestRunCompleteArgs":{"TestRunStatistics":{"ExecutedTests":4,"Stats":{"Passed":4}},"IsCanceled":false,"IsAborted":false,"Error":null,"AttachmentSets":[],"ElapsedTimeInRunningTests":"00:00:19.6625705","Metrics":{}},"LastRunTests":{"NewTestResults":[{"TestCase":{"Id":"3dd22e47-4d09-c2cb-4e84-e4f319474626","FullyQualifiedName":"Api.Test.VotanteControllerTest.PostPersonErrorNacionalidad","DisplayName":"PostPersonErrorNacionalidad","ExecutorUri":"executor://MSTestAdapter/v2","Source":"C:\\Users\\julian.henao\\Desktop\\RegistroVotantes\\RegistroVotantes\\RegistroVotantes.Api.Tests\\bin\\Debug\\netcoreapp3.1\\fine-code-coverage\\build-output\\RegistroVotantes.Api.Tests.dll","CodeFilePath":null,"LineNumber":-1,"Properties":[{"Key":{"Id":"MSTestDiscoverer.TestClassName","Label":"ClassName","Category":"","Description":"","Attributes":1,"ValueType":"System.String"},"Value":"Api.Test.VotanteControllerTest"},{"Key":{"Id":"TestObject.Traits","Label":"Traits","Category":"","Description":"","Attributes":5,"ValueType":"System.Collections.Generic.KeyValuePair`2[[System.String],[System.String]][]"},"Value":[]}]},"Attachments":[],"Outcome":1,"ErrorMessage":null,"ErrorStackTrace":null,"DisplayName":null,"Messages":[{"Category":"StdOutMsgs","Text":"[09:09:58 INF] Application started. Press Ctrl+C to shut down.\r\n[09:09:58 INF] Hosting environment: Development\r\n[09:09:58 INF] Content root path: C:\\Users\\julian.henao\\Desktop\\RegistroVotantes\\RegistroVotantes\\RegistroVotantes.Api\r\n[09:09:58 INF] Request starting HTTP/1.1 POST http://localhost/api/votantes application/json; charset=utf-8 \r\n[09:09:58 WRN] Failed to determine the https port for redirect.\r\n[09:09:58 INF] Executing endpoint 'RegistroVotantes.Api.Controllers.VotantesController.RegistroVotante (RegistroVotantes.Api)'\r\n[09:09:58 INF] Route matched with {action = \"RegistroVotante\", controller = \"Votantes\"}. Executing controller action with signature System.Threading.Tasks.Task`1[System.Object] RegistroVotante(RegistroVotantes.Domain.Entities.Votante) on controller RegistroVotantes.Api.Controllers.VotantesController (RegistroVotantes.Api).\r\n[09:09:58 ERR] No puede votar por no ser colombiano\r\nSystem.Exception: No puede votar por no ser colombiano\r\n   at RegistroVotantes.Domain.Services.ServicioValidacionVotante.EsNacional(String nacionalidad) in C:\\Users\\julian.henao\\Desktop\\RegistroVotantes\\RegistroVotantes\\RegistroVotantes.Domain\\Services\\ServicioValidacionVotante.cs:line 40\r\n   at RegistroVotantes.Domain.Services.ServicioValidacionVotante.RegistrarVotante(Votante v) in C:\\Users\\julian.henao\\Desktop\\RegistroVotantes\\RegistroVotantes\\RegistroVotantes.Domain\\Services\\ServicioValidacionVotante.cs:line 21\r\n   at RegistroVotantes.Api.Controllers.VotantesController.RegistroVotante(Votante v) in C:\\Users\\julian.henao\\Desktop\\RegistroVotantes\\RegistroVotantes\\RegistroVotantes.Api\\Controllers\\VotantesController.cs:line 30\r\n   at lambda_method(Closure , Object )\r\n   at Microsoft.Extensions.Internal.ObjectMethodExecutorAwaitable.Awaiter.GetResult()\r\n   at Microsoft.AspNetCore.Mvc.Infrastructure.ActionMethodExecutor.AwaitableObjectResultExecutor.Execute(IActionResultTypeMapper mapper, ObjectMethodExecutor executor, Object controller, Object[] arguments)\r\n   at Microsoft.AspNetCore.Mvc.Infrastructure.ControllerActionInvoker.<InvokeActionMethodAsync>g__Awaited|12_0(ControllerActionInvoker invoker, ValueTask`1 actionResultValueTask)\r\n   at Microsoft.AspNetCore.Mvc.Infrastructure.ControllerActionInvoker.<InvokeNextActionFilterAsync>g__Awaited|10_0(ControllerActionInvoker invoker, Task lastTask, State next, Scope scope, Object state, Boolean isCompleted)\r\n   at Microsoft.AspNetCore.Mvc.Infrastructure.ControllerActionInvoker.Rethrow(ActionExecutedContextSealed context)\r\n   at Microsoft.AspNetCore.Mvc.Infrastructure.ControllerActionInvoker.Next(State& next, Scope& scope, Object& state, Boolean& isCompleted)\r\n   at Microsoft.AspNetCore.Mvc.Infrastructure.ControllerActionInvoker.InvokeInnerFilterAsync()\r\n--- End of stack trace from previous location where exception was thrown ---\r\n   at Microsoft.AspNetCore.Mvc.Infrastructure.ResourceInvoker.<InvokeNextExceptionFilterAsync>g__Awaited|25_0(ResourceInvoker invoker, Task lastTask, State next, Scope scope, Object state, Boolean isCompleted)\r\n[09:09:58 INF] Executing ObjectResult, writing value of type '<>f__AnonymousType0`2[[System.String, System.Private.CoreLib, Version=4.0.0.0, Culture=neutral, PublicKeyToken=7cec85d7bea7798e],[System.String, System.Private.CoreLib, Version=4.0.0.0, Culture=neutral, PublicKeyToken=7cec85d7bea7798e]]'.\r\n[09:09:58 INF] Executed action RegistroVotantes.Api.Controllers.VotantesController.RegistroVotante (RegistroVotantes.Api) in 18.2733ms\r\n[09:09:58 INF] Executed endpoint 'RegistroVotantes.Api.Controllers.VotantesController.RegistroVotante (RegistroVotantes.Api)'\r\n[09:09:58 INF] Request finished in 40.6611ms 500 application/json; charset=utf-8\r\n"}],"ComputerName":null,"Duration":"00:00:04.1991686","StartTime":"2021-04-25T09:09:54.3272781-05:00","EndTime":"2021-04-25T09:09:58.5285317-05:00","Properties":[{"Key":{"Id":"ExecutionId","Label":"ExecutionId","Category":"","Description":"","Attributes":1,"ValueType":"System.Guid"},"Value":"00000000-0000-0000-0000-000000000000"},{"Key":{"Id":"ParentExecId","Label":"ParentExecId","Category":"","Description":"","Attributes":1,"ValueType":"System.Guid"},"Value":"00000000-0000-0000-0000-000000000000"},{"Key":{"Id":"InnerResultsCount","Label":"InnerResultsCount","Category":"","Description":"","Attributes":1,"ValueType":"System.Int32"},"Value":0}]}],"TestRunStatistics":{"ExecutedTests":4,"Stats":{"Passed":4}},"ActiveTests":[]},"RunAttachments":[],"ExecutorUris":["executor://mstestadapter/v2"]}}
TpTrace Verbose: 0 : 7784, 5, 2021/04/25, 09:09:58.602, 1007406407697, testhost.dll, BaseRunTests.RunTests: Run is complete.
TpTrace Verbose: 0 : 7784, 10, 2021/04/25, 09:09:58.604, 1007406431475, testhost.dll, TcpClientExtensions.MessageLoopAsync: NotifyDataAvailable remoteEndPoint: [::ffff:127.0.0.1]:53027 localEndPoint: [::ffff:127.0.0.1]:53029
TpTrace Information: 0 : 7784, 10, 2021/04/25, 09:09:58.605, 1007406442319, testhost.dll, TestRequestHandler.ProcessRequests: received message: (TestSession.Terminate) -> null
TpTrace Information: 0 : 7784, 10, 2021/04/25, 09:09:58.606, 1007406447401, testhost.dll, Session End message received from server. Closing the connection.
TpTrace Information: 0 : 7784, 10, 2021/04/25, 09:09:58.608, 1007406472335, testhost.dll, SocketClient.Stop: Stop communication from server endpoint: 127.0.0.1:053027
TpTrace Information: 0 : 7784, 10, 2021/04/25, 09:09:58.609, 1007406479660, testhost.dll, SocketClient: Stop: Cancellation requested. Stopping message loop.
TpTrace Verbose: 0 : 7784, 10, 2021/04/25, 09:09:58.610, 1007406492095, testhost.dll, LengthPrefixCommunicationChannel.Dispose: Dispose reader and writer.
TpTrace Information: 0 : 7784, 1, 2021/04/25, 09:09:58.610, 1007406496487, testhost.dll, Closing the connection !
TpTrace Information: 0 : 7784, 10, 2021/04/25, 09:09:58.611, 1007406499878, testhost.dll, Closing the connection !
TpTrace Information: 0 : 7784, 1, 2021/04/25, 09:09:58.612, 1007406509700, testhost.dll, SocketClient.Stop: Stop communication from server endpoint: 127.0.0.1:053027
TpTrace Information: 0 : 7784, 1, 2021/04/25, 09:09:58.613, 1007406524406, testhost.dll, SocketClient: Stop: Cancellation requested. Stopping message loop.
TpTrace Verbose: 0 : 7784, 1, 2021/04/25, 09:09:58.614, 1007406530828, testhost.dll, LengthPrefixCommunicationChannel.Dispose: Dispose reader and writer.
TpTrace Information: 0 : 7784, 10, 2021/04/25, 09:09:58.614, 1007406528403, testhost.dll, SocketClient.PrivateStop: Stop communication from server endpoint: 127.0.0.1:053027, error:
TpTrace Information: 0 : 7784, 1, 2021/04/25, 09:09:58.615, 1007406539072, testhost.dll, Testhost process exiting.
TpTrace Verbose: 0 : 7784, 10, 2021/04/25, 09:09:58.615, 1007406545266, testhost.dll, LengthPrefixCommunicationChannel.Dispose: Dispose reader and writer.
TpTrace Verbose: 0 : 7784, 10, 2021/04/25, 09:09:58.617, 1007406557817, testhost.dll, TcpClientExtensions.MessageLoopAsync: exiting MessageLoopAsync remoteEndPoint: [::ffff:127.0.0.1]:53027 localEndPoint: [::ffff:127.0.0.1]:53029
